================================================================================
CHOROPLETH PLOT GENERATOR
================================================================================

Loading result files...
Found 6 Farm scenarios
Found 12 Patch scenarios

Using provided coordinates for Pulo Panjang (no geocoding)...
  ✓ Created island bbox centered at (-5.930944, 106.153278)

================================================================================
Processing Farm scenarios
================================================================================

Generating map for: Farm_DWave_config_25_run_1.json
  ✓ Saved to: choropleth_outputs/choropleth_Farm_DWave_config_25_run_1.html

Generating map for: Farm_DWave_config_15_run_1.json
  ✓ Saved to: choropleth_outputs/choropleth_Farm_DWave_config_15_run_1.html

Generating map for: Farm_DWave_config_10_run_1.json
  ✓ Saved to: choropleth_outputs/choropleth_Farm_DWave_config_10_run_1.html

Generating map for: Farm_PuLP_config_25_run_1.json
  ✓ Saved to: choropleth_outputs/choropleth_Farm_PuLP_config_25_run_1.html

Generating map for: Farm_PuLP_config_15_run_1.json
  ✓ Saved to: choropleth_outputs/choropleth_Farm_PuLP_config_15_run_1.html

Generating map for: Farm_PuLP_config_10_run_1.json
  ✓ Saved to: choropleth_outputs/choropleth_Farm_PuLP_config_10_run_1.html

================================================================================
Processing Patch scenarios
================================================================================

Generating map for: Patch_DWaveBQM_config_25_run_1.json
  ✓ Saved to: choropleth_outputs/choropleth_Patch_DWaveBQM_config_25_run_1.html

Generating map for: Patch_DWaveBQM_config_15_run_1.json
  ✓ Saved to: choropleth_outputs/choropleth_Patch_DWaveBQM_config_15_run_1.html

Generating map for: Patch_DWaveBQM_config_10_run_1.json
  ✓ Saved to: choropleth_outputs/choropleth_Patch_DWaveBQM_config_10_run_1.html

Generating map for: Patch_PuLP_config_25_run_1.json
  ✓ Saved to: choropleth_outputs/choropleth_Patch_PuLP_config_25_run_1.html

Generating map for: Patch_PuLP_config_15_run_1.json
  ✓ Saved to: choropleth_outputs/choropleth_Patch_PuLP_config_15_run_1.html

Generating map for: Patch_PuLP_config_10_run_1.json
  ✓ Saved to: choropleth_outputs/choropleth_Patch_PuLP_config_10_run_1.html

Generating map for: Patch_GurobiQUBO_config_25_run_1.json
  ✓ Saved to: choropleth_outputs/choropleth_Patch_GurobiQUBO_config_25_run_1.html

Generating map for: Patch_GurobiQUBO_config_15_run_1.json
  ✓ Saved to: choropleth_outputs/choropleth_Patch_GurobiQUBO_config_15_run_1.html

Generating map for: Patch_GurobiQUBO_config_10_run_1.json
  ✓ Saved to: choropleth_outputs/choropleth_Patch_GurobiQUBO_config_10_run_1.html

Generating map for: Patch_DWave_config_25_run_1.json
  ✓ Saved to: choropleth_outputs/choropleth_Patch_DWave_config_25_run_1.html

Generating map for: Patch_DWave_config_15_run_1.json
  ✓ Saved to: choropleth_outputs/choropleth_Patch_DWave_config_15_run_1.html

Generating map for: Patch_DWave_config_10_run_1.json
  ✓ Saved to: choropleth_outputs/choropleth_Patch_DWave_config_10_run_1.html

================================================================================
COMPLETE!
Maps saved to: choropleth_outputs/
================================================================================
