================================================================================
HIERARCHICAL STATISTICAL COMPARISON: Quantum vs Classical
================================================================================

📊 Publication-Quality Benchmark for Technical Paper
📈 Continuation of statistical_comparison_test.py (scaling to 25-100 farms)

================================================================================

[1/5] Importing core libraries...
[2/5] Importing optimization libraries...
  ✓ Gurobi available
[3/5] Importing D-Wave libraries...
  ✓ D-Wave QPU available
[4/5] Importing hierarchical solver...
[HierarchicalSolver] Loading modules...
  ✓ QPU available (DWaveCliqueSampler)
[HierarchicalSolver] Ready!
[5/5] Setup complete!


================================================================================
PUBLICATION-QUALITY STATISTICAL COMPARISON
Hierarchical Quantum-Classical Solver vs Gurobi
================================================================================

⚠️  This will use D-Wave QPU access. Continue? (yes/no): 
================================================================================
STARTING HIERARCHICAL STATISTICAL BENCHMARK
================================================================================

Test configuration:
  Scenarios: 17
  Runs per method: 1
  QPU reads: 100
  Boundary iterations: 3
  Gurobi timeout: 300s

Output directory: /Users/edoardospigarolo/Documents/OQI-UC002-DWave/@todo/hierarchical_statistical_results
================================================================================

================================================================================
SCENARIO 1/17: rotation_micro_25
================================================================================

  [1/3] Loading data...
    Loading scenario: rotation_micro_25 (5 farms, 6 foods)...
Generated 250 farms for rotation_250farms_27foods
Total land: 1187.91 ha
    ✓ Loaded: 5 farms × 5 foods × 3 periods
      Variables: 75

  [2/3] Skipping Gurobi (skip_gurobi=True)

  [3/3] Running Hierarchical QPU (1 runs)...
    Run 1/1:
      Hierarchical decomposition: 1 clusters of ~5 farms
      Cluster size: 90 vars (comparable to statistical test)
      QPU settings: 100 reads, 3 iterations
      ✓ Hierarchical QPU: 7.3s
        Level 1 (agg+decomp): 0.000s
        Level 2 (QPU): 7.3s (QPU access: 0.11s)
        Level 3 (post-process): 0.000s
        Objective BEFORE post-process: 6.8638
        Objective AFTER post-process:  6.8638 (+0.0000, +0.0%)
        Unique crops: 0/5

  Computing statistics for rotation_micro_25...

  ✅ rotation_micro_25 summary:
    Quantum: 7.3s
    Obj before PP: 6.8638
    Obj after PP:  6.8638 (+0.0%)
    QPU: 0.11s, Crops: 0/6

================================================================================
SCENARIO 2/17: rotation_small_50
================================================================================

  [1/3] Loading data...
    Loading scenario: rotation_small_50 (10 farms, 6 foods)...
Generated 250 farms for rotation_250farms_27foods
Total land: 1187.91 ha
    ✓ Loaded: 10 farms × 5 foods × 3 periods
      Variables: 150

  [2/3] Skipping Gurobi (skip_gurobi=True)

  [3/3] Running Hierarchical QPU (1 runs)...
    Run 1/1:
      Hierarchical decomposition: 2 clusters of ~5 farms
      Cluster size: 90 vars (comparable to statistical test)
      QPU settings: 100 reads, 3 iterations
      ✓ Hierarchical QPU: 13.8s
        Level 1 (agg+decomp): 0.000s
        Level 2 (QPU): 13.8s (QPU access: 0.23s)
        Level 3 (post-process): 0.000s
        Objective BEFORE post-process: 11.3077
        Objective AFTER post-process:  11.3077 (+0.0000, +0.0%)
        Unique crops: 0/5

  Computing statistics for rotation_small_50...

  ✅ rotation_small_50 summary:
    Quantum: 13.8s
    Obj before PP: 11.3077
    Obj after PP:  11.3077 (+0.0%)
    QPU: 0.23s, Crops: 0/6

================================================================================
SCENARIO 3/17: rotation_15farms_6foods
================================================================================

  [1/3] Loading data...
    Loading scenario: rotation_15farms_6foods (15 farms, 6 foods)...
Generated 250 farms for rotation_250farms_27foods
Total land: 1187.91 ha
    ✓ Loaded: 15 farms × 5 foods × 3 periods
      Variables: 225

  [2/3] Skipping Gurobi (skip_gurobi=True)

  [3/3] Running Hierarchical QPU (1 runs)...
    Run 1/1:
