\BOOKMARK [1][-]{section.1}{\376\377\000E\000x\000e\000c\000u\000t\000i\000v\000e\000\040\000S\000u\000m\000m\000a\000r\000y}{}% 1
\BOOKMARK [1][-]{section.2}{\376\377\000P\000r\000o\000b\000l\000e\000m\000\040\000F\000o\000r\000m\000u\000l\000a\000t\000i\000o\000n\000:\000\040\000V\000a\000r\000i\000a\000n\000t\000\040\000B\000\040\000M\000u\000l\000t\000i\000-\000P\000e\000r\000i\000o\000d\000\040\000R\000o\000t\000a\000t\000i\000o\000n}{}% 2
\BOOKMARK [2][-]{subsection.2.1}{\376\377\000D\000e\000c\000i\000s\000i\000o\000n\000\040\000V\000a\000r\000i\000a\000b\000l\000e\000s}{section.2}% 3
\BOOKMARK [2][-]{subsection.2.2}{\376\377\000O\000b\000j\000e\000c\000t\000i\000v\000e\000\040\000F\000u\000n\000c\000t\000i\000o\000n}{section.2}% 4
\BOOKMARK [3][-]{subsubsection.2.2.1}{\376\377\000B\000a\000s\000e\000\040\000B\000e\000n\000e\000f\000i\000t\000\040\000\050\000L\000i\000n\000e\000a\000r\000\051}{subsection.2.2}% 5
\BOOKMARK [3][-]{subsubsection.2.2.2}{\376\377\000T\000e\000m\000p\000o\000r\000a\000l\000\040\000S\000y\000n\000e\000r\000g\000y\000\040\000\050\000Q\000u\000a\000d\000r\000a\000t\000i\000c\000\051}{subsection.2.2}% 6
\BOOKMARK [3][-]{subsubsection.2.2.3}{\376\377\000S\000p\000a\000t\000i\000a\000l\000\040\000S\000y\000n\000e\000r\000g\000y\000\040\000\050\000Q\000u\000a\000d\000r\000a\000t\000i\000c\000\051}{subsection.2.2}% 7
\BOOKMARK [3][-]{subsubsection.2.2.4}{\376\377\000O\000n\000e\000-\000H\000o\000t\000\040\000P\000e\000n\000a\000l\000t\000y\000\040\000\050\000Q\000u\000a\000d\000r\000a\000t\000i\000c\000\051}{subsection.2.2}% 8
\BOOKMARK [3][-]{subsubsection.2.2.5}{\376\377\000D\000i\000v\000e\000r\000s\000i\000t\000y\000\040\000B\000o\000n\000u\000s\000\040\000\050\000L\000i\000n\000e\000a\000r\000\051}{subsection.2.2}% 9
\BOOKMARK [2][-]{subsection.2.3}{\376\377\000M\000o\000d\000e\000l\000\040\000P\000a\000r\000a\000m\000e\000t\000e\000r\000s}{section.2}% 10
\BOOKMARK [2][-]{subsection.2.4}{\376\377\000B\000Q\000M\000\040\000C\000o\000n\000v\000e\000r\000s\000i\000o\000n}{section.2}% 11
\BOOKMARK [1][-]{section.3}{\376\377\000Q\000P\000U\000\040\000M\000o\000d\000e\000\040\000I\000m\000p\000l\000e\000m\000e\000n\000t\000a\000t\000i\000o\000n\000s}{}% 12
\BOOKMARK [2][-]{subsection.3.1}{\376\377\000M\000o\000d\000e\000\040\0001\000:\000\040\000q\000p\000u\000-\000n\000a\000t\000i\000v\000e\000-\0006\000-\000f\000a\000m\000i\000l\000y}{section.3}% 13
\BOOKMARK [3][-]{subsubsection.3.1.1}{\376\377\000D\000e\000s\000c\000r\000i\000p\000t\000i\000o\000n}{subsection.3.1}% 14
\BOOKMARK [3][-]{subsubsection.3.1.2}{\376\377\000L\000i\000n\000e\000a\000r\000\040\000B\000i\000a\000s\000\040\000C\000o\000n\000s\000t\000r\000u\000c\000t\000i\000o\000n}{subsection.3.1}% 15
\BOOKMARK [3][-]{subsubsection.3.1.3}{\376\377\000T\000e\000m\000p\000o\000r\000a\000l\000\040\000S\000y\000n\000e\000r\000g\000y\000\040\000C\000o\000u\000p\000l\000i\000n\000g}{subsection.3.1}% 16
\BOOKMARK [3][-]{subsubsection.3.1.4}{\376\377\000S\000p\000a\000t\000i\000a\000l\000\040\000S\000y\000n\000e\000r\000g\000y\000\040\000C\000o\000u\000p\000l\000i\000n\000g}{subsection.3.1}% 17
\BOOKMARK [3][-]{subsubsection.3.1.5}{\376\377\000O\000n\000e\000-\000H\000o\000t\000\040\000P\000e\000n\000a\000l\000t\000y}{subsection.3.1}% 18
\BOOKMARK [3][-]{subsubsection.3.1.6}{\376\377\000R\000o\000t\000a\000t\000i\000o\000n\000\040\000M\000a\000t\000r\000i\000x\000\040\000G\000e\000n\000e\000r\000a\000t\000i\000o\000n}{subsection.3.1}% 19
\BOOKMARK [2][-]{subsection.3.2}{\376\377\000M\000o\000d\000e\000\040\0002\000:\000\040\000q\000p\000u\000-\000h\000i\000e\000r\000a\000r\000c\000h\000i\000c\000a\000l\000-\000a\000g\000g\000r\000e\000g\000a\000t\000e\000d}{section.3}% 20
\BOOKMARK [3][-]{subsubsection.3.2.1}{\376\377\000T\000h\000r\000e\000e\000-\000L\000e\000v\000e\000l\000\040\000P\000i\000p\000e\000l\000i\000n\000e}{subsection.3.2}% 21
\BOOKMARK [3][-]{subsubsection.3.2.2}{\376\377\000B\000e\000n\000e\000f\000i\000t\000\040\000A\000g\000g\000r\000e\000g\000a\000t\000i\000o\000n}{subsection.3.2}% 22
\BOOKMARK [3][-]{subsubsection.3.2.3}{\376\377\000S\000p\000a\000t\000i\000a\000l\000\040\000D\000e\000c\000o\000m\000p\000o\000s\000i\000t\000i\000o\000n}{subsection.3.2}% 23
\BOOKMARK [3][-]{subsubsection.3.2.4}{\376\377\000B\000o\000u\000n\000d\000a\000r\000y\000\040\000C\000o\000o\000r\000d\000i\000n\000a\000t\000i\000o\000n}{subsection.3.2}% 24
\BOOKMARK [2][-]{subsection.3.3}{\376\377\000M\000o\000d\000e\000\040\0003\000:\000\040\000q\000p\000u\000-\000h\000y\000b\000r\000i\000d\000-\0002\0007\000-\000f\000o\000o\000d}{section.3}% 25
\BOOKMARK [3][-]{subsubsection.3.3.1}{\376\377\000H\000y\000b\000r\000i\000d\000\040\000R\000o\000t\000a\000t\000i\000o\000n\000\040\000M\000a\000t\000r\000i\000x}{subsection.3.3}% 26
\BOOKMARK [3][-]{subsubsection.3.3.2}{\376\377\000C\000l\000u\000s\000t\000e\000r\000\040\000S\000i\000z\000e\000\040\000C\000o\000n\000s\000t\000r\000a\000i\000n\000t\000s}{subsection.3.3}% 27
\BOOKMARK [1][-]{section.4}{\376\377\000D\000a\000t\000a\000\040\000S\000o\000u\000r\000c\000e\000s\000\040\000a\000n\000d\000\040\000P\000l\000o\000t\000\040\000M\000a\000p\000p\000i\000n\000g}{}% 28
\BOOKMARK [2][-]{subsection.4.1}{\376\377\000P\000r\000i\000m\000a\000r\000y\000\040\000D\000a\000t\000a\000\040\000F\000i\000l\000e\000s}{section.4}% 29
\BOOKMARK [2][-]{subsection.4.2}{\376\377\000P\000l\000o\000t\000\040\000C\000a\000t\000e\000g\000o\000r\000i\000e\000s\000\040\000a\000n\000d\000\040\000D\000a\000t\000a\000\040\000S\000o\000u\000r\000c\000e\000s}{section.4}% 30
\BOOKMARK [2][-]{subsection.4.3}{\376\377\000R\000e\000s\000u\000l\000t\000\040\000F\000i\000l\000e\000s\000\040\000A\000n\000a\000l\000y\000z\000e\000d}{section.4}% 31
\BOOKMARK [1][-]{section.5}{\376\377\000R\000e\000s\000u\000l\000t\000s\000\040\000A\000n\000a\000l\000y\000s\000i\000s}{}% 32
\BOOKMARK [2][-]{subsection.5.1}{\376\377\000O\000b\000j\000e\000c\000t\000i\000v\000e\000\040\000Q\000u\000a\000l\000i\000t\000y\000\040\000C\000o\000m\000p\000a\000r\000i\000s\000o\000n}{section.5}% 33
\BOOKMARK [2][-]{subsection.5.2}{\376\377\000K\000e\000y\000\040\000F\000i\000n\000d\000i\000n\000g\000s}{section.5}% 34
\BOOKMARK [3][-]{subsubsection.5.2.1}{\376\377\000E\000m\000b\000e\000d\000d\000i\000n\000g\000\040\000E\000r\000r\000o\000r\000s}{subsection.5.2}% 35
\BOOKMARK [3][-]{subsubsection.5.2.2}{\376\377\000Q\000P\000U\000\040\000T\000i\000m\000e\000\040\000S\000c\000a\000l\000i\000n\000g}{subsection.5.2}% 36
\BOOKMARK [3][-]{subsubsection.5.2.3}{\376\377\000C\000o\000n\000s\000t\000r\000a\000i\000n\000t\000\040\000V\000i\000o\000l\000a\000t\000i\000o\000n\000s}{subsection.5.2}% 37
\BOOKMARK [1][-]{section.6}{\376\377\000C\000o\000d\000e\000-\000t\000o\000-\000E\000q\000u\000a\000t\000i\000o\000n\000\040\000V\000e\000r\000i\000f\000i\000c\000a\000t\000i\000o\000n\000\040\000S\000u\000m\000m\000a\000r\000y}{}% 38
\BOOKMARK [1][-]{section.7}{\376\377\000R\000e\000c\000o\000m\000m\000e\000n\000d\000a\000t\000i\000o\000n\000s}{}% 39
\BOOKMARK [2][-]{subsection.7.1}{\376\377\000C\000l\000u\000s\000t\000e\000r\000\040\000S\000i\000z\000e\000\040\000G\000u\000i\000d\000e\000l\000i\000n\000e\000s}{section.7}% 40
\BOOKMARK [2][-]{subsection.7.2}{\376\377\000M\000o\000d\000e\000\040\000S\000e\000l\000e\000c\000t\000i\000o\000n}{section.7}% 41
