================================================================================
STATISTICAL COMPARISON TEST: Quantum vs Classical
================================================================================

[1/4] Importing core libraries...
  Core imports: 1.76s
[2/4] Importing D-Wave libraries...
  ✓ DWaveCliqueSampler available
  D-Wave imports: 1.73s
[3/4] Importing plotting libraries...
  ✓ Matplotlib available
[4/4] Setup complete!

[5/6] Importing hierarchical solver...
[HierarchicalSolver] Loading modules...
  ✓ QPU available (DWaveCliqueSampler)
[HierarchicalSolver] Ready!
  ✓ Hierarchical solver available
[6/6] All imports complete!

  D-Wave token loaded from config (length: 45)
================================================================================
STATISTICAL COMPARISON TEST
================================================================================
Farm sizes: [5, 10, 15, 20, 25]
Methods: ['ground_truth', 'clique_decomp', 'spatial_temporal', 'hierarchical']
Runs per method: 1
QPU reads: 100
Classical timeout: 100s
================================================================================


================================================================================
TESTING: 5 farms × 6 crops × 3 periods
Variables: 90
================================================================================

--- Method: ground_truth ---
  Run 1/1... Set parameter Username
Set parameter LicenseID to value 2728803
Academic license - for non-commercial use only - expires 2026-10-28
