\BOOKMARK [1][-]{section.1}{\376\377\000I\000n\000t\000r\000o\000d\000u\000c\000t\000i\000o\000n}{}% 1
\BOOKMARK [1][-]{section.2}{\376\377\000D\000-\000W\000a\000v\000e\000\040\000T\000i\000m\000i\000n\000g\000\040\000M\000o\000d\000e\000l}{}% 2
\BOOKMARK [2][-]{subsection.2.1}{\376\377\000Q\000P\000U\000\040\000A\000c\000c\000e\000s\000s\000\040\000T\000i\000m\000e\000\040\000C\000o\000m\000p\000o\000n\000e\000n\000t\000s}{section.2}% 3
\BOOKMARK [2][-]{subsection.2.2}{\376\377\000T\000y\000p\000i\000c\000a\000l\000\040\000P\000a\000r\000a\000m\000e\000t\000e\000r\000\040\000V\000a\000l\000u\000e\000s}{section.2}% 4
\BOOKMARK [2][-]{subsection.2.3}{\376\377\000R\000e\000a\000d\000o\000u\000t\000\040\000T\000i\000m\000e\000\040\000D\000e\000p\000e\000n\000d\000e\000n\000c\000y\000\040\000o\000n\000\040\000P\000r\000o\000b\000l\000e\000m\000\040\000S\000i\000z\000e}{section.2}% 5
\BOOKMARK [1][-]{section.3}{\376\377\000D\000e\000c\000o\000m\000p\000o\000s\000i\000t\000i\000o\000n\000\040\000S\000t\000r\000a\000t\000e\000g\000y\000\040\000A\000n\000a\000l\000y\000s\000i\000s}{}% 6
\BOOKMARK [2][-]{subsection.3.1}{\376\377\000C\000u\000r\000r\000e\000n\000t\000\040\000H\000y\000b\000r\000i\000d\000\040\000S\000t\000r\000a\000t\000e\000g\000y}{section.3}% 7
\BOOKMARK [2][-]{subsection.3.2}{\376\377\000B\000e\000n\000d\000e\000r\000s\000\040\000Q\000P\000U\000\040\000S\000t\000r\000a\000t\000e\000g\000y}{section.3}% 8
\BOOKMARK [2][-]{subsection.3.3}{\376\377\000D\000a\000n\000t\000z\000i\000g\000-\000W\000o\000l\000f\000e\000\040\000Q\000P\000U\000\040\000S\000t\000r\000a\000t\000e\000g\000y}{section.3}% 9
\BOOKMARK [2][-]{subsection.3.4}{\376\377\000A\000D\000M\000M\000\040\000Q\000P\000U\000\040\000S\000t\000r\000a\000t\000e\000g\000y}{section.3}% 10
\BOOKMARK [1][-]{section.4}{\376\377\000Q\000P\000U\000\040\000A\000c\000c\000e\000s\000s\000\040\000T\000i\000m\000e\000\040\000E\000s\000t\000i\000m\000a\000t\000e\000s}{}% 11
\BOOKMARK [2][-]{subsection.4.1}{\376\377\000D\000i\000r\000e\000c\000t\000\040\000Q\000P\000U\000\040\000A\000c\000c\000e\000s\000s\000\040\000\050\000D\000W\000a\000v\000e\000S\000a\000m\000p\000l\000e\000r\000\051}{section.4}% 12
\BOOKMARK [3][-]{subsubsection.4.1.1}{\376\377\000C\000a\000l\000c\000u\000l\000a\000t\000i\000o\000n\000\040\000M\000e\000t\000h\000o\000d\000o\000l\000o\000g\000y}{subsection.4.1}% 13
\BOOKMARK [3][-]{subsubsection.4.1.2}{\376\377\000P\000r\000o\000b\000l\000e\000m\000\040\000S\000i\000z\000e\000\040\000E\000s\000t\000i\000m\000a\000t\000e\000s}{subsection.4.1}% 14
\BOOKMARK [2][-]{subsection.4.2}{\376\377\000H\000y\000b\000r\000i\000d\000\040\000S\000o\000l\000v\000e\000r\000\040\000A\000c\000c\000e\000s\000s\000\040\000\050\000L\000e\000a\000p\000H\000y\000b\000r\000i\000d\000\051}{section.4}% 15
\BOOKMARK [1][-]{section.5}{\376\377\000T\000o\000t\000a\000l\000\040\000B\000i\000l\000l\000e\000d\000\040\000T\000i\000m\000e\000\040\000b\000y\000\040\000S\000t\000r\000a\000t\000e\000g\000y}{}% 16
\BOOKMARK [2][-]{subsection.5.1}{\376\377\000S\000u\000m\000m\000a\000r\000y\000\040\000T\000a\000b\000l\000e}{section.5}% 17
\BOOKMARK [2][-]{subsection.5.2}{\376\377\000D\000e\000t\000a\000i\000l\000e\000d\000\040\000B\000r\000e\000a\000k\000d\000o\000w\000n\000:\000\040\0001\0000\000\040\000F\000a\000r\000m\000s\000\040\000C\000o\000n\000f\000i\000g\000u\000r\000a\000t\000i\000o\000n}{section.5}% 18
\BOOKMARK [2][-]{subsection.5.3}{\376\377\000D\000e\000t\000a\000i\000l\000e\000d\000\040\000B\000r\000e\000a\000k\000d\000o\000w\000n\000:\000\040\0002\0005\000\040\000F\000a\000r\000m\000s\000\040\000C\000o\000n\000f\000i\000g\000u\000r\000a\000t\000i\000o\000n}{section.5}% 19
\BOOKMARK [2][-]{subsection.5.4}{\376\377\000D\000e\000t\000a\000i\000l\000e\000d\000\040\000B\000r\000e\000a\000k\000d\000o\000w\000n\000:\000\040\0005\0000\000\040\000F\000a\000r\000m\000s\000\040\000C\000o\000n\000f\000i\000g\000u\000r\000a\000t\000i\000o\000n}{section.5}% 20
\BOOKMARK [1][-]{section.6}{\376\377\000B\000i\000l\000l\000i\000n\000g\000\040\000a\000n\000d\000\040\000Q\000u\000o\000t\000a\000\040\000C\000o\000n\000s\000u\000m\000p\000t\000i\000o\000n}{}% 21
\BOOKMARK [2][-]{subsection.6.1}{\376\377\000D\000-\000W\000a\000v\000e\000\040\000B\000i\000l\000l\000i\000n\000g\000\040\000M\000o\000d\000e\000l}{section.6}% 22
\BOOKMARK [2][-]{subsection.6.2}{\376\377\000M\000o\000n\000t\000h\000l\000y\000\040\000Q\000u\000o\000t\000a\000\040\000E\000s\000t\000i\000m\000a\000t\000e\000s}{section.6}% 23
\BOOKMARK [1][-]{section.7}{\376\377\000O\000p\000t\000i\000m\000i\000z\000a\000t\000i\000o\000n\000\040\000R\000e\000c\000o\000m\000m\000e\000n\000d\000a\000t\000i\000o\000n\000s}{}% 24
\BOOKMARK [2][-]{subsection.7.1}{\376\377\000R\000e\000d\000u\000c\000i\000n\000g\000\040\000Q\000P\000U\000\040\000A\000c\000c\000e\000s\000s\000\040\000T\000i\000m\000e}{section.7}% 25
\BOOKMARK [2][-]{subsection.7.2}{\376\377\000O\000p\000t\000i\000m\000i\000z\000e\000d\000\040\000P\000a\000r\000a\000m\000e\000t\000e\000r\000\040\000S\000e\000t}{section.7}% 26
\BOOKMARK [1][-]{section.8}{\376\377\000C\000o\000n\000c\000l\000u\000s\000i\000o\000n\000s}{}% 27
\BOOKMARK [2][-]{subsection.8.1}{\376\377\000K\000e\000y\000\040\000F\000i\000n\000d\000i\000n\000g\000s}{section.8}% 28
\BOOKMARK [2][-]{subsection.8.2}{\376\377\000R\000e\000c\000o\000m\000m\000e\000n\000d\000e\000d\000\040\000S\000t\000r\000a\000t\000e\000g\000y\000\040\000S\000e\000l\000e\000c\000t\000i\000o\000n}{section.8}% 29
\BOOKMARK [1][-]{appendix.A}{\376\377\000S\000A\000P\000I\000\040\000T\000i\000m\000i\000n\000g\000\040\000F\000i\000e\000l\000d\000s\000\040\000R\000e\000f\000e\000r\000e\000n\000c\000e}{}% 30
\BOOKMARK [1][-]{appendix.B}{\376\377\000E\000x\000a\000m\000p\000l\000e\000\040\000S\000A\000P\000I\000\040\000T\000i\000m\000i\000n\000g\000\040\000R\000e\000s\000p\000o\000n\000s\000e}{}% 31
