\BOOKMARK [0][-]{chapter*.1}{\376\377\000A\000b\000s\000t\000r\000a\000c\000t}{}% 1
\BOOKMARK [0][-]{chapter*.1}{\376\377\000L\000i\000s\000t\000\040\000o\000f\000\040\000F\000i\000g\000u\000r\000e\000s}{}% 2
\BOOKMARK [0][-]{chapter*.1}{\376\377\000L\000i\000s\000t\000\040\000o\000f\000\040\000T\000a\000b\000l\000e\000s}{}% 3
\BOOKMARK [0][-]{chapter*.2}{\376\377\000L\000i\000s\000t\000\040\000o\000f\000\040\000A\000l\000g\000o\000r\000i\000t\000h\000m\000s}{}% 4
\BOOKMARK [0][-]{chapter*.3}{\376\377\000N\000o\000m\000e\000n\000c\000l\000a\000t\000u\000r\000e}{}% 5
\BOOKMARK [0][-]{chapter.1}{\376\377\000E\000x\000e\000c\000u\000t\000i\000v\000e\000\040\000S\000u\000m\000m\000a\000r\000y}{}% 6
\BOOKMARK [1][-]{section.1.1}{\376\377\000P\000r\000o\000j\000e\000c\000t\000\040\000O\000v\000e\000r\000v\000i\000e\000w}{chapter.1}% 7
\BOOKMARK [1][-]{section.1.2}{\376\377\000K\000e\000y\000\040\000C\000o\000n\000t\000r\000i\000b\000u\000t\000i\000o\000n\000s}{chapter.1}% 8
\BOOKMARK [1][-]{section.1.3}{\376\377\000S\000u\000m\000m\000a\000r\000y\000\040\000o\000f\000\040\000R\000e\000s\000u\000l\000t\000s}{chapter.1}% 9
\BOOKMARK [1][-]{section.1.4}{\376\377\000K\000e\000y\000\040\000F\000i\000n\000d\000i\000n\000g\000s}{chapter.1}% 10
\BOOKMARK [2][-]{subsection.1.4.1}{\376\377\000C\000l\000a\000s\000s\000i\000c\000a\000l\000\040\000B\000a\000s\000e\000l\000i\000n\000e}{section.1.4}% 11
\BOOKMARK [2][-]{subsection.1.4.2}{\376\377\000D\000-\000W\000a\000v\000e\000\040\000H\000y\000b\000r\000i\000d\000\040\000P\000e\000r\000f\000o\000r\000m\000a\000n\000c\000e}{section.1.4}% 12
\BOOKMARK [2][-]{subsection.1.4.3}{\376\377\000P\000u\000r\000e\000\040\000Q\000P\000U\000\040\000D\000e\000c\000o\000m\000p\000o\000s\000i\000t\000i\000o\000n\000:\000\040\000T\000h\000e\000\040\000R\000e\000a\000l\000\040\000C\000o\000n\000t\000r\000i\000b\000u\000t\000i\000o\000n}{section.1.4}% 13
\BOOKMARK [2][-]{subsection.1.4.4}{\376\377\000T\000h\000e\000\040\000D\000e\000c\000o\000m\000p\000o\000s\000i\000t\000i\000o\000n\000\040\000A\000d\000v\000a\000n\000t\000a\000g\000e}{section.1.4}% 14
\BOOKMARK [2][-]{subsection.1.4.5}{\376\377\000D\000i\000v\000e\000r\000s\000i\000t\000y\000\040\000v\000s\000.\000\040\000O\000p\000t\000i\000m\000a\000l\000i\000t\000y\000\040\000T\000r\000a\000d\000e\000-\000o\000f\000f}{section.1.4}% 15
\BOOKMARK [1][-]{section.1.5}{\376\377\000R\000e\000c\000o\000m\000m\000e\000n\000d\000a\000t\000i\000o\000n\000s}{chapter.1}% 16
\BOOKMARK [0][-]{chapter.2}{\376\377\000P\000r\000o\000b\000l\000e\000m\000\040\000F\000o\000r\000m\000u\000l\000a\000t\000i\000o\000n}{}% 17
\BOOKMARK [1][-]{section.2.1}{\376\377\000I\000n\000t\000r\000o\000d\000u\000c\000t\000i\000o\000n}{chapter.2}% 18
\BOOKMARK [1][-]{section.2.2}{\376\377\000P\000r\000o\000b\000l\000e\000m\000\040\000C\000o\000n\000t\000e\000x\000t}{chapter.2}% 19
\BOOKMARK [2][-]{subsection.2.2.1}{\376\377\000S\000o\000c\000i\000e\000t\000a\000l\000\040\000B\000a\000c\000k\000g\000r\000o\000u\000n\000d}{section.2.2}% 20
\BOOKMARK [2][-]{subsection.2.2.2}{\376\377\000D\000a\000t\000a\000\040\000S\000o\000u\000r\000c\000e\000s}{section.2.2}% 21
\BOOKMARK [1][-]{section.2.3}{\376\377\000S\000e\000t\000s\000\040\000a\000n\000d\000\040\000I\000n\000d\000i\000c\000e\000s}{chapter.2}% 22
\BOOKMARK [1][-]{section.2.4}{\376\377\000D\000e\000c\000i\000s\000i\000o\000n\000\040\000V\000a\000r\000i\000a\000b\000l\000e\000s}{chapter.2}% 23
\BOOKMARK [1][-]{section.2.5}{\376\377\000P\000a\000r\000a\000m\000e\000t\000e\000r\000s}{chapter.2}% 24
\BOOKMARK [2][-]{subsection.2.5.1}{\376\377\000C\000r\000o\000p\000\040\000A\000t\000t\000r\000i\000b\000u\000t\000e\000s}{section.2.5}% 25
\BOOKMARK [2][-]{subsection.2.5.2}{\376\377\000C\000o\000m\000p\000o\000s\000i\000t\000e\000\040\000B\000e\000n\000e\000f\000i\000t\000\040\000S\000c\000o\000r\000e}{section.2.5}% 26
\BOOKMARK [2][-]{subsection.2.5.3}{\376\377\000F\000a\000r\000m\000\040\000P\000a\000r\000a\000m\000e\000t\000e\000r\000s}{section.2.5}% 27
\BOOKMARK [1][-]{section.2.6}{\376\377\000O\000b\000j\000e\000c\000t\000i\000v\000e\000\040\000F\000u\000n\000c\000t\000i\000o\000n}{chapter.2}% 28
\BOOKMARK [2][-]{subsection.2.6.1}{\376\377\000C\000o\000n\000t\000i\000n\000u\000o\000u\000s\000\040\000F\000o\000r\000m\000u\000l\000a\000t\000i\000o\000n}{section.2.6}% 29
\BOOKMARK [2][-]{subsection.2.6.2}{\376\377\000B\000i\000n\000a\000r\000y\000\040\000F\000o\000r\000m\000u\000l\000a\000t\000i\000o\000n}{section.2.6}% 30
\BOOKMARK [1][-]{section.2.7}{\376\377\000C\000o\000n\000s\000t\000r\000a\000i\000n\000t\000s}{chapter.2}% 31
\BOOKMARK [2][-]{subsection.2.7.1}{\376\377\000L\000a\000n\000d\000\040\000A\000v\000a\000i\000l\000a\000b\000i\000l\000i\000t\000y\000\040\000\050\000C\000o\000n\000t\000i\000n\000u\000o\000u\000s\000\051}{section.2.7}% 32
\BOOKMARK [2][-]{subsection.2.7.2}{\376\377\000P\000l\000o\000t\000\040\000A\000s\000s\000i\000g\000n\000m\000e\000n\000t\000\040\000\050\000B\000i\000n\000a\000r\000y\000\051}{section.2.7}% 33
\BOOKMARK [2][-]{subsection.2.7.3}{\376\377\000A\040\023\000Y\000\040\000L\000i\000n\000k\000i\000n\000g\000\040\000C\000o\000n\000s\000t\000r\000a\000i\000n\000t\000s}{section.2.7}% 34
\BOOKMARK [2][-]{subsection.2.7.4}{\376\377\000U\040\023\000Y\000\040\000L\000i\000n\000k\000i\000n\000g\000\040\000C\000o\000n\000s\000t\000r\000a\000i\000n\000t\000s}{section.2.7}% 35
\BOOKMARK [2][-]{subsection.2.7.5}{\376\377\000F\000o\000o\000d\000\040\000G\000r\000o\000u\000p\000\040\000D\000i\000v\000e\000r\000s\000i\000t\000y\000\040\000C\000o\000n\000s\000t\000r\000a\000i\000n\000t\000s}{section.2.7}% 36
\BOOKMARK [1][-]{section.2.8}{\376\377\000C\000o\000m\000p\000l\000e\000t\000e\000\040\000F\000o\000r\000m\000u\000l\000a\000t\000i\000o\000n\000\040\000S\000u\000m\000m\000a\000r\000y}{chapter.2}% 37
\BOOKMARK [2][-]{subsection.2.8.1}{\376\377\000B\000i\000n\000a\000r\000y\000\040\000F\000o\000r\000m\000u\000l\000a\000t\000i\000o\000n\000\040\000\050\000U\000s\000e\000d\000\040\000i\000n\000\040\000B\000e\000n\000c\000h\000m\000a\000r\000k\000s\000\051}{section.2.8}% 38
\BOOKMARK [2][-]{subsection.2.8.2}{\376\377\000P\000r\000o\000b\000l\000e\000m\000\040\000S\000i\000z\000e}{section.2.8}% 39
\BOOKMARK [1][-]{section.2.9}{\376\377\000C\000r\000o\000p\000\040\000D\000a\000t\000a}{chapter.2}% 40
\BOOKMARK [0][-]{chapter.3}{\376\377\000C\000l\000a\000s\000s\000i\000c\000a\000l\000\040\000O\000p\000t\000i\000m\000i\000z\000a\000t\000i\000o\000n\000\040\000M\000e\000t\000h\000o\000d\000s}{}% 41
\BOOKMARK [1][-]{section.3.1}{\376\377\000I\000n\000t\000r\000o\000d\000u\000c\000t\000i\000o\000n}{chapter.3}% 42
\BOOKMARK [1][-]{section.3.2}{\376\377\000M\000i\000x\000e\000d\000-\000I\000n\000t\000e\000g\000e\000r\000\040\000L\000i\000n\000e\000a\000r\000\040\000P\000r\000o\000g\000r\000a\000m\000m\000i\000n\000g}{chapter.3}% 43
\BOOKMARK [2][-]{subsection.3.2.1}{\376\377\000P\000r\000o\000b\000l\000e\000m\000\040\000C\000l\000a\000s\000s}{section.3.2}% 44
\BOOKMARK [2][-]{subsection.3.2.2}{\376\377\000C\000o\000m\000p\000u\000t\000a\000t\000i\000o\000n\000a\000l\000\040\000C\000o\000m\000p\000l\000e\000x\000i\000t\000y}{section.3.2}% 45
\BOOKMARK [1][-]{section.3.3}{\376\377\000B\000r\000a\000n\000c\000h\000-\000a\000n\000d\000-\000B\000o\000u\000n\000d\000\040\000A\000l\000g\000o\000r\000i\000t\000h\000m}{chapter.3}% 46
\BOOKMARK [2][-]{subsection.3.3.1}{\376\377\000C\000o\000r\000e\000\040\000C\000o\000n\000c\000e\000p\000t}{section.3.3}% 47
\BOOKMARK [2][-]{subsection.3.3.2}{\376\377\000K\000e\000y\000\040\000C\000o\000m\000p\000o\000n\000e\000n\000t\000s}{section.3.3}% 48
\BOOKMARK [1][-]{section.3.4}{\376\377\000G\000u\000r\000o\000b\000i\000\040\000O\000p\000t\000i\000m\000i\000z\000e\000r}{chapter.3}% 49
\BOOKMARK [2][-]{subsection.3.4.1}{\376\377\000O\000v\000e\000r\000v\000i\000e\000w}{section.3.4}% 50
\BOOKMARK [2][-]{subsection.3.4.2}{\376\377\000C\000o\000n\000f\000i\000g\000u\000r\000a\000t\000i\000o\000n\000\040\000U\000s\000e\000d}{section.3.4}% 51
\BOOKMARK [2][-]{subsection.3.4.3}{\376\377\000P\000e\000r\000f\000o\000r\000m\000a\000n\000c\000e\000\040\000C\000h\000a\000r\000a\000c\000t\000e\000r\000i\000s\000t\000i\000c\000s}{section.3.4}% 52
\BOOKMARK [1][-]{section.3.5}{\376\377\000L\000i\000m\000i\000t\000a\000t\000i\000o\000n\000s\000\040\000o\000f\000\040\000C\000l\000a\000s\000s\000i\000c\000a\000l\000\040\000A\000p\000p\000r\000o\000a\000c\000h\000e\000s}{chapter.3}% 53
\BOOKMARK [0][-]{chapter.4}{\376\377\000Q\000u\000a\000n\000t\000u\000m\000\040\000C\000o\000m\000p\000u\000t\000i\000n\000g\000\040\000A\000p\000p\000r\000o\000a\000c\000h}{}% 54
\BOOKMARK [1][-]{section.4.1}{\376\377\000I\000n\000t\000r\000o\000d\000u\000c\000t\000i\000o\000n\000\040\000t\000o\000\040\000Q\000u\000a\000n\000t\000u\000m\000\040\000A\000n\000n\000e\000a\000l\000i\000n\000g}{chapter.4}% 55
\BOOKMARK [1][-]{section.4.2}{\376\377\000Q\000U\000B\000O\000\040\000a\000n\000d\000\040\000I\000s\000i\000n\000g\000\040\000F\000o\000r\000m\000u\000l\000a\000t\000i\000o\000n\000s}{chapter.4}% 56
\BOOKMARK [2][-]{subsection.4.2.1}{\376\377\000Q\000U\000B\000O\000\040\000D\000e\000f\000i\000n\000i\000t\000i\000o\000n}{section.4.2}% 57
\BOOKMARK [2][-]{subsection.4.2.2}{\376\377\000I\000s\000i\000n\000g\000\040\000F\000o\000r\000m\000u\000l\000a\000t\000i\000o\000n}{section.4.2}% 58
\BOOKMARK [2][-]{subsection.4.2.3}{\376\377\000C\000o\000n\000s\000t\000r\000a\000i\000n\000t\000\040\000E\000n\000c\000o\000d\000i\000n\000g}{section.4.2}% 59
\BOOKMARK [1][-]{section.4.3}{\376\377\000D\000-\000W\000a\000v\000e\000\040\000H\000a\000r\000d\000w\000a\000r\000e}{chapter.4}% 60
\BOOKMARK [2][-]{subsection.4.3.1}{\376\377\000P\000e\000g\000a\000s\000u\000s\000\040\000T\000o\000p\000o\000l\000o\000g\000y}{section.4.3}% 61
\BOOKMARK [2][-]{subsection.4.3.2}{\376\377\000M\000i\000n\000o\000r\000\040\000E\000m\000b\000e\000d\000d\000i\000n\000g}{section.4.3}% 62
\BOOKMARK [2][-]{subsection.4.3.3}{\376\377\000C\000h\000a\000i\000n\000\040\000B\000r\000e\000a\000k\000s}{section.4.3}% 63
\BOOKMARK [1][-]{section.4.4}{\376\377\000D\000-\000W\000a\000v\000e\000\040\000S\000o\000l\000v\000e\000r\000\040\000T\000y\000p\000e\000s}{chapter.4}% 64
\BOOKMARK [2][-]{subsection.4.4.1}{\376\377\000D\000i\000r\000e\000c\000t\000\040\000Q\000P\000U\000\040\000\050\000D\000W\000a\000v\000e\000S\000a\000m\000p\000l\000e\000r\000\051}{section.4.4}% 65
\BOOKMARK [2][-]{subsection.4.4.2}{\376\377\000H\000y\000b\000r\000i\000d\000\040\000C\000Q\000M\000\040\000S\000a\000m\000p\000l\000e\000r\000\040\000\050\000L\000e\000a\000p\000H\000y\000b\000r\000i\000d\000C\000Q\000M\000S\000a\000m\000p\000l\000e\000r\000\051}{section.4.4}% 66
\BOOKMARK [2][-]{subsection.4.4.3}{\376\377\000H\000y\000b\000r\000i\000d\000\040\000B\000Q\000M\000\040\000S\000a\000m\000p\000l\000e\000r\000\040\000\050\000L\000e\000a\000p\000H\000y\000b\000r\000i\000d\000B\000Q\000M\000S\000a\000m\000p\000l\000e\000r\000\051}{section.4.4}% 67
\BOOKMARK [1][-]{section.4.5}{\376\377\000C\000o\000n\000s\000t\000r\000a\000i\000n\000e\000d\000\040\000Q\000u\000a\000d\000r\000a\000t\000i\000c\000\040\000M\000o\000d\000e\000l\000s\000\040\000\050\000C\000Q\000M\000\051}{chapter.4}% 68
\BOOKMARK [2][-]{subsection.4.5.1}{\376\377\000C\000Q\000M\000\040\000S\000t\000r\000u\000c\000t\000u\000r\000e}{section.4.5}% 69
\BOOKMARK [2][-]{subsection.4.5.2}{\376\377\000C\000Q\000M\000\040\000t\000o\000\040\000B\000Q\000M\000\040\000C\000o\000n\000v\000e\000r\000s\000i\000o\000n}{section.4.5}% 70
\BOOKMARK [1][-]{section.4.6}{\376\377\000T\000h\000e\000\040\000Q\000u\000a\000n\000t\000u\000m\000\040\000A\000d\000v\000a\000n\000t\000a\000g\000e\000\040\000Q\000u\000e\000s\000t\000i\000o\000n}{chapter.4}% 71
\BOOKMARK [2][-]{subsection.4.6.1}{\376\377\000T\000h\000e\000o\000r\000e\000t\000i\000c\000a\000l\000\040\000P\000e\000r\000s\000p\000e\000c\000t\000i\000v\000e}{section.4.6}% 72
\BOOKMARK [2][-]{subsection.4.6.2}{\376\377\000P\000r\000a\000c\000t\000i\000c\000a\000l\000\040\000C\000o\000n\000s\000i\000d\000e\000r\000a\000t\000i\000o\000n\000s}{section.4.6}% 73
\BOOKMARK [2][-]{subsection.4.6.3}{\376\377\000H\000y\000b\000r\000i\000d\000\040\000A\000p\000p\000r\000o\000a\000c\000h\000\040\000R\000a\000t\000i\000o\000n\000a\000l\000e}{section.4.6}% 74
\BOOKMARK [0][-]{chapter.5}{\376\377\000D\000e\000c\000o\000m\000p\000o\000s\000i\000t\000i\000o\000n\000\040\000S\000t\000r\000a\000t\000e\000g\000i\000e\000s\000\040\000f\000o\000r\000\040\000Q\000P\000U\000\040\000E\000m\000b\000e\000d\000d\000i\000n\000g}{}% 75
\BOOKMARK [1][-]{section.5.1}{\376\377\000I\000n\000t\000r\000o\000d\000u\000c\000t\000i\000o\000n}{chapter.5}% 76
\BOOKMARK [1][-]{section.5.2}{\376\377\000T\000h\000e\000\040\000P\000a\000r\000t\000i\000t\000i\000o\000n\000i\000n\000g\000\040\000P\000r\000o\000b\000l\000e\000m}{chapter.5}% 77
\BOOKMARK [2][-]{subsection.5.2.1}{\376\377\000M\000o\000t\000i\000v\000a\000t\000i\000o\000n}{section.5.2}% 78
\BOOKMARK [2][-]{subsection.5.2.2}{\376\377\000D\000e\000c\000o\000m\000p\000o\000s\000i\000t\000i\000o\000n\000\040\000R\000e\000q\000u\000i\000r\000e\000m\000e\000n\000t\000s}{section.5.2}% 79
\BOOKMARK [1][-]{section.5.3}{\376\377\000M\000e\000t\000h\000o\000d\000\040\0001\000:\000\040\000D\000i\000r\000e\000c\000t\000\040\000Q\000P\000U\000\040\000E\000m\000b\000e\000d\000d\000i\000n\000g}{chapter.5}% 80
\BOOKMARK [2][-]{subsection.5.3.1}{\376\377\000D\000e\000s\000c\000r\000i\000p\000t\000i\000o\000n}{section.5.3}% 81
\BOOKMARK [2][-]{subsection.5.3.2}{\376\377\000A\000l\000g\000o\000r\000i\000t\000h\000m}{section.5.3}% 82
\BOOKMARK [2][-]{subsection.5.3.3}{\376\377\000L\000i\000m\000i\000t\000a\000t\000i\000o\000n\000s}{section.5.3}% 83
\BOOKMARK [1][-]{section.5.4}{\376\377\000M\000e\000t\000h\000o\000d\000\040\0002\000:\000\040\000P\000l\000o\000t\000B\000a\000s\000e\000d\000\040\000D\000e\000c\000o\000m\000p\000o\000s\000i\000t\000i\000o\000n}{chapter.5}% 84
\BOOKMARK [2][-]{subsection.5.4.1}{\376\377\000D\000e\000s\000c\000r\000i\000p\000t\000i\000o\000n}{section.5.4}% 85
\BOOKMARK [2][-]{subsection.5.4.2}{\376\377\000M\000a\000t\000h\000e\000m\000a\000t\000i\000c\000a\000l\000\040\000F\000o\000r\000m\000u\000l\000a\000t\000i\000o\000n}{section.5.4}% 86
\BOOKMARK [2][-]{subsection.5.4.3}{\376\377\000A\000l\000g\000o\000r\000i\000t\000h\000m}{section.5.4}% 87
\BOOKMARK [2][-]{subsection.5.4.4}{\376\377\000P\000a\000r\000t\000i\000t\000i\000o\000n\000\040\000S\000i\000z\000e}{section.5.4}% 88
\BOOKMARK [2][-]{subsection.5.4.5}{\376\377\000C\000o\000n\000f\000l\000i\000c\000t\000\040\000R\000e\000s\000o\000l\000u\000t\000i\000o\000n}{section.5.4}% 89
\BOOKMARK [1][-]{section.5.5}{\376\377\000M\000e\000t\000h\000o\000d\000\040\0003\000:\000\040\000M\000u\000l\000t\000i\000l\000e\000v\000e\000l\000\040\000P\000a\000r\000t\000i\000t\000i\000o\000n\000i\000n\000g}{chapter.5}% 90
\BOOKMARK [2][-]{subsection.5.5.1}{\376\377\000D\000e\000s\000c\000r\000i\000p\000t\000i\000o\000n}{section.5.5}% 91
\BOOKMARK [2][-]{subsection.5.5.2}{\376\377\000M\000a\000t\000h\000e\000m\000a\000t\000i\000c\000a\000l\000\040\000F\000o\000r\000m\000u\000l\000a\000t\000i\000o\000n}{section.5.5}% 92
\BOOKMARK [2][-]{subsection.5.5.3}{\376\377\000T\000r\000a\000d\000e\000-\000o\000f\000f\000s}{section.5.5}% 93
\BOOKMARK [1][-]{section.5.6}{\376\377\000M\000e\000t\000h\000o\000d\000\040\0004\000:\000\040\000L\000o\000u\000v\000a\000i\000n\000\040\000C\000o\000m\000m\000u\000n\000i\000t\000y\000\040\000D\000e\000t\000e\000c\000t\000i\000o\000n}{chapter.5}% 94
\BOOKMARK [2][-]{subsection.5.6.1}{\376\377\000D\000e\000s\000c\000r\000i\000p\000t\000i\000o\000n}{section.5.6}% 95
\BOOKMARK [2][-]{subsection.5.6.2}{\376\377\000A\000l\000g\000o\000r\000i\000t\000h\000m}{section.5.6}% 96
\BOOKMARK [2][-]{subsection.5.6.3}{\376\377\000A\000d\000v\000a\000n\000t\000a\000g\000e\000s}{section.5.6}% 97
\BOOKMARK [1][-]{section.5.7}{\376\377\000M\000e\000t\000h\000o\000d\000\040\0005\000:\000\040\000S\000p\000e\000c\000t\000r\000a\000l\000\040\000C\000l\000u\000s\000t\000e\000r\000i\000n\000g}{chapter.5}% 98
\BOOKMARK [2][-]{subsection.5.7.1}{\376\377\000D\000e\000s\000c\000r\000i\000p\000t\000i\000o\000n}{section.5.7}% 99
\BOOKMARK [2][-]{subsection.5.7.2}{\376\377\000A\000l\000g\000o\000r\000i\000t\000h\000m}{section.5.7}% 100
\BOOKMARK [2][-]{subsection.5.7.3}{\376\377\000P\000r\000o\000p\000e\000r\000t\000i\000e\000s}{section.5.7}% 101
\BOOKMARK [1][-]{section.5.8}{\376\377\000M\000e\000t\000h\000o\000d\000\040\0006\000:\000\040\000C\000Q\000M\000-\000F\000i\000r\000s\000t\000\040\000P\000l\000o\000t\000B\000a\000s\000e\000d}{chapter.5}% 102
\BOOKMARK [2][-]{subsection.5.8.1}{\376\377\000D\000e\000s\000c\000r\000i\000p\000t\000i\000o\000n}{section.5.8}% 103
\BOOKMARK [2][-]{subsection.5.8.2}{\376\377\000A\000l\000g\000o\000r\000i\000t\000h\000m}{section.5.8}% 104
\BOOKMARK [2][-]{subsection.5.8.3}{\376\377\000R\000a\000t\000i\000o\000n\000a\000l\000e}{section.5.8}% 105
\BOOKMARK [1][-]{section.5.9}{\376\377\000M\000e\000t\000h\000o\000d\000\040\0007\000:\000\040\000C\000o\000o\000r\000d\000i\000n\000a\000t\000e\000d\000\040\000M\000a\000s\000t\000e\000r\000-\000S\000u\000b\000p\000r\000o\000b\000l\000e\000m}{chapter.5}% 106
\BOOKMARK [2][-]{subsection.5.9.1}{\376\377\000D\000e\000s\000c\000r\000i\000p\000t\000i\000o\000n}{section.5.9}% 107
\BOOKMARK [2][-]{subsection.5.9.2}{\376\377\000A\000l\000g\000o\000r\000i\000t\000h\000m}{section.5.9}% 108
\BOOKMARK [2][-]{subsection.5.9.3}{\376\377\000C\000o\000n\000s\000t\000r\000a\000i\000n\000t\000\040\000P\000r\000e\000s\000e\000r\000v\000a\000t\000i\000o\000n}{section.5.9}% 109
\BOOKMARK [1][-]{section.5.10}{\376\377\000C\000o\000m\000p\000a\000r\000i\000s\000o\000n\000\040\000o\000f\000\040\000M\000e\000t\000h\000o\000d\000s}{chapter.5}% 110
\BOOKMARK [0][-]{chapter.6}{\376\377\000B\000e\000n\000c\000h\000m\000a\000r\000k\000\040\000M\000e\000t\000h\000o\000d\000o\000l\000o\000g\000y}{}% 111
\BOOKMARK [1][-]{section.6.1}{\376\377\000O\000v\000e\000r\000v\000i\000e\000w}{chapter.6}% 112
\BOOKMARK [1][-]{section.6.2}{\376\377\000T\000e\000s\000t\000\040\000S\000c\000e\000n\000a\000r\000i\000o\000s}{chapter.6}% 113
\BOOKMARK [2][-]{subsection.6.2.1}{\376\377\000P\000r\000o\000b\000l\000e\000m\000\040\000S\000c\000a\000l\000e\000s}{section.6.2}% 114
\BOOKMARK [2][-]{subsection.6.2.2}{\376\377\000S\000c\000e\000n\000a\000r\000i\000o\000\040\000G\000e\000n\000e\000r\000a\000t\000i\000o\000n}{section.6.2}% 115
\BOOKMARK [1][-]{section.6.3}{\376\377\000M\000e\000t\000h\000o\000d\000s\000\040\000T\000e\000s\000t\000e\000d}{chapter.6}% 116
\BOOKMARK [2][-]{subsection.6.3.1}{\376\377\000C\000l\000a\000s\000s\000i\000c\000a\000l\000\040\000B\000a\000s\000e\000l\000i\000n\000e}{section.6.3}% 117
\BOOKMARK [2][-]{subsection.6.3.2}{\376\377\000D\000-\000W\000a\000v\000e\000\040\000H\000y\000b\000r\000i\000d}{section.6.3}% 118
\BOOKMARK [2][-]{subsection.6.3.3}{\376\377\000P\000u\000r\000e\000\040\000Q\000P\000U\000\040\000D\000e\000c\000o\000m\000p\000o\000s\000i\000t\000i\000o\000n}{section.6.3}% 119
\BOOKMARK [1][-]{section.6.4}{\376\377\000M\000e\000t\000r\000i\000c\000s}{chapter.6}% 120
\BOOKMARK [2][-]{subsection.6.4.1}{\376\377\000P\000e\000r\000f\000o\000r\000m\000a\000n\000c\000e\000\040\000M\000e\000t\000r\000i\000c\000s}{section.6.4}% 121
\BOOKMARK [2][-]{subsection.6.4.2}{\376\377\000Q\000u\000a\000l\000i\000t\000y\000\040\000M\000e\000t\000r\000i\000c\000s}{section.6.4}% 122
\BOOKMARK [2][-]{subsection.6.4.3}{\376\377\000S\000o\000l\000u\000t\000i\000o\000n\000\040\000C\000h\000a\000r\000a\000c\000t\000e\000r\000i\000s\000t\000i\000c\000s}{section.6.4}% 123
\BOOKMARK [1][-]{section.6.5}{\376\377\000H\000a\000r\000d\000w\000a\000r\000e\000\040\000a\000n\000d\000\040\000S\000o\000f\000t\000w\000a\000r\000e}{chapter.6}% 124
\BOOKMARK [2][-]{subsection.6.5.1}{\376\377\000C\000l\000a\000s\000s\000i\000c\000a\000l\000\040\000H\000a\000r\000d\000w\000a\000r\000e}{section.6.5}% 125
\BOOKMARK [2][-]{subsection.6.5.2}{\376\377\000Q\000u\000a\000n\000t\000u\000m\000\040\000H\000a\000r\000d\000w\000a\000r\000e}{section.6.5}% 126
\BOOKMARK [2][-]{subsection.6.5.3}{\376\377\000S\000o\000f\000t\000w\000a\000r\000e\000\040\000S\000t\000a\000c\000k}{section.6.5}% 127
\BOOKMARK [1][-]{section.6.6}{\376\377\000E\000x\000p\000e\000r\000i\000m\000e\000n\000t\000a\000l\000\040\000P\000r\000o\000t\000o\000c\000o\000l}{chapter.6}% 128
\BOOKMARK [2][-]{subsection.6.6.1}{\376\377\000E\000x\000e\000c\000u\000t\000i\000o\000n\000\040\000S\000t\000e\000p\000s}{section.6.6}% 129
\BOOKMARK [2][-]{subsection.6.6.2}{\376\377\000R\000e\000p\000e\000t\000i\000t\000i\000o\000n\000s}{section.6.6}% 130
\BOOKMARK [2][-]{subsection.6.6.3}{\376\377\000T\000i\000m\000e\000o\000u\000t\000\040\000H\000a\000n\000d\000l\000i\000n\000g}{section.6.6}% 131
\BOOKMARK [1][-]{section.6.7}{\376\377\000D\000a\000t\000a\000\040\000C\000o\000l\000l\000e\000c\000t\000i\000o\000n}{chapter.6}% 132
\BOOKMARK [0][-]{chapter.7}{\376\377\000R\000e\000s\000u\000l\000t\000s\000:\000\040\000P\000e\000r\000f\000o\000r\000m\000a\000n\000c\000e\000\040\000A\000n\000a\000l\000y\000s\000i\000s}{}% 133
\BOOKMARK [1][-]{section.7.1}{\376\377\000O\000v\000e\000r\000v\000i\000e\000w}{chapter.7}% 134
\BOOKMARK [1][-]{section.7.2}{\376\377\000R\000o\000t\000a\000t\000i\000o\000n\000\040\000O\000p\000t\000i\000m\000i\000z\000a\000t\000i\000o\000n\000:\000\040\000F\000i\000n\000a\000l\000\040\000Q\000u\000a\000n\000t\000u\000m\000\040\000A\000d\000v\000a\000n\000t\000a\000g\000e\000\040\000V\000a\000l\000i\000d\000a\000t\000i\000o\000n}{chapter.7}% 135
\BOOKMARK [2][-]{subsection.7.2.1}{\376\377\000E\000x\000e\000c\000u\000t\000i\000v\000e\000\040\000S\000u\000m\000m\000a\000r\000y\000\040\000o\000f\000\040\000F\000i\000n\000d\000i\000n\000g\000s}{section.7.2}% 136
\BOOKMARK [2][-]{subsection.7.2.2}{\376\377\000M\000u\000l\000t\000i\000-\000P\000e\000r\000i\000o\000d\000\040\000R\000o\000t\000a\000t\000i\000o\000n\000\040\000P\000r\000o\000b\000l\000e\000m\000\040\000C\000h\000a\000r\000a\000c\000t\000e\000r\000i\000s\000t\000i\000c\000s}{section.7.2}% 137
\BOOKMARK [2][-]{subsection.7.2.3}{\376\377\000R\000e\000s\000u\000l\000t\000s\000\040\000S\000u\000m\000m\000a\000r\000y\000:\000\040\000R\000o\000t\000a\000t\000i\000o\000n\000\040\000O\000p\000t\000i\000m\000i\000z\000a\000t\000i\000o\000n}{section.7.2}% 138
\BOOKMARK [2][-]{subsection.7.2.4}{\376\377\000D\000e\000c\000o\000m\000p\000o\000s\000i\000t\000i\000o\000n\000\040\000S\000t\000r\000a\000t\000e\000g\000y\000\040\000A\000n\000a\000l\000y\000s\000i\000s}{section.7.2}% 139
\BOOKMARK [2][-]{subsection.7.2.5}{\376\377\000Q\000P\000U\000\040\000T\000i\000m\000i\000n\000g\000\040\000B\000r\000e\000a\000k\000d\000o\000w\000n}{section.7.2}% 140
\BOOKMARK [2][-]{subsection.7.2.6}{\376\377\000A\000l\000t\000e\000r\000n\000a\000t\000i\000v\000e\000\040\000F\000o\000r\000m\000u\000l\000a\000t\000i\000o\000n\000s\000:\000\040\000V\000a\000l\000i\000d\000a\000t\000i\000o\000n\000\040\000T\000e\000s\000t\000s}{section.7.2}% 141
\BOOKMARK [2][-]{subsection.7.2.7}{\376\377\000Q\000u\000a\000n\000t\000u\000m\000\040\000A\000d\000v\000a\000n\000t\000a\000g\000e\000\040\000C\000o\000n\000d\000i\000t\000i\000o\000n\000s}{section.7.2}% 142
\BOOKMARK [1][-]{section.7.3}{\376\377\000C\000o\000m\000p\000l\000e\000t\000e\000\040\000B\000e\000n\000c\000h\000m\000a\000r\000k\000\040\000R\000e\000s\000u\000l\000t\000s}{chapter.7}% 143
\BOOKMARK [1][-]{section.7.4}{\376\377\000T\000i\000m\000i\000n\000g\000\040\000A\000n\000a\000l\000y\000s\000i\000s}{chapter.7}% 144
\BOOKMARK [2][-]{subsection.7.4.1}{\376\377\000T\000o\000t\000a\000l\000\040\000S\000o\000l\000v\000e\000\040\000T\000i\000m\000e\000\040\000C\000o\000m\000p\000a\000r\000i\000s\000o\000n}{section.7.4}% 145
\BOOKMARK [2][-]{subsection.7.4.2}{\376\377\000Q\000P\000U\000\040\000A\000c\000c\000e\000s\000s\000\040\000T\000i\000m\000e}{section.7.4}% 146
\BOOKMARK [2][-]{subsection.7.4.3}{\376\377\000T\000i\000m\000e\000\040\000B\000r\000e\000a\000k\000d\000o\000w\000n}{section.7.4}% 147
\BOOKMARK [1][-]{section.7.5}{\376\377\000S\000c\000a\000l\000i\000n\000g\000\040\000B\000e\000h\000a\000v\000i\000o\000r}{chapter.7}% 148
\BOOKMARK [2][-]{subsection.7.5.1}{\376\377\000G\000u\000r\000o\000b\000i\000\040\000S\000c\000a\000l\000i\000n\000g}{section.7.5}% 149
\BOOKMARK [2][-]{subsection.7.5.2}{\376\377\000H\000y\000b\000r\000i\000d\000\040\000C\000Q\000M\000\040\000S\000c\000a\000l\000i\000n\000g}{section.7.5}% 150
\BOOKMARK [2][-]{subsection.7.5.3}{\376\377\000P\000u\000r\000e\000\040\000Q\000P\000U\000\040\000S\000c\000a\000l\000i\000n\000g}{section.7.5}% 151
\BOOKMARK [1][-]{section.7.6}{\376\377\000E\000m\000b\000e\000d\000d\000i\000n\000g\000\040\000A\000n\000a\000l\000y\000s\000i\000s}{chapter.7}% 152
\BOOKMARK [2][-]{subsection.7.6.1}{\376\377\000E\000m\000b\000e\000d\000d\000i\000n\000g\000\040\000S\000u\000c\000c\000e\000s\000s\000\040\000R\000a\000t\000e}{section.7.6}% 153
\BOOKMARK [2][-]{subsection.7.6.2}{\376\377\000C\000h\000a\000i\000n\000\040\000L\000e\000n\000g\000t\000h\000s}{section.7.6}% 154
\BOOKMARK [1][-]{section.7.7}{\376\377\000S\000u\000m\000m\000a\000r\000y}{chapter.7}% 155
\BOOKMARK [0][-]{chapter.8}{\376\377\000R\000e\000s\000u\000l\000t\000s\000:\000\040\000S\000o\000l\000u\000t\000i\000o\000n\000\040\000Q\000u\000a\000l\000i\000t\000y\000\040\000A\000n\000a\000l\000y\000s\000i\000s}{}% 156
\BOOKMARK [1][-]{section.8.1}{\376\377\000O\000v\000e\000r\000v\000i\000e\000w}{chapter.8}% 157
\BOOKMARK [1][-]{section.8.2}{\376\377\000O\000b\000j\000e\000c\000t\000i\000v\000e\000\040\000V\000a\000l\000u\000e\000s}{chapter.8}% 158
\BOOKMARK [2][-]{subsection.8.2.1}{\376\377\000C\000o\000m\000p\000a\000r\000i\000s\000o\000n\000\040\000A\000c\000r\000o\000s\000s\000\040\000S\000c\000a\000l\000e\000s}{section.8.2}% 159
\BOOKMARK [2][-]{subsection.8.2.2}{\376\377\000A\000n\000o\000m\000a\000l\000o\000u\000s\000\040\000R\000e\000s\000u\000l\000t\000s}{section.8.2}% 160
\BOOKMARK [1][-]{section.8.3}{\376\377\000O\000p\000t\000i\000m\000a\000l\000i\000t\000y\000\040\000G\000a\000p\000\040\000A\000n\000a\000l\000y\000s\000i\000s}{chapter.8}% 161
\BOOKMARK [2][-]{subsection.8.3.1}{\376\377\000G\000a\000p\000\040\000D\000e\000f\000i\000n\000i\000t\000i\000o\000n}{section.8.3}% 162
\BOOKMARK [2][-]{subsection.8.3.2}{\376\377\000G\000a\000p\000\040\000T\000r\000e\000n\000d\000s}{section.8.3}% 163
\BOOKMARK [1][-]{section.8.4}{\376\377\000C\000o\000n\000s\000t\000r\000a\000i\000n\000t\000\040\000S\000a\000t\000i\000s\000f\000a\000c\000t\000i\000o\000n}{chapter.8}% 164
\BOOKMARK [2][-]{subsection.8.4.1}{\376\377\000V\000i\000o\000l\000a\000t\000i\000o\000n\000\040\000C\000o\000u\000n\000t\000s}{section.8.4}% 165
\BOOKMARK [2][-]{subsection.8.4.2}{\376\377\000F\000e\000a\000s\000i\000b\000i\000l\000i\000t\000y\000\040\000R\000a\000t\000e}{section.8.4}% 166
\BOOKMARK [1][-]{section.8.5}{\376\377\000L\000a\000n\000d\000\040\000U\000t\000i\000l\000i\000z\000a\000t\000i\000o\000n}{chapter.8}% 167
\BOOKMARK [2][-]{subsection.8.5.1}{\376\377\000D\000e\000f\000i\000n\000i\000t\000i\000o\000n}{section.8.5}% 168
\BOOKMARK [2][-]{subsection.8.5.2}{\376\377\000R\000e\000s\000u\000l\000t\000s}{section.8.5}% 169
\BOOKMARK [1][-]{section.8.6}{\376\377\000Q\000u\000a\000l\000i\000t\000y\000\040\000v\000s\000.\000\040\000F\000e\000a\000s\000i\000b\000i\000l\000i\000t\000y\000\040\000T\000r\000a\000d\000e\000-\000o\000f\000f}{chapter.8}% 170
\BOOKMARK [1][-]{section.8.7}{\376\377\000S\000u\000m\000m\000a\000r\000y}{chapter.8}% 171
\BOOKMARK [0][-]{chapter.9}{\376\377\000R\000e\000s\000u\000l\000t\000s\000:\000\040\000C\000r\000o\000p\000\040\000A\000l\000l\000o\000c\000a\000t\000i\000o\000n\000\040\000P\000a\000t\000t\000e\000r\000n\000s}{}% 172
\BOOKMARK [1][-]{section.9.1}{\376\377\000O\000v\000e\000r\000v\000i\000e\000w}{chapter.9}% 173
\BOOKMARK [1][-]{section.9.2}{\376\377\000O\000p\000t\000i\000m\000a\000l\000\040\000S\000o\000l\000u\000t\000i\000o\000n\000\040\000C\000h\000a\000r\000a\000c\000t\000e\000r\000i\000s\000t\000i\000c\000s}{chapter.9}% 174
\BOOKMARK [2][-]{subsection.9.2.1}{\376\377\000T\000h\000e\000\040\000S\000p\000i\000n\000a\000c\000h\000\040\000D\000o\000m\000i\000n\000a\000n\000c\000e}{section.9.2}% 175
\BOOKMARK [2][-]{subsection.9.2.2}{\376\377\000W\000h\000y\000\040\000S\000p\000i\000n\000a\000c\000h\000\040\000W\000i\000n\000s}{section.9.2}% 176
\BOOKMARK [1][-]{section.9.3}{\376\377\000Q\000P\000U\000\040\000S\000o\000l\000u\000t\000i\000o\000n\000\040\000D\000i\000v\000e\000r\000s\000i\000t\000y}{chapter.9}% 177
\BOOKMARK [2][-]{subsection.9.3.1}{\376\377\000C\000r\000o\000p\000\040\000S\000e\000l\000e\000c\000t\000i\000o\000n\000\040\000C\000o\000m\000p\000a\000r\000i\000s\000o\000n}{section.9.3}% 178
\BOOKMARK [2][-]{subsection.9.3.2}{\376\377\000M\000u\000l\000t\000i\000l\000e\000v\000e\000l\000\050\0001\0000\000\051\000\040\000D\000i\000s\000t\000r\000i\000b\000u\000t\000i\000o\000n}{section.9.3}% 179
\BOOKMARK [1][-]{section.9.4}{\376\377\000F\000o\000o\000d\000\040\000G\000r\000o\000u\000p\000\040\000B\000a\000l\000a\000n\000c\000e}{chapter.9}% 180
\BOOKMARK [2][-]{subsection.9.4.1}{\376\377\000G\000r\000o\000u\000p\000\040\000D\000i\000s\000t\000r\000i\000b\000u\000t\000i\000o\000n\000\040\000a\000t\000\040\0001\0000\0000\0000\000\040\000F\000a\000r\000m\000s}{section.9.4}% 181
\BOOKMARK [1][-]{section.9.5}{\376\377\000T\000h\000e\000\040\000D\000i\000v\000e\000r\000s\000i\000t\000y\000\040\000P\000a\000r\000a\000d\000o\000x}{chapter.9}% 182
\BOOKMARK [2][-]{subsection.9.5.1}{\376\377\000O\000p\000t\000i\000m\000a\000l\000\040\000b\000u\000t\000\040\000H\000o\000m\000o\000g\000e\000n\000e\000o\000u\000s}{section.9.5}% 183
\BOOKMARK [2][-]{subsection.9.5.2}{\376\377\000S\000u\000b\000o\000p\000t\000i\000m\000a\000l\000\040\000b\000u\000t\000\040\000D\000i\000v\000e\000r\000s\000e}{section.9.5}% 184
\BOOKMARK [2][-]{subsection.9.5.3}{\376\377\000I\000m\000p\000l\000i\000c\000a\000t\000i\000o\000n\000s}{section.9.5}% 185
\BOOKMARK [1][-]{section.9.6}{\376\377\000D\000e\000t\000a\000i\000l\000e\000d\000\040\000C\000r\000o\000p\000\040\000A\000n\000a\000l\000y\000s\000i\000s}{chapter.9}% 186
\BOOKMARK [2][-]{subsection.9.6.1}{\376\377\000C\000r\000o\000p\000\040\000S\000e\000l\000e\000c\000t\000i\000o\000n\000\040\000H\000e\000a\000t\000m\000a\000p}{section.9.6}% 187
\BOOKMARK [1][-]{section.9.7}{\376\377\000S\000o\000l\000u\000t\000i\000o\000n\000\040\000S\000t\000r\000u\000c\000t\000u\000r\000e\000\040\000A\000n\000a\000l\000y\000s\000i\000s}{chapter.9}% 188
\BOOKMARK [2][-]{subsection.9.7.1}{\376\377\000C\000o\000n\000c\000e\000n\000t\000r\000a\000t\000i\000o\000n\000\040\000M\000e\000t\000r\000i\000c\000s}{section.9.7}% 189
\BOOKMARK [1][-]{section.9.8}{\376\377\000S\000u\000m\000m\000a\000r\000y}{chapter.9}% 190
\BOOKMARK [0][-]{chapter.10}{\376\377\000C\000o\000m\000p\000r\000e\000h\000e\000n\000s\000i\000v\000e\000\040\000V\000i\000s\000u\000a\000l\000\040\000A\000n\000a\000l\000y\000s\000i\000s}{}% 191
\BOOKMARK [1][-]{section.10.1}{\376\377\000O\000v\000e\000r\000v\000i\000e\000w\000\040\000D\000a\000s\000h\000b\000o\000a\000r\000d\000s}{chapter.10}% 192
\BOOKMARK [2][-]{subsection.10.1.1}{\376\377\000C\000o\000m\000p\000r\000e\000h\000e\000n\000s\000i\000v\000e\000\040\000S\000o\000l\000v\000e\000r\000\040\000C\000o\000m\000p\000a\000r\000i\000s\000o\000n}{section.10.1}% 193
\BOOKMARK [2][-]{subsection.10.1.2}{\376\377\000S\000m\000a\000l\000l\000-\000S\000c\000a\000l\000e\000\040\000Q\000P\000U\000\040\000A\000n\000a\000l\000y\000s\000i\000s\000\040\000\050\0001\0000\000-\0001\0000\0000\000\040\000F\000a\000r\000m\000s\000\051}{section.10.1}% 194
\BOOKMARK [2][-]{subsection.10.1.3}{\376\377\000L\000a\000r\000g\000e\000-\000S\000c\000a\000l\000e\000\040\000Q\000P\000U\000\040\000A\000n\000a\000l\000y\000s\000i\000s\000\040\000\050\0002\0000\0000\000-\0001\0000\0000\0000\000\040\000F\000a\000r\000m\000s\000\051}{section.10.1}% 195
\BOOKMARK [2][-]{subsection.10.1.4}{\376\377\000S\000u\000m\000m\000a\000r\000y\000\040\000T\000a\000b\000l\000e}{section.10.1}% 196
\BOOKMARK [1][-]{section.10.2}{\376\377\000S\000o\000l\000u\000t\000i\000o\000n\000\040\000Q\000u\000a\000l\000i\000t\000y\000\040\000A\000n\000a\000l\000y\000s\000i\000s}{chapter.10}% 197
\BOOKMARK [2][-]{subsection.10.2.1}{\376\377\000Q\000u\000a\000l\000i\000t\000y\000\040\000M\000e\000t\000r\000i\000c\000s\000\040\000C\000o\000m\000p\000a\000r\000i\000s\000o\000n}{section.10.2}% 198
\BOOKMARK [2][-]{subsection.10.2.2}{\376\377\000S\000o\000l\000u\000t\000i\000o\000n\000\040\000C\000h\000a\000r\000a\000c\000t\000e\000r\000i\000s\000t\000i\000c\000s\000\040\000H\000i\000s\000t\000o\000g\000r\000a\000m\000s}{section.10.2}% 199
\BOOKMARK [1][-]{section.10.3}{\376\377\000C\000r\000o\000p\000\040\000A\000l\000l\000o\000c\000a\000t\000i\000o\000n\000\040\000P\000a\000t\000t\000e\000r\000n\000s}{chapter.10}% 200
\BOOKMARK [2][-]{subsection.10.3.1}{\376\377\000S\000o\000l\000u\000t\000i\000o\000n\000\040\000C\000o\000m\000p\000o\000s\000i\000t\000i\000o\000n\000\040\000P\000i\000e\000\040\000C\000h\000a\000r\000t\000s}{section.10.3}% 201
\BOOKMARK [2][-]{subsection.10.3.2}{\376\377\000S\000o\000l\000u\000t\000i\000o\000n\000\040\000C\000o\000m\000p\000o\000s\000i\000t\000i\000o\000n\000\040\000H\000i\000s\000t\000o\000g\000r\000a\000m\000s}{section.10.3}% 202
\BOOKMARK [2][-]{subsection.10.3.3}{\376\377\000D\000e\000t\000a\000i\000l\000e\000d\000\040\000C\000r\000o\000p\000\040\000D\000i\000s\000t\000r\000i\000b\000u\000t\000i\000o\000n\000\040\000b\000y\000\040\000S\000c\000a\000l\000e}{section.10.3}% 203
\BOOKMARK [2][-]{subsection.10.3.4}{\376\377\000D\000e\000t\000a\000i\000l\000e\000d\000\040\000A\000l\000l\000o\000c\000a\000t\000i\000o\000n\000\040\000a\000t\000\040\000K\000e\000y\000\040\000S\000c\000a\000l\000e\000s}{section.10.3}% 204
\BOOKMARK [1][-]{section.10.4}{\376\377\000F\000o\000o\000d\000\040\000G\000r\000o\000u\000p\000\040\000A\000n\000a\000l\000y\000s\000i\000s}{chapter.10}% 205
\BOOKMARK [2][-]{subsection.10.4.1}{\376\377\000F\000o\000o\000d\000\040\000G\000r\000o\000u\000p\000\040\000C\000o\000m\000p\000o\000s\000i\000t\000i\000o\000n\000\040\000b\000y\000\040\000S\000c\000a\000l\000e}{section.10.4}% 206
\BOOKMARK [2][-]{subsection.10.4.2}{\376\377\000L\000a\000n\000d\000\040\000U\000t\000i\000l\000i\000z\000a\000t\000i\000o\000n\000\040\000b\000y\000\040\000F\000o\000o\000d\000\040\000G\000r\000o\000u\000p\000\040\000a\000t\000\040\000M\000a\000x\000i\000m\000u\000m\000\040\000S\000c\000a\000l\000e}{section.10.4}% 207
\BOOKMARK [2][-]{subsection.10.4.3}{\376\377\000U\000n\000i\000q\000u\000e\000\040\000C\000r\000o\000p\000s\000\040\000S\000e\000l\000e\000c\000t\000i\000o\000n\000\040\000H\000e\000a\000t\000m\000a\000p}{section.10.4}% 208
\BOOKMARK [1][-]{section.10.5}{\376\377\000C\000r\000o\000p\000\040\000B\000e\000n\000e\000f\000i\000t\000\040\000a\000n\000d\000\040\000W\000e\000i\000g\000h\000t\000\040\000S\000e\000n\000s\000i\000t\000i\000v\000i\000t\000y\000\040\000A\000n\000a\000l\000y\000s\000i\000s}{chapter.10}% 209
\BOOKMARK [2][-]{subsection.10.5.1}{\376\377\000I\000n\000d\000i\000v\000i\000d\000u\000a\000l\000\040\000W\000e\000i\000g\000h\000t\000\040\000S\000e\000n\000s\000i\000t\000i\000v\000i\000t\000y\000\040\000A\000n\000a\000l\000y\000s\000i\000s}{section.10.5}% 210
\BOOKMARK [2][-]{subsection.10.5.2}{\376\377\000S\000p\000i\000n\000a\000c\000h\000\040\000D\000o\000m\000i\000n\000a\000n\000c\000e\000\040\000A\000n\000a\000l\000y\000s\000i\000s}{section.10.5}% 211
\BOOKMARK [2][-]{subsection.10.5.3}{\376\377\000M\000u\000l\000t\000i\000-\000D\000i\000m\000e\000n\000s\000i\000o\000n\000a\000l\000\040\000C\000r\000o\000p\000\040\000C\000o\000m\000p\000a\000r\000i\000s\000o\000n}{section.10.5}% 212
\BOOKMARK [2][-]{subsection.10.5.4}{\376\377\000C\000r\000o\000p\000\040\000R\000a\000n\000k\000i\000n\000g\000\040\000S\000u\000m\000m\000a\000r\000y\000\040\000S\000t\000a\000t\000i\000s\000t\000i\000c\000s}{section.10.5}% 213
\BOOKMARK [0][-]{chapter.11}{\376\377\000D\000i\000s\000c\000u\000s\000s\000i\000o\000n}{}% 214
\BOOKMARK [1][-]{section.11.1}{\376\377\000S\000u\000m\000m\000a\000r\000y\000\040\000o\000f\000\040\000K\000e\000y\000\040\000F\000i\000n\000d\000i\000n\000g\000s}{chapter.11}% 215
\BOOKMARK [2][-]{subsection.11.1.1}{\376\377\000P\000e\000r\000f\000o\000r\000m\000a\000n\000c\000e\000\040\000F\000i\000n\000d\000i\000n\000g\000s}{section.11.1}% 216
\BOOKMARK [2][-]{subsection.11.1.2}{\376\377\000T\000h\000e\000\040\000D\000e\000c\000o\000m\000p\000o\000s\000i\000t\000i\000o\000n\000\040\000A\000d\000v\000a\000n\000t\000a\000g\000e}{section.11.1}% 217
\BOOKMARK [2][-]{subsection.11.1.3}{\376\377\000Q\000u\000a\000l\000i\000t\000y\000\040\000F\000i\000n\000d\000i\000n\000g\000s}{section.11.1}% 218
\BOOKMARK [2][-]{subsection.11.1.4}{\376\377\000S\000o\000l\000u\000t\000i\000o\000n\000\040\000C\000h\000a\000r\000a\000c\000t\000e\000r\000i\000s\000t\000i\000c\000s}{section.11.1}% 219
\BOOKMARK [1][-]{section.11.2}{\376\377\000I\000n\000t\000e\000r\000p\000r\000e\000t\000a\000t\000i\000o\000n}{chapter.11}% 220
\BOOKMARK [2][-]{subsection.11.2.1}{\376\377\000W\000h\000y\000\040\000Q\000u\000a\000n\000t\000u\000m\000\040\000M\000e\000t\000h\000o\000d\000s\000\040\000U\000n\000d\000e\000r\000p\000e\000r\000f\000o\000r\000m}{section.11.2}% 221
\BOOKMARK [2][-]{subsection.11.2.2}{\376\377\000W\000h\000y\000\040\000H\000y\000b\000r\000i\000d\000\040\000C\000o\000m\000p\000a\000r\000i\000s\000o\000n\000s\000\040\000A\000r\000e\000\040\000M\000i\000s\000l\000e\000a\000d\000i\000n\000g}{section.11.2}% 222
\BOOKMARK [2][-]{subsection.11.2.3}{\376\377\000T\000h\000e\000\040\000R\000e\000a\000l\000\040\000S\000u\000c\000c\000e\000s\000s\000\040\000S\000t\000o\000r\000y}{section.11.2}% 223
\BOOKMARK [1][-]{section.11.3}{\376\377\000L\000i\000m\000i\000t\000a\000t\000i\000o\000n\000s}{chapter.11}% 224
\BOOKMARK [2][-]{subsection.11.3.1}{\376\377\000S\000t\000u\000d\000y\000\040\000L\000i\000m\000i\000t\000a\000t\000i\000o\000n\000s}{section.11.3}% 225
\BOOKMARK [2][-]{subsection.11.3.2}{\376\377\000Q\000u\000a\000n\000t\000u\000m\000\040\000H\000a\000r\000d\000w\000a\000r\000e\000\040\000L\000i\000m\000i\000t\000a\000t\000i\000o\000n\000s}{section.11.3}% 226
\BOOKMARK [1][-]{section.11.4}{\376\377\000I\000m\000p\000l\000i\000c\000a\000t\000i\000o\000n\000s}{chapter.11}% 227
\BOOKMARK [2][-]{subsection.11.4.1}{\376\377\000F\000o\000r\000\040\000P\000r\000a\000c\000t\000i\000t\000i\000o\000n\000e\000r\000s}{section.11.4}% 228
\BOOKMARK [2][-]{subsection.11.4.2}{\376\377\000F\000o\000r\000\040\000R\000e\000s\000e\000a\000r\000c\000h\000e\000r\000s}{section.11.4}% 229
\BOOKMARK [2][-]{subsection.11.4.3}{\376\377\000F\000o\000r\000\040\000Q\000u\000a\000n\000t\000u\000m\000\040\000H\000a\000r\000d\000w\000a\000r\000e\000\040\000D\000e\000v\000e\000l\000o\000p\000m\000e\000n\000t}{section.11.4}% 230
\BOOKMARK [1][-]{section.11.5}{\376\377\000T\000h\000e\000\040\000Q\000u\000a\000n\000t\000u\000m\000\040\000A\000d\000v\000a\000n\000t\000a\000g\000e\000\040\000Q\000u\000e\000s\000t\000i\000o\000n}{chapter.11}% 231
\BOOKMARK [2][-]{subsection.11.5.1}{\376\377\000C\000u\000r\000r\000e\000n\000t\000\040\000S\000t\000a\000t\000e}{section.11.5}% 232
\BOOKMARK [2][-]{subsection.11.5.2}{\376\377\000F\000u\000t\000u\000r\000e\000\040\000P\000r\000o\000s\000p\000e\000c\000t\000s}{section.11.5}% 233
\BOOKMARK [0][-]{chapter.12}{\376\377\000C\000o\000n\000c\000l\000u\000s\000i\000o\000n\000s\000\040\000a\000n\000d\000\040\000F\000u\000t\000u\000r\000e\000\040\000W\000o\000r\000k}{}% 234
\BOOKMARK [1][-]{section.12.1}{\376\377\000C\000o\000n\000c\000l\000u\000s\000i\000o\000n\000s}{chapter.12}% 235
\BOOKMARK [2][-]{subsection.12.1.1}{\376\377\000P\000r\000i\000m\000a\000r\000y\000\040\000C\000o\000n\000c\000l\000u\000s\000i\000o\000n\000s}{section.12.1}% 236
\BOOKMARK [2][-]{subsection.12.1.2}{\376\377\000T\000e\000c\000h\000n\000i\000c\000a\000l\000\040\000C\000o\000n\000c\000l\000u\000s\000i\000o\000n\000s}{section.12.1}% 237
\BOOKMARK [2][-]{subsection.12.1.3}{\376\377\000M\000e\000t\000h\000o\000d\000o\000l\000o\000g\000i\000c\000a\000l\000\040\000C\000o\000n\000c\000l\000u\000s\000i\000o\000n\000s}{section.12.1}% 238
\BOOKMARK [1][-]{section.12.2}{\376\377\000F\000u\000t\000u\000r\000e\000\040\000W\000o\000r\000k}{chapter.12}% 239
\BOOKMARK [2][-]{subsection.12.2.1}{\376\377\000S\000h\000o\000r\000t\000-\000T\000e\000r\000m\000\040\000E\000x\000t\000e\000n\000s\000i\000o\000n\000s}{section.12.2}% 240
\BOOKMARK [2][-]{subsection.12.2.2}{\376\377\000M\000e\000d\000i\000u\000m\000-\000T\000e\000r\000m\000\040\000R\000e\000s\000e\000a\000r\000c\000h}{section.12.2}% 241
\BOOKMARK [2][-]{subsection.12.2.3}{\376\377\000L\000o\000n\000g\000-\000T\000e\000r\000m\000\040\000D\000i\000r\000e\000c\000t\000i\000o\000n\000s}{section.12.2}% 242
\BOOKMARK [1][-]{section.12.3}{\376\377\000F\000i\000n\000a\000l\000\040\000R\000e\000m\000a\000r\000k\000s}{chapter.12}% 243
\BOOKMARK [0][-]{appendix.1.A}{\376\377\000I\000n\000t\000e\000g\000r\000a\000t\000i\000o\000n\000\040\000G\000u\000i\000d\000e\000:\000\040\000M\000u\000l\000t\000i\000-\000S\000c\000a\000l\000e\000\040\000S\000c\000e\000n\000a\000r\000i\000o\000\040\000F\000r\000a\000m\000e\000w\000o\000r\000k}{}% 244
\BOOKMARK [1][-]{section.1.A.1}{\376\377\000O\000v\000e\000r\000v\000i\000e\000w}{appendix.1.A}% 245
\BOOKMARK [1][-]{section.1.A.2}{\376\377\000S\000c\000a\000l\000e\000\040\000C\000a\000t\000e\000g\000o\000r\000i\000e\000s}{appendix.1.A}% 246
\BOOKMARK [1][-]{section.1.A.3}{\376\377\000U\000n\000i\000f\000i\000e\000d\000\040\000S\000o\000l\000v\000e\000r\000\040\000I\000n\000t\000e\000r\000f\000a\000c\000e}{appendix.1.A}% 247
\BOOKMARK [2][-]{subsection.1.A.3.1}{\376\377\000S\000o\000l\000v\000e\000r\000\040\000I\000m\000p\000l\000e\000m\000e\000n\000t\000a\000t\000i\000o\000n\000s}{section.1.A.3}% 248
\BOOKMARK [1][-]{section.1.A.4}{\376\377\000A\000u\000t\000o\000m\000a\000t\000i\000c\000\040\000S\000t\000r\000a\000t\000e\000g\000y\000\040\000S\000e\000l\000e\000c\000t\000i\000o\000n}{appendix.1.A}% 249
\BOOKMARK [1][-]{section.1.A.5}{\376\377\000S\000c\000e\000n\000a\000r\000i\000o\000\040\000D\000e\000f\000i\000n\000i\000t\000i\000o\000n\000s}{appendix.1.A}% 250
\BOOKMARK [2][-]{subsection.1.A.5.1}{\376\377\000M\000i\000c\000r\000o\000-\000S\000c\000a\000l\000e\000\040\000\050\000A\000l\000t\000e\000r\000n\000a\000t\000i\000v\000e\000\040\000F\000o\000r\000m\000u\000l\000a\000t\000i\000o\000n\000s\000\051}{section.1.A.5}% 251
\BOOKMARK [2][-]{subsection.1.A.5.2}{\376\377\000S\000m\000a\000l\000l\000-\000S\000c\000a\000l\000e\000\040\000\050\000R\000o\000t\000a\000t\000i\000o\000n\000\051}{section.1.A.5}% 252
\BOOKMARK [2][-]{subsection.1.A.5.3}{\376\377\000M\000e\000d\000i\000u\000m\000-\000S\000c\000a\000l\000e\000\040\000\050\000R\000o\000t\000a\000t\000i\000o\000n\000\051}{section.1.A.5}% 253
\BOOKMARK [1][-]{section.1.A.6}{\376\377\000B\000e\000s\000t\000\040\000P\000r\000a\000c\000t\000i\000c\000e\000s}{appendix.1.A}% 254
\BOOKMARK [2][-]{subsection.1.A.6.1}{\376\377\000W\000h\000e\000n\000\040\000t\000o\000\040\000U\000s\000e\000\040\000E\000a\000c\000h\000\040\000S\000t\000r\000a\000t\000e\000g\000y}{section.1.A.6}% 255
\BOOKMARK [2][-]{subsection.1.A.6.2}{\376\377\000C\000o\000m\000m\000o\000n\000\040\000P\000i\000t\000f\000a\000l\000l\000s\000\040\000t\000o\000\040\000A\000v\000o\000i\000d}{section.1.A.6}% 256
\BOOKMARK [2][-]{subsection.1.A.6.3}{\376\377\000R\000e\000p\000o\000r\000t\000i\000n\000g\000\040\000S\000t\000a\000n\000d\000a\000r\000d\000s}{section.1.A.6}% 257
\BOOKMARK [1][-]{section.1.A.7}{\376\377\000I\000m\000p\000l\000e\000m\000e\000n\000t\000a\000t\000i\000o\000n\000\040\000C\000h\000e\000c\000k\000l\000i\000s\000t}{appendix.1.A}% 258
\BOOKMARK [0][-]{appendix.A}{\376\377\000C\000o\000m\000p\000l\000e\000t\000e\000\040\000B\000e\000n\000c\000h\000m\000a\000r\000k\000\040\000D\000a\000t\000a}{}% 259
\BOOKMARK [1][-]{section.A.1}{\376\377\000D\000a\000t\000a\000\040\000F\000i\000e\000l\000d\000s}{appendix.A}% 260
\BOOKMARK [0][-]{appendix.B}{\376\377\000C\000r\000o\000p\000\040\000B\000e\000n\000e\000f\000i\000t\000\040\000C\000a\000l\000c\000u\000l\000a\000t\000i\000o\000n}{}% 261
\BOOKMARK [1][-]{section.B.1}{\376\377\000W\000e\000i\000g\000h\000t\000\040\000S\000e\000n\000s\000i\000t\000i\000v\000i\000t\000y\000\040\000A\000n\000a\000l\000y\000s\000i\000s}{appendix.B}% 262
\BOOKMARK [1][-]{section.B.2}{\376\377\000A\000l\000t\000e\000r\000n\000a\000t\000i\000v\000e\000\040\000W\000e\000i\000g\000h\000t\000\040\000S\000c\000e\000n\000a\000r\000i\000o\000s}{appendix.B}% 263
\BOOKMARK [1][-]{section.B.3}{\376\377\000S\000e\000n\000s\000i\000t\000i\000v\000i\000t\000y\000\040\000I\000m\000p\000l\000i\000c\000a\000t\000i\000o\000n\000s\000\040\000f\000o\000r\000\040\000P\000o\000l\000i\000c\000y}{appendix.B}% 264
\BOOKMARK [0][-]{appendix.C}{\376\377\000I\000m\000p\000l\000e\000m\000e\000n\000t\000a\000t\000i\000o\000n\000\040\000D\000e\000t\000a\000i\000l\000s}{}% 265
\BOOKMARK [1][-]{section.C.1}{\376\377\000K\000e\000y\000\040\000C\000o\000d\000e\000\040\000M\000o\000d\000u\000l\000e\000s}{appendix.C}% 266
\BOOKMARK [1][-]{section.C.2}{\376\377\000R\000e\000p\000r\000o\000d\000u\000c\000i\000b\000i\000l\000i\000t\000y}{appendix.C}% 267
