\BOOKMARK [0][-]{part.1}{\376\377\000I\000\040\000I\000n\000t\000e\000r\000v\000i\000e\000w\000\040\000F\000o\000r\000m\000a\000t\000\040\000\046\000\040\000Q\000u\000e\000s\000t\000i\000o\000n\000s}{}% 1
\BOOKMARK [1][-]{section.1}{\376\377\000I\000n\000t\000e\000r\000v\000i\000e\000w\000\040\000F\000o\000r\000m\000a\000t}{part.1}% 2
\BOOKMARK [1][-]{section.2}{\376\377\000I\000n\000t\000e\000r\000v\000i\000e\000w\000\040\000Q\000u\000e\000s\000t\000i\000o\000n\000s}{part.1}% 3
\BOOKMARK [2][-]{subsection.2.1}{\376\377\000Q\000u\000a\000n\000t\000u\000m\000\040\000F\000u\000n\000d\000a\000m\000e\000n\000t\000a\000l\000s\000\040\000\050\0001\0005\000\040\000Q\000u\000e\000s\000t\000i\000o\000n\000s\000\051}{section.2}% 4
\BOOKMARK [2][-]{subsection.2.2}{\376\377\000V\000Q\000E\000\040\000\046\000\040\000V\000a\000r\000i\000a\000t\000i\000o\000n\000a\000l\000\040\000A\000l\000g\000o\000r\000i\000t\000h\000m\000s\000\040\000\050\0001\0005\000\040\000Q\000u\000e\000s\000t\000i\000o\000n\000s\000\051}{section.2}% 5
\BOOKMARK [2][-]{subsection.2.3}{\376\377\000Q\000u\000a\000n\000t\000u\000m\000\040\000E\000r\000r\000o\000r\000\040\000C\000o\000r\000r\000e\000c\000t\000i\000o\000n\000\040\000\050\0001\0005\000\040\000Q\000u\000e\000s\000t\000i\000o\000n\000s\000\051}{section.2}% 6
\BOOKMARK [2][-]{subsection.2.4}{\376\377\000C\000o\000m\000p\000u\000t\000a\000t\000i\000o\000n\000a\000l\000\040\000C\000h\000e\000m\000i\000s\000t\000r\000y\000\040\000o\000n\000\040\000Q\000u\000a\000n\000t\000u\000m\000\040\000C\000o\000m\000p\000u\000t\000e\000r\000s\000\040\000\050\0001\0005\000\040\000Q\000u\000e\000s\000t\000i\000o\000n\000s\000\051}{section.2}% 7
\BOOKMARK [2][-]{subsection.2.5}{\376\377\000M\000i\000c\000r\000o\000s\000o\000f\000t\000-\000S\000p\000e\000c\000i\000f\000i\000c\000\040\000Q\000u\000e\000s\000t\000i\000o\000n\000s\000\040\000\050\0001\0005\000\040\000Q\000u\000e\000s\000t\000i\000o\000n\000s\000\051}{section.2}% 8
\BOOKMARK [2][-]{subsection.2.6}{\376\377\000C\000i\000r\000c\000u\000i\000t\000-\000B\000a\000s\000e\000d\000\040\000Q\000C\000\040\000\046\000\040\000A\000l\000g\000o\000r\000i\000t\000h\000m\000s\000\040\000\050\0001\0000\000\040\000Q\000u\000e\000s\000t\000i\000o\000n\000s\000\051}{section.2}% 9
\BOOKMARK [2][-]{subsection.2.7}{\376\377\000Y\000o\000u\000r\000\040\000B\000a\000c\000k\000g\000r\000o\000u\000n\000d\000\040\000\046\000\040\000F\000i\000t\000\040\000\050\0001\0000\000\040\000Q\000u\000e\000s\000t\000i\000o\000n\000s\000\051}{section.2}% 10
\BOOKMARK [0][-]{part.2}{\376\377\000I\000I\000\040\000S\000t\000u\000d\000y\000\040\000M\000a\000t\000e\000r\000i\000a\000l\000\040\000\046\000\040\000C\000r\000a\000s\000h\000\040\000C\000o\000u\000r\000s\000e\000s}{}% 11
\BOOKMARK [1][-]{section.3}{\376\377\000V\000Q\000E\000\040\000\050\000V\000a\000r\000i\000a\000t\000i\000o\000n\000a\000l\000\040\000Q\000u\000a\000n\000t\000u\000m\000\040\000E\000i\000g\000e\000n\000s\000o\000l\000v\000e\000r\000\051}{part.2}% 12
\BOOKMARK [2][-]{subsection.3.1}{\376\377\000C\000o\000r\000e\000\040\000C\000o\000n\000c\000e\000p\000t}{section.3}% 13
\BOOKMARK [2][-]{subsection.3.2}{\376\377\000H\000a\000m\000i\000l\000t\000o\000n\000i\000a\000n\000\040\000E\000n\000c\000o\000d\000i\000n\000g}{section.3}% 14
\BOOKMARK [2][-]{subsection.3.3}{\376\377\000A\000n\000s\000a\000t\000z\000\040\000T\000y\000p\000e\000s}{section.3}% 15
\BOOKMARK [2][-]{subsection.3.4}{\376\377\000V\000Q\000E\000\040\000C\000o\000d\000e\000\040\000E\000x\000a\000m\000p\000l\000e\000\040\000\050\000P\000e\000n\000n\000y\000L\000a\000n\000e\000\051}{section.3}% 16
\BOOKMARK [2][-]{subsection.3.5}{\376\377\000V\000Q\000E\000\040\000v\000s\000\040\000Q\000P\000E\000\040\000C\000o\000m\000p\000a\000r\000i\000s\000o\000n}{section.3}% 17
\BOOKMARK [1][-]{section.4}{\376\377\000Q\000u\000a\000n\000t\000u\000m\000\040\000E\000r\000r\000o\000r\000\040\000C\000o\000r\000r\000e\000c\000t\000i\000o\000n\000\040\000\046\000\040\000S\000u\000r\000f\000a\000c\000e\000\040\000C\000o\000d\000e\000s}{part.2}% 18
\BOOKMARK [2][-]{subsection.4.1}{\376\377\000W\000h\000y\000\040\000Q\000E\000C\000?}{section.4}% 19
\BOOKMARK [2][-]{subsection.4.2}{\376\377\000S\000t\000a\000b\000i\000l\000i\000z\000e\000r\000\040\000F\000o\000r\000m\000a\000l\000i\000s\000m}{section.4}% 20
\BOOKMARK [2][-]{subsection.4.3}{\376\377\000T\000h\000e\000\040\000S\000u\000r\000f\000a\000c\000e\000\040\000C\000o\000d\000e}{section.4}% 21
\BOOKMARK [2][-]{subsection.4.4}{\376\377\000L\000o\000g\000i\000c\000a\000l\000\040\000O\000p\000e\000r\000a\000t\000i\000o\000n\000s}{section.4}% 22
\BOOKMARK [2][-]{subsection.4.5}{\376\377\000M\000a\000g\000i\000c\000\040\000S\000t\000a\000t\000e\000\040\000D\000i\000s\000t\000i\000l\000l\000a\000t\000i\000o\000n}{section.4}% 23
\BOOKMARK [2][-]{subsection.4.6}{\376\377\000B\000e\000y\000o\000n\000d\000\040\000S\000u\000r\000f\000a\000c\000e\000\040\000C\000o\000d\000e\000s}{section.4}% 24
\BOOKMARK [1][-]{section.5}{\376\377\000C\000o\000m\000p\000u\000t\000a\000t\000i\000o\000n\000a\000l\000\040\000C\000h\000e\000m\000i\000s\000t\000r\000y\000\040\000o\000n\000\040\000Q\000u\000a\000n\000t\000u\000m\000\040\000C\000o\000m\000p\000u\000t\000e\000r\000s}{part.2}% 25
\BOOKMARK [2][-]{subsection.5.1}{\376\377\000T\000h\000e\000\040\000P\000i\000p\000e\000l\000i\000n\000e}{section.5}% 26
\BOOKMARK [2][-]{subsection.5.2}{\376\377\000K\000e\000y\000\040\000C\000o\000n\000c\000e\000p\000t\000s}{section.5}% 27
\BOOKMARK [2][-]{subsection.5.3}{\376\377\000M\000S\000+\000Q\000u\000a\000n\000t\000i\000n\000u\000u\000m\000\040\000C\000h\000e\000m\000i\000s\000t\000r\000y\000\040\000D\000e\000m\000o\000n\000s\000t\000r\000a\000t\000i\000o\000n\000\040\000\050\000S\000e\000p\000\040\0002\0000\0002\0004\000\051}{section.5}% 28
\BOOKMARK [1][-]{section.6}{\376\377\000C\000i\000r\000c\000u\000i\000t\000-\000B\000a\000s\000e\000d\000\040\000Q\000C\000\040\000F\000u\000n\000d\000a\000m\000e\000n\000t\000a\000l\000s}{part.2}% 29
\BOOKMARK [2][-]{subsection.6.1}{\376\377\000A\000n\000n\000e\000a\000l\000i\000n\000g\000\040\000v\000s\000.\000\040\000G\000a\000t\000e\000s}{section.6}% 30
\BOOKMARK [2][-]{subsection.6.2}{\376\377\000E\000s\000s\000e\000n\000t\000i\000a\000l\000\040\000G\000a\000t\000e\000s}{section.6}% 31
\BOOKMARK [2][-]{subsection.6.3}{\376\377\000K\000e\000y\000\040\000A\000l\000g\000o\000r\000i\000t\000h\000m\000s}{section.6}% 32
\BOOKMARK [1][-]{section.7}{\376\377\000M\000i\000c\000r\000o\000s\000o\000f\000t\000\040\000Q\000u\000a\000n\000t\000u\000m\000\040\000S\000t\000a\000c\000k}{part.2}% 33
\BOOKMARK [2][-]{subsection.7.1}{\376\377\000R\000o\000a\000d\000m\000a\000p}{section.7}% 34
\BOOKMARK [2][-]{subsection.7.2}{\376\377\000M\000a\000j\000o\000r\000a\000n\000a\000\040\0001\000\040\040\024\000\040\000T\000h\000e\000\040\000T\000o\000p\000o\000l\000o\000g\000i\000c\000a\000l\000\040\000Q\000u\000b\000i\000t}{section.7}% 35
\BOOKMARK [2][-]{subsection.7.3}{\376\377\000A\000z\000u\000r\000e\000\040\000Q\000u\000a\000n\000t\000u\000m\000\040\000P\000l\000a\000t\000f\000o\000r\000m}{section.7}% 36
\BOOKMARK [2][-]{subsection.7.4}{\376\377\000K\000e\000y\000\040\000P\000e\000o\000p\000l\000e}{section.7}% 37
\BOOKMARK [0][-]{part.3}{\376\377\000I\000I\000I\000\040\0007\000-\000D\000a\000y\000\040\000S\000t\000u\000d\000y\000\040\000P\000l\000a\000n}{}% 38
\BOOKMARK [0][-]{part.4}{\376\377\000I\000V\000\040\000C\000o\000m\000p\000r\000e\000h\000e\000n\000s\000i\000v\000e\000\040\000A\000n\000s\000w\000e\000r\000\040\000K\000e\000y}{}% 39
\BOOKMARK [1][-]{section.8}{\376\377\000Q\000u\000a\000n\000t\000u\000m\000\040\000F\000u\000n\000d\000a\000m\000e\000n\000t\000a\000l\000s\000\040\040\024\000\040\000A\000n\000s\000w\000e\000r\000s}{part.4}% 40
\BOOKMARK [1][-]{section.9}{\376\377\000V\000Q\000E\000\040\000\046\000\040\000V\000a\000r\000i\000a\000t\000i\000o\000n\000a\000l\000\040\000A\000l\000g\000o\000r\000i\000t\000h\000m\000s\000\040\040\024\000\040\000A\000n\000s\000w\000e\000r\000s}{part.4}% 41
\BOOKMARK [1][-]{section.10}{\376\377\000Q\000u\000a\000n\000t\000u\000m\000\040\000E\000r\000r\000o\000r\000\040\000C\000o\000r\000r\000e\000c\000t\000i\000o\000n\000\040\040\024\000\040\000A\000n\000s\000w\000e\000r\000s}{part.4}% 42
\BOOKMARK [1][-]{section.11}{\376\377\000C\000o\000m\000p\000u\000t\000a\000t\000i\000o\000n\000a\000l\000\040\000C\000h\000e\000m\000i\000s\000t\000r\000y\000\040\040\024\000\040\000A\000n\000s\000w\000e\000r\000s}{part.4}% 43
\BOOKMARK [1][-]{section.12}{\376\377\000M\000i\000c\000r\000o\000s\000o\000f\000t\000-\000S\000p\000e\000c\000i\000f\000i\000c\000\040\040\024\000\040\000A\000n\000s\000w\000e\000r\000s}{part.4}% 44
\BOOKMARK [1][-]{section.13}{\376\377\000C\000i\000r\000c\000u\000i\000t\000-\000B\000a\000s\000e\000d\000\040\000Q\000C\000\040\000\046\000\040\000A\000l\000g\000o\000r\000i\000t\000h\000m\000s\000\040\040\024\000\040\000A\000n\000s\000w\000e\000r\000s}{part.4}% 45
\BOOKMARK [1][-]{section.14}{\376\377\000B\000a\000c\000k\000g\000r\000o\000u\000n\000d\000\040\000\046\000\040\000B\000e\000h\000a\000v\000i\000o\000r\000a\000l\000\040\040\024\000\040\000A\000n\000s\000w\000e\000r\000s}{part.4}% 46
\BOOKMARK [0][-]{part*.6}{\376\377\000A\000p\000p\000e\000n\000d\000i\000x\000:\000\040\000C\000o\000m\000p\000l\000e\000t\000e\000\040\000R\000e\000s\000o\000u\000r\000c\000e\000\040\000L\000i\000s\000t}{}% 47
