\BOOKMARK [0][-]{part.1}{\376\377\000I\000\040\000I\000n\000t\000e\000r\000v\000i\000e\000w\000\040\000F\000o\000r\000m\000a\000t\000\040\000\046\000\040\000Q\000u\000e\000s\000t\000i\000o\000n\000s}{}% 1
\BOOKMARK [1][-]{section.1}{\376\377\000I\000n\000t\000e\000r\000v\000i\000e\000w\000\040\000F\000o\000r\000m\000a\000t}{part.1}% 2
\BOOKMARK [1][-]{section.2}{\376\377\000I\000n\000t\000e\000r\000v\000i\000e\000w\000\040\000Q\000u\000e\000s\000t\000i\000o\000n\000s}{part.1}% 3
\BOOKMARK [2][-]{subsection.2.1}{\376\377\000Q\000u\000a\000n\000t\000u\000m\000\040\000F\000u\000n\000d\000a\000m\000e\000n\000t\000a\000l\000s\000\040\000\050\0001\0005\000\040\000Q\000u\000e\000s\000t\000i\000o\000n\000s\000\051}{section.2}% 4
\BOOKMARK [2][-]{subsection.2.2}{\376\377\000V\000Q\000E\000\040\000\046\000\040\000V\000a\000r\000i\000a\000t\000i\000o\000n\000a\000l\000\040\000A\000l\000g\000o\000r\000i\000t\000h\000m\000s\000\040\000\050\0001\0005\000\040\000Q\000u\000e\000s\000t\000i\000o\000n\000s\000\051}{section.2}% 5
\BOOKMARK [2][-]{subsection.2.3}{\376\377\000Q\000u\000a\000n\000t\000u\000m\000\040\000E\000r\000r\000o\000r\000\040\000C\000o\000r\000r\000e\000c\000t\000i\000o\000n\000\040\000\050\0001\0005\000\040\000Q\000u\000e\000s\000t\000i\000o\000n\000s\000\051}{section.2}% 6
\BOOKMARK [2][-]{subsection.2.4}{\376\377\000C\000o\000m\000p\000u\000t\000a\000t\000i\000o\000n\000a\000l\000\040\000C\000h\000e\000m\000i\000s\000t\000r\000y\000\040\000o\000n\000\040\000Q\000u\000a\000n\000t\000u\000m\000\040\000C\000o\000m\000p\000u\000t\000e\000r\000s\000\040\000\050\0001\0005\000\040\000Q\000u\000e\000s\000t\000i\000o\000n\000s\000\051}{section.2}% 7
\BOOKMARK [2][-]{subsection.2.5}{\376\377\000M\000i\000c\000r\000o\000s\000o\000f\000t\000-\000S\000p\000e\000c\000i\000f\000i\000c\000\040\000Q\000u\000e\000s\000t\000i\000o\000n\000s\000\040\000\050\0001\0005\000\040\000Q\000u\000e\000s\000t\000i\000o\000n\000s\000\051}{section.2}% 8
\BOOKMARK [2][-]{subsection.2.6}{\376\377\000C\000i\000r\000c\000u\000i\000t\000-\000B\000a\000s\000e\000d\000\040\000Q\000C\000\040\000\046\000\040\000A\000l\000g\000o\000r\000i\000t\000h\000m\000s\000\040\000\050\0001\0000\000\040\000Q\000u\000e\000s\000t\000i\000o\000n\000s\000\051}{section.2}% 9
\BOOKMARK [2][-]{subsection.2.7}{\376\377\000Y\000o\000u\000r\000\040\000B\000a\000c\000k\000g\000r\000o\000u\000n\000d\000\040\000\046\000\040\000F\000i\000t\000\040\000\050\0001\0000\000\040\000Q\000u\000e\000s\000t\000i\000o\000n\000s\000\051}{section.2}% 10
\BOOKMARK [0][-]{part.2}{\376\377\000I\000I\000\040\000S\000t\000u\000d\000y\000\040\000M\000a\000t\000e\000r\000i\000a\000l\000\040\000\046\000\040\000C\000r\000a\000s\000h\000\040\000C\000o\000u\000r\000s\000e\000s}{}% 11
\BOOKMARK [1][-]{section.3}{\376\377\000V\000Q\000E\000\040\000\050\000V\000a\000r\000i\000a\000t\000i\000o\000n\000a\000l\000\040\000Q\000u\000a\000n\000t\000u\000m\000\040\000E\000i\000g\000e\000n\000s\000o\000l\000v\000e\000r\000\051}{part.2}% 12
\BOOKMARK [2][-]{subsection.3.1}{\376\377\000C\000o\000r\000e\000\040\000C\000o\000n\000c\000e\000p\000t}{section.3}% 13
\BOOKMARK [2][-]{subsection.3.2}{\376\377\000H\000a\000m\000i\000l\000t\000o\000n\000i\000a\000n\000\040\000E\000n\000c\000o\000d\000i\000n\000g}{section.3}% 14
\BOOKMARK [2][-]{subsection.3.3}{\376\377\000A\000n\000s\000a\000t\000z\000\040\000T\000y\000p\000e\000s}{section.3}% 15
\BOOKMARK [2][-]{subsection.3.4}{\376\377\000V\000Q\000E\000\040\000C\000o\000d\000e\000\040\000E\000x\000a\000m\000p\000l\000e\000\040\000\050\000P\000e\000n\000n\000y\000L\000a\000n\000e\000\051}{section.3}% 16
\BOOKMARK [2][-]{subsection.3.5}{\376\377\000V\000Q\000E\000\040\000v\000s\000\040\000Q\000P\000E\000\040\000C\000o\000m\000p\000a\000r\000i\000s\000o\000n}{section.3}% 17
\BOOKMARK [1][-]{section.4}{\376\377\000Q\000u\000a\000n\000t\000u\000m\000\040\000E\000r\000r\000o\000r\000\040\000C\000o\000r\000r\000e\000c\000t\000i\000o\000n\000\040\000\046\000\040\000S\000u\000r\000f\000a\000c\000e\000\040\000C\000o\000d\000e\000s}{part.2}% 18
\BOOKMARK [2][-]{subsection.4.1}{\376\377\000W\000h\000y\000\040\000Q\000E\000C\000?}{section.4}% 19
\BOOKMARK [2][-]{subsection.4.2}{\376\377\000S\000t\000a\000b\000i\000l\000i\000z\000e\000r\000\040\000F\000o\000r\000m\000a\000l\000i\000s\000m}{section.4}% 20
\BOOKMARK [2][-]{subsection.4.3}{\376\377\000T\000h\000e\000\040\000S\000u\000r\000f\000a\000c\000e\000\040\000C\000o\000d\000e}{section.4}% 21
\BOOKMARK [2][-]{subsection.4.4}{\376\377\000L\000o\000g\000i\000c\000a\000l\000\040\000O\000p\000e\000r\000a\000t\000i\000o\000n\000s}{section.4}% 22
\BOOKMARK [2][-]{subsection.4.5}{\376\377\000M\000a\000g\000i\000c\000\040\000S\000t\000a\000t\000e\000\040\000D\000i\000s\000t\000i\000l\000l\000a\000t\000i\000o\000n}{section.4}% 23
\BOOKMARK [2][-]{subsection.4.6}{\376\377\000B\000e\000y\000o\000n\000d\000\040\000S\000u\000r\000f\000a\000c\000e\000\040\000C\000o\000d\000e\000s}{section.4}% 24
\BOOKMARK [1][-]{section.5}{\376\377\000C\000o\000m\000p\000u\000t\000a\000t\000i\000o\000n\000a\000l\000\040\000C\000h\000e\000m\000i\000s\000t\000r\000y\000\040\000o\000n\000\040\000Q\000u\000a\000n\000t\000u\000m\000\040\000C\000o\000m\000p\000u\000t\000e\000r\000s}{part.2}% 25
\BOOKMARK [2][-]{subsection.5.1}{\376\377\000T\000h\000e\000\040\000P\000i\000p\000e\000l\000i\000n\000e}{section.5}% 26
\BOOKMARK [2][-]{subsection.5.2}{\376\377\000K\000e\000y\000\040\000C\000o\000n\000c\000e\000p\000t\000s}{section.5}% 27
\BOOKMARK [2][-]{subsection.5.3}{\376\377\000M\000S\000+\000Q\000u\000a\000n\000t\000i\000n\000u\000u\000m\000\040\000C\000h\000e\000m\000i\000s\000t\000r\000y\000\040\000D\000e\000m\000o\000n\000s\000t\000r\000a\000t\000i\000o\000n\000\040\000\050\000S\000e\000p\000\040\0002\0000\0002\0004\000\051}{section.5}% 28
\BOOKMARK [1][-]{section.6}{\376\377\000C\000i\000r\000c\000u\000i\000t\000-\000B\000a\000s\000e\000d\000\040\000Q\000C\000\040\000F\000u\000n\000d\000a\000m\000e\000n\000t\000a\000l\000s}{part.2}% 29
\BOOKMARK [2][-]{subsection.6.1}{\376\377\000A\000n\000n\000e\000a\000l\000i\000n\000g\000\040\000v\000s\000.\000\040\000G\000a\000t\000e\000s}{section.6}% 30
\BOOKMARK [2][-]{subsection.6.2}{\376\377\000E\000s\000s\000e\000n\000t\000i\000a\000l\000\040\000G\000a\000t\000e\000s}{section.6}% 31
\BOOKMARK [2][-]{subsection.6.3}{\376\377\000K\000e\000y\000\040\000A\000l\000g\000o\000r\000i\000t\000h\000m\000s}{section.6}% 32
\BOOKMARK [1][-]{section.7}{\376\377\000M\000i\000c\000r\000o\000s\000o\000f\000t\000\040\000Q\000u\000a\000n\000t\000u\000m\000\040\000S\000t\000a\000c\000k}{part.2}% 33
\BOOKMARK [2][-]{subsection.7.1}{\376\377\000R\000o\000a\000d\000m\000a\000p}{section.7}% 34
\BOOKMARK [2][-]{subsection.7.2}{\376\377\000M\000a\000j\000o\000r\000a\000n\000a\000\040\0001\000\040\040\024\000\040\000T\000h\000e\000\040\000T\000o\000p\000o\000l\000o\000g\000i\000c\000a\000l\000\040\000Q\000u\000b\000i\000t}{section.7}% 35
\BOOKMARK [2][-]{subsection.7.3}{\376\377\000A\000z\000u\000r\000e\000\040\000Q\000u\000a\000n\000t\000u\000m\000\040\000P\000l\000a\000t\000f\000o\000r\000m}{section.7}% 36
\BOOKMARK [2][-]{subsection.7.4}{\376\377\000K\000e\000y\000\040\000P\000e\000o\000p\000l\000e}{section.7}% 37
\BOOKMARK [0][-]{part.3}{\376\377\000I\000I\000I\000\040\0007\000-\000D\000a\000y\000\040\000S\000t\000u\000d\000y\000\040\000P\000l\000a\000n}{}% 38
\BOOKMARK [0][-]{part.4}{\376\377\000I\000V\000\040\000C\000o\000m\000p\000r\000e\000h\000e\000n\000s\000i\000v\000e\000\040\000A\000n\000s\000w\000e\000r\000\040\000K\000e\000y}{}% 39
\BOOKMARK [1][-]{section.8}{\376\377\000Q\000u\000a\000n\000t\000u\000m\000\040\000F\000u\000n\000d\000a\000m\000e\000n\000t\000a\000l\000s\000\040\040\024\000\040\000A\000n\000s\000w\000e\000r\000s}{part.4}% 40
\BOOKMARK [1][-]{section.9}{\376\377\000V\000Q\000E\000\040\000\046\000\040\000V\000a\000r\000i\000a\000t\000i\000o\000n\000a\000l\000\040\000A\000l\000g\000o\000r\000i\000t\000h\000m\000s\000\040\040\024\000\040\000A\000n\000s\000w\000e\000r\000s}{part.4}% 41
\BOOKMARK [1][-]{section.10}{\376\377\000Q\000u\000a\000n\000t\000u\000m\000\040\000E\000r\000r\000o\000r\000\040\000C\000o\000r\000r\000e\000c\000t\000i\000o\000n\000\040\040\024\000\040\000A\000n\000s\000w\000e\000r\000s}{part.4}% 42
\BOOKMARK [1][-]{section.11}{\376\377\000C\000o\000m\000p\000u\000t\000a\000t\000i\000o\000n\000a\000l\000\040\000C\000h\000e\000m\000i\000s\000t\000r\000y\000\040\040\024\000\040\000A\000n\000s\000w\000e\000r\000s}{part.4}% 43
\BOOKMARK [1][-]{section.12}{\376\377\000M\000i\000c\000r\000o\000s\000o\000f\000t\000-\000S\000p\000e\000c\000i\000f\000i\000c\000\040\040\024\000\040\000A\000n\000s\000w\000e\000r\000s}{part.4}% 44
\BOOKMARK [1][-]{section.13}{\376\377\000C\000i\000r\000c\000u\000i\000t\000-\000B\000a\000s\000e\000d\000\040\000Q\000C\000\040\000\046\000\040\000A\000l\000g\000o\000r\000i\000t\000h\000m\000s\000\040\040\024\000\040\000A\000n\000s\000w\000e\000r\000s}{part.4}% 45
\BOOKMARK [1][-]{section.14}{\376\377\000B\000a\000c\000k\000g\000r\000o\000u\000n\000d\000\040\000\046\000\040\000B\000e\000h\000a\000v\000i\000o\000r\000a\000l\000\040\040\024\000\040\000A\000n\000s\000w\000e\000r\000s}{part.4}% 46
\BOOKMARK [0][-]{part*.6}{\376\377\000A\000p\000p\000e\000n\000d\000i\000x\000:\000\040\000C\000o\000m\000p\000l\000e\000t\000e\000\040\000R\000e\000s\000o\000u\000r\000c\000e\000\040\000L\000i\000s\000t}{}% 47
\BOOKMARK [0][-]{part.5}{\376\377\000V\000\040\000H\000a\000n\000d\000s\000-\000O\000n\000\040\000C\000o\000d\000i\000n\000g\000\040\000P\000r\000o\000j\000e\000c\000t\000s}{}% 48
\BOOKMARK [1][-]{appendix.A}{\376\377\000P\000r\000o\000j\000e\000c\000t\000\040\0001\000:\000\040\000V\000Q\000E\000\040\000f\000o\000r\000\040\000H\0002\000\040\040\024\000\040\000F\000u\000l\000l\000\040\000P\000i\000p\000e\000l\000i\000n\000e\000\040\000D\000a\000y\000\040\0001}{part.5}% 49
\BOOKMARK [1][-]{appendix.B}{\376\377\000P\000r\000o\000j\000e\000c\000t\000\040\0002\000:\000\040\000P\000o\000t\000e\000n\000t\000i\000a\000l\000\040\000E\000n\000e\000r\000g\000y\000\040\000S\000u\000r\000f\000a\000c\000e\000\040\000\046\000\040\000B\000o\000n\000d\000\040\000D\000i\000s\000s\000o\000c\000i\000a\000t\000i\000o\000n\000\040\000D\000a\000y\000\040\0001}{part.5}% 50
\BOOKMARK [1][-]{appendix.C}{\376\377\000P\000r\000o\000j\000e\000c\000t\000\040\0003\000:\000\040\000A\000n\000s\000\344\000t\000z\000e\000\040\000C\000o\000m\000p\000a\000r\000i\000s\000o\000n\000\040\000\046\000\040\000B\000a\000r\000r\000e\000n\000\040\000P\000l\000a\000t\000e\000a\000u\000s\000\040\000D\000a\000y\000\040\0002}{part.5}% 51
\BOOKMARK [1][-]{appendix.D}{\376\377\000P\000r\000o\000j\000e\000c\000t\000\040\0004\000:\000\040\000Q\000u\000a\000n\000t\000u\000m\000\040\000P\000h\000a\000s\000e\000\040\000E\000s\000t\000i\000m\000a\000t\000i\000o\000n\000\040\000f\000r\000o\000m\000\040\000S\000c\000r\000a\000t\000c\000h\000\040\000D\000a\000y\000\040\0002}{part.5}% 52
\BOOKMARK [1][-]{appendix.E}{\376\377\000P\000r\000o\000j\000e\000c\000t\000\040\0005\000:\000\040\000Q\000u\000a\000n\000t\000u\000m\000\040\000E\000r\000r\000o\000r\000\040\000C\000o\000r\000r\000e\000c\000t\000i\000o\000n\000\040\000S\000i\000m\000u\000l\000a\000t\000i\000o\000n\000\040\000D\000a\000y\000\040\0003}{part.5}% 53
\BOOKMARK [1][-]{appendix.F}{\376\377\000P\000r\000o\000j\000e\000c\000t\000\040\0006\000:\000\040\000M\000a\000g\000i\000c\000\040\000S\000t\000a\000t\000e\000\040\000D\000i\000s\000t\000i\000l\000l\000a\000t\000i\000o\000n\000\040\000A\000n\000a\000l\000y\000s\000i\000s\000\040\000D\000a\000y\000\040\0003}{part.5}% 54
\BOOKMARK [1][-]{appendix.G}{\376\377\000P\000r\000o\000j\000e\000c\000t\000\040\0007\000:\000\040\000A\000z\000u\000r\000e\000\040\000Q\000u\000a\000n\000t\000u\000m\000\040\000R\000e\000s\000o\000u\000r\000c\000e\000\040\000E\000s\000t\000i\000m\000a\000t\000i\000o\000n\000\040\000D\000a\000y\000\040\0004}{part.5}% 55
\BOOKMARK [1][-]{appendix.H}{\376\377\000P\000r\000o\000j\000e\000c\000t\000\040\0008\000:\000\040\000V\000Q\000E\000\040\000f\000o\000r\000\040\000L\000i\000H\000\040\000w\000i\000t\000h\000\040\000Q\000u\000b\000i\000t\000\040\000R\000e\000d\000u\000c\000t\000i\000o\000n\000\040\000D\000a\000y\000\040\0005}{part.5}% 56
\BOOKMARK [1][-]{appendix.I}{\376\377\000P\000r\000o\000j\000e\000c\000t\000\040\0009\000:\000\040\000C\000l\000a\000s\000s\000i\000c\000a\000l\000\040\000S\000h\000a\000d\000o\000w\000s\000\040\000f\000o\000r\000\040\000E\000f\000f\000i\000c\000i\000e\000n\000t\000\040\000M\000e\000a\000s\000u\000r\000e\000m\000e\000n\000t\000\040\000D\000a\000y\000\040\0005}{part.5}% 57
\BOOKMARK [1][-]{appendix.J}{\376\377\000P\000r\000o\000j\000e\000c\000t\000\040\0001\0000\000:\000\040\000T\000r\000o\000t\000t\000e\000r\000-\000S\000u\000z\000u\000k\000i\000\040\000T\000i\000m\000e\000\040\000E\000v\000o\000l\000u\000t\000i\000o\000n\000\040\000D\000a\000y\000\040\0006}{part.5}% 58
\BOOKMARK [1][-]{appendix.K}{\376\377\000P\000r\000o\000j\000e\000c\000t\000\040\0001\0001\000:\000\040\000N\000o\000i\000s\000e\000\040\000S\000i\000m\000u\000l\000a\000t\000i\000o\000n\000\040\000\046\000\040\000Z\000e\000r\000o\000-\000N\000o\000i\000s\000e\000\040\000E\000x\000t\000r\000a\000p\000o\000l\000a\000t\000i\000o\000n\000\040\000D\000a\000y\000\040\0006}{part.5}% 59
\BOOKMARK [1][-]{appendix.L}{\376\377\000P\000r\000o\000j\000e\000c\000t\000\040\0001\0002\000:\000\040\000A\000D\000A\000P\000T\000-\000V\000Q\000E\000\040\000f\000o\000r\000\040\000E\000f\000f\000i\000c\000i\000e\000n\000t\000\040\000A\000n\000s\000a\000t\000z\000\040\000C\000o\000n\000s\000t\000r\000u\000c\000t\000i\000o\000n\000\040\000D\000a\000y\000\040\0006}{part.5}% 60
\BOOKMARK [1][-]{appendix.M}{\376\377\000P\000r\000o\000j\000e\000c\000t\000\040\0001\0003\000:\000\040\000Q\000u\000a\000n\000t\000u\000m\000\040\000T\000e\000l\000e\000p\000o\000r\000t\000a\000t\000i\000o\000n\000\040\000\046\000\040\000G\000a\000t\000e\000\040\000T\000e\000l\000e\000p\000o\000r\000t\000a\000t\000i\000o\000n\000\040\000D\000a\000y\000\040\0007}{part.5}% 61
\BOOKMARK [1][-]{appendix.N}{\376\377\000P\000r\000o\000j\000e\000c\000t\000\040\0001\0004\000:\000\040\000G\000r\000o\000v\000e\000r\000'\000s\000\040\000S\000e\000a\000r\000c\000h\000\040\000A\000l\000g\000o\000r\000i\000t\000h\000m\000\040\000D\000a\000y\000\040\0007}{part.5}% 62
