\BOOKMARK [1][-]{section.1}{\376\377\000S\000e\000t\000t\000i\000n\000g\000\040\000u\000p\000\040\000o\000n\000\040\000H\000a\000r\000d\000w\000a\000r\000e}{}% 1
\BOOKMARK [2][-]{subsection.1.1}{\376\377\000I\000n\000t\000r\000o\000d\000u\000c\000t\000i\000o\000n}{section.1}% 2
\BOOKMARK [2][-]{subsection.1.2}{\376\377\000Q\000u\000a\000n\000t\000u\000m\000\040\000H\000a\000r\000d\000w\000a\000r\000e\000\040\000P\000l\000a\000t\000f\000o\000r\000m}{section.1}% 3
\BOOKMARK [3][-]{subsubsection.1.2.1}{\376\377\000Q\000P\000U\000\040\000C\000o\000n\000f\000i\000g\000u\000r\000a\000t\000i\000o\000n\000\040\000P\000a\000r\000a\000m\000e\000t\000e\000r\000s}{subsection.1.2}% 4
\BOOKMARK [2][-]{subsection.1.3}{\376\377\000C\000l\000a\000s\000s\000i\000c\000a\000l\000\040\000B\000a\000s\000e\000l\000i\000n\000e\000\040\000C\000o\000n\000f\000i\000g\000u\000r\000a\000t\000i\000o\000n}{section.1}% 5
\BOOKMARK [2][-]{subsection.1.4}{\376\377\000P\000r\000o\000b\000l\000e\000m\000\040\000D\000a\000t\000a\000\040\000a\000n\000d\000\040\000S\000c\000e\000n\000a\000r\000i\000o\000s}{section.1}% 6
\BOOKMARK [3][-]{subsubsection.1.4.1}{\376\377\000F\000o\000o\000d\000\040\000a\000n\000d\000\040\000C\000r\000o\000p\000\040\000D\000a\000t\000a\000b\000a\000s\000e}{subsection.1.4}% 7
\BOOKMARK [3][-]{subsubsection.1.4.2}{\376\377\000P\000r\000o\000b\000l\000e\000m\000\040\000S\000c\000a\000l\000e\000\040\000a\000n\000d\000\040\000S\000c\000e\000n\000a\000r\000i\000o\000s}{subsection.1.4}% 8
\BOOKMARK [2][-]{subsection.1.5}{\376\377\000P\000r\000o\000b\000l\000e\000m\000\040\000F\000o\000r\000m\000u\000l\000a\000t\000i\000o\000n\000:\000\040\000B\000i\000n\000a\000r\000y\000\040\000C\000r\000o\000p\000\040\000A\000l\000l\000o\000c\000a\000t\000i\000o\000n\000\040\000C\000Q\000M}{section.1}% 9
\BOOKMARK [3][-]{subsubsection.1.5.1}{\376\377\000D\000e\000c\000i\000s\000i\000o\000n\000\040\000V\000a\000r\000i\000a\000b\000l\000e\000s}{subsection.1.5}% 10
\BOOKMARK [3][-]{subsubsection.1.5.2}{\376\377\000O\000b\000j\000e\000c\000t\000i\000v\000e\000\040\000F\000u\000n\000c\000t\000i\000o\000n}{subsection.1.5}% 11
\BOOKMARK [3][-]{subsubsection.1.5.3}{\376\377\000C\000o\000n\000s\000t\000r\000a\000i\000n\000t\000s}{subsection.1.5}% 12
\BOOKMARK [3][-]{subsubsection.1.5.4}{\376\377\000M\000u\000l\000t\000i\000-\000P\000e\000r\000i\000o\000d\000\040\000E\000x\000t\000e\000n\000s\000i\000o\000n\000\040\000f\000o\000r\000\040\000R\000o\000t\000a\000t\000i\000o\000n\000\040\000A\000n\000a\000l\000y\000s\000i\000s}{subsection.1.5}% 13
\BOOKMARK [2][-]{subsection.1.6}{\376\377\000C\000o\000n\000v\000e\000r\000s\000i\000o\000n\000\040\000t\000o\000\040\000Q\000u\000a\000n\000t\000u\000m\000-\000A\000n\000n\000e\000a\000l\000e\000r\000-\000C\000o\000m\000p\000a\000t\000i\000b\000l\000e\000\040\000F\000o\000r\000m\000a\000t\000s}{section.1}% 14
\BOOKMARK [3][-]{subsubsection.1.6.1}{\376\377\000C\000Q\000M\000\040\000t\000o\000\040\000B\000Q\000M\000\040\000C\000o\000n\000v\000e\000r\000s\000i\000o\000n\000\040\000v\000i\000a\000\040\000P\000e\000n\000a\000l\000t\000y\000\040\000M\000e\000t\000h\000o\000d\000s}{subsection.1.6}% 15
\BOOKMARK [3][-]{subsubsection.1.6.2}{\376\377\000E\000m\000b\000e\000d\000d\000i\000n\000g\000\040\000o\000n\000\040\000P\000e\000g\000a\000s\000u\000s\000\040\000T\000o\000p\000o\000l\000o\000g\000y}{subsection.1.6}% 16
\BOOKMARK [3][-]{subsubsection.1.6.3}{\376\377\000M\000e\000t\000h\000o\000d\000\040\0002\000:\000\040\000P\000l\000o\000t\000-\000B\000a\000s\000e\000d\000\040\000D\000e\000c\000o\000m\000p\000o\000s\000i\000t\000i\000o\000n}{subsection.1.6}% 17
\BOOKMARK [3][-]{subsubsection.1.6.4}{\376\377\000M\000e\000t\000h\000o\000d\000\040\0003\000:\000\040\000M\000u\000l\000t\000i\000l\000e\000v\000e\000l\000\040\000P\000a\000r\000t\000i\000t\000i\000o\000n\000i\000n\000g}{subsection.1.6}% 18
\BOOKMARK [3][-]{subsubsection.1.6.5}{\376\377\000M\000e\000t\000h\000o\000d\000\040\0004\000:\000\040\000L\000o\000u\000v\000a\000i\000n\000\040\000C\000o\000m\000m\000u\000n\000i\000t\000y\000\040\000D\000e\000t\000e\000c\000t\000i\000o\000n}{subsection.1.6}% 19
\BOOKMARK [3][-]{subsubsection.1.6.6}{\376\377\000M\000e\000t\000h\000o\000d\000\040\0005\000:\000\040\000C\000Q\000M\000-\000F\000i\000r\000s\000t\000\040\000D\000e\000c\000o\000m\000p\000o\000s\000i\000t\000i\000o\000n}{subsection.1.6}% 20
\BOOKMARK [3][-]{subsubsection.1.6.7}{\376\377\000M\000e\000t\000h\000o\000d\000\040\0006\000:\000\040\000C\000o\000o\000r\000d\000i\000n\000a\000t\000e\000d\000\040\000M\000a\000s\000t\000e\000r\000-\000S\000u\000b\000p\000r\000o\000b\000l\000e\000m}{subsection.1.6}% 21
\BOOKMARK [3][-]{subsubsection.1.6.8}{\376\377\000M\000e\000t\000h\000o\000d\000\040\0007\000:\000\040\000S\000p\000e\000c\000t\000r\000a\000l\000\040\000C\000l\000u\000s\000t\000e\000r\000i\000n\000g}{subsection.1.6}% 22
\BOOKMARK [3][-]{subsubsection.1.6.9}{\376\377\000M\000e\000t\000h\000o\000d\000\040\0008\000:\000\040\000H\000y\000b\000r\000i\000d\000G\000r\000i\000d\000\040\000D\000e\000c\000o\000m\000p\000o\000s\000i\000t\000i\000o\000n}{subsection.1.6}% 23
\BOOKMARK [3][-]{subsubsection.1.6.10}{\376\377\000C\000o\000m\000p\000a\000r\000i\000s\000o\000n\000\040\000o\000f\000\040\000M\000e\000t\000h\000o\000d\000s}{subsection.1.6}% 24
\BOOKMARK [3][-]{subsubsection.1.6.11}{\376\377\000M\000u\000l\000t\000i\000-\000P\000e\000r\000i\000o\000d\000\040\000C\000r\000o\000p\000\040\000R\000o\000t\000a\000t\000i\000o\000n\000\040\000P\000r\000o\000b\000l\000e\000m}{subsection.1.6}% 25
\BOOKMARK [3][-]{subsubsection.1.6.12}{\376\377\000P\000r\000o\000b\000l\000e\000m\000\040\000S\000t\000r\000u\000c\000t\000u\000r\000e}{subsection.1.6}% 26
\BOOKMARK [3][-]{subsubsection.1.6.13}{\376\377\000T\000e\000m\000p\000o\000r\000a\000l\000\040\000E\000x\000t\000e\000n\000s\000i\000o\000n\000:\000\040\0003\000-\000P\000e\000r\000i\000o\000d\000\040\000R\000o\000t\000a\000t\000i\000o\000n}{subsection.1.6}% 27
\BOOKMARK [3][-]{subsubsection.1.6.14}{\376\377\000C\000r\000o\000p\000\040\000F\000a\000m\000i\000l\000y\000\040\000A\000g\000g\000r\000e\000g\000a\000t\000i\000o\000n}{subsection.1.6}% 28
\BOOKMARK [3][-]{subsubsection.1.6.15}{\376\377\000F\000r\000u\000s\000t\000r\000a\000t\000e\000d\000\040\000R\000o\000t\000a\000t\000i\000o\000n\000\040\000S\000y\000n\000e\000r\000g\000i\000e\000s}{subsection.1.6}% 29
\BOOKMARK [3][-]{subsubsection.1.6.16}{\376\377\000S\000p\000a\000t\000i\000a\000l\000\040\000N\000e\000i\000g\000h\000b\000o\000r\000\040\000I\000n\000t\000e\000r\000a\000c\000t\000i\000o\000n\000s}{subsection.1.6}% 30
\BOOKMARK [3][-]{subsubsection.1.6.17}{\376\377\000S\000o\000f\000t\000\040\000O\000n\000e\000-\000H\000o\000t\000\040\000C\000o\000n\000s\000t\000r\000a\000i\000n\000t\000\040\000\050\000K\000e\000y\000\040\000I\000n\000n\000o\000v\000a\000t\000i\000o\000n\000\051}{subsection.1.6}% 31
\BOOKMARK [3][-]{subsubsection.1.6.18}{\376\377\000D\000i\000v\000e\000r\000s\000i\000t\000y\000\040\000B\000o\000n\000u\000s\000\040\000\050\000C\000o\000m\000p\000e\000t\000i\000n\000g\000\040\000O\000b\000j\000e\000c\000t\000i\000v\000e\000\051}{subsection.1.6}% 32
\BOOKMARK [2][-]{subsection.1.7}{\376\377\000C\000o\000m\000p\000u\000t\000a\000t\000i\000o\000n\000a\000l\000\040\000C\000o\000m\000p\000l\000e\000x\000i\000t\000y\000\040\000A\000n\000a\000l\000y\000s\000i\000s}{section.1}% 33
\BOOKMARK [3][-]{subsubsection.1.7.1}{\376\377\000P\000r\000o\000b\000l\000e\000m\000\040\000S\000i\000z\000e}{subsection.1.7}% 34
\BOOKMARK [3][-]{subsubsection.1.7.2}{\376\377\000C\000l\000a\000s\000s\000i\000c\000a\000l\000\040\000H\000a\000r\000d\000n\000e\000s\000s\000:\000\040\000E\000m\000p\000i\000r\000i\000c\000a\000l\000\040\000R\000e\000s\000u\000l\000t\000s}{subsection.1.7}% 35
\BOOKMARK [3][-]{subsubsection.1.7.3}{\376\377\000C\000o\000m\000p\000a\000r\000i\000s\000o\000n\000:\000\040\000O\000r\000i\000g\000i\000n\000a\000l\000\040\000v\000s\000.\000\040\000E\000n\000h\000a\000n\000c\000e\000d}{subsection.1.7}% 36
\BOOKMARK [3][-]{subsubsection.1.7.4}{\376\377\000W\000h\000y\000\040\000T\000h\000i\000s\000\040\000P\000r\000o\000b\000l\000e\000m\000\040\000i\000s\000\040\000C\000o\000m\000p\000u\000t\000a\000t\000i\000o\000n\000a\000l\000l\000y\000\040\000H\000a\000r\000d}{subsection.1.7}% 37
\BOOKMARK [2][-]{subsection.1.8}{\376\377\000D\000a\000t\000a\000\040\000a\000n\000d\000\040\000P\000r\000e\000p\000r\000o\000c\000e\000s\000s\000i\000n\000g}{section.1}% 38
\BOOKMARK [3][-]{subsubsection.1.8.1}{\376\377\000C\000r\000o\000p\000\040\000F\000a\000m\000i\000l\000y\000\040\000A\000g\000g\000r\000e\000g\000a\000t\000i\000o\000n}{subsection.1.8}% 39
\BOOKMARK [3][-]{subsubsection.1.8.2}{\376\377\000F\000a\000r\000m\000\040\000S\000i\000z\000e\000\040\000D\000i\000s\000t\000r\000i\000b\000u\000t\000i\000o\000n\000\040\000a\000n\000d\000\040\000S\000p\000a\000t\000i\000a\000l\000\040\000L\000a\000y\000o\000u\000t}{subsection.1.8}% 40
\BOOKMARK [2][-]{subsection.1.9}{\376\377\000M\000a\000p\000p\000i\000n\000g\000\040\000t\000o\000\040\000D\000-\000W\000a\000v\000e\000\040\000Q\000P\000U\000:\000\040\000D\000e\000c\000o\000m\000p\000o\000s\000i\000t\000i\000o\000n\000\040\000S\000t\000r\000a\000t\000e\000g\000i\000e\000s}{section.1}% 41
\BOOKMARK [3][-]{subsubsection.1.9.1}{\376\377\000S\000t\000r\000a\000t\000e\000g\000y\000\040\0001\000:\000\040\000C\000l\000i\000q\000u\000e\000\040\000D\000e\000c\000o\000m\000p\000o\000s\000i\000t\000i\000o\000n\000\040\000\050\000F\000a\000r\000m\000-\000b\000y\000-\000F\000a\000r\000m\000\051}{subsection.1.9}% 42
\BOOKMARK [3][-]{subsubsection.1.9.2}{\376\377\000S\000t\000r\000a\000t\000e\000g\000y\000\040\0002\000:\000\040\000S\000p\000a\000t\000i\000a\000l\000-\000T\000e\000m\000p\000o\000r\000a\000l\000\040\000D\000e\000c\000o\000m\000p\000o\000s\000i\000t\000i\000o\000n}{subsection.1.9}% 43
\BOOKMARK [3][-]{subsubsection.1.9.3}{\376\377\000S\000t\000r\000a\000t\000e\000g\000y\000\040\0003\000:\000\040\000H\000i\000e\000r\000a\000r\000c\000h\000i\000c\000a\000l\000\040\000M\000u\000l\000t\000i\000-\000L\000e\000v\000e\000l\000\040\000A\000p\000p\000r\000o\000a\000c\000h}{subsection.1.9}% 44
\BOOKMARK [1][-]{section.2}{\376\377\000R\000e\000s\000u\000l\000t\000s}{}% 45
\BOOKMARK [2][-]{subsection.2.1}{\376\377\000H\000y\000b\000r\000i\000d\000\040\000S\000o\000l\000v\000e\000r\000\040\000C\000o\000m\000p\000r\000e\000h\000e\000n\000s\000i\000v\000e\000\040\000B\000e\000n\000c\000h\000m\000a\000r\000k\000s}{section.2}% 46
\BOOKMARK [3][-]{subsubsection.2.1.1}{\376\377\000E\000x\000p\000e\000r\000i\000m\000e\000n\000t\000a\000l\000\040\000D\000e\000s\000i\000g\000n}{subsection.2.1}% 47
\BOOKMARK [3][-]{subsubsection.2.1.2}{\376\377\000K\000e\000y\000\040\000R\000e\000s\000u\000l\000t\000s\000:\000\040\000S\000o\000l\000v\000e\000r\000\040\000P\000e\000r\000f\000o\000r\000m\000a\000n\000c\000e\000\040\000C\000o\000m\000p\000a\000r\000i\000s\000o\000n}{subsection.2.1}% 48
\BOOKMARK [3][-]{subsubsection.2.1.3}{\376\377\000C\000o\000m\000p\000r\000e\000h\000e\000n\000s\000i\000v\000e\000\040\000B\000e\000n\000c\000h\000m\000a\000r\000k\000\040\000P\000l\000o\000t\000s}{subsection.2.1}% 49
\BOOKMARK [3][-]{subsubsection.2.1.4}{\376\377\000S\000y\000n\000t\000h\000e\000s\000i\000s\000\040\000o\000f\000\040\000H\000y\000b\000r\000i\000d\000\040\000S\000o\000l\000v\000e\000r\000\040\000F\000i\000n\000d\000i\000n\000g\000s}{subsection.2.1}% 50
\BOOKMARK [2][-]{subsection.2.2}{\376\377\000P\000u\000r\000e\000\040\000Q\000P\000U\000\040\000G\000r\000a\000p\000h\000\040\000D\000e\000c\000o\000m\000p\000o\000s\000i\000t\000i\000o\000n\000\040\000R\000e\000s\000u\000l\000t\000s}{section.2}% 51
\BOOKMARK [3][-]{subsubsection.2.2.1}{\376\377\000D\000e\000c\000o\000m\000p\000o\000s\000i\000t\000i\000o\000n\000\040\000M\000e\000t\000h\000o\000d\000s\000\040\000E\000v\000a\000l\000u\000a\000t\000e\000d}{subsection.2.2}% 52
\BOOKMARK [3][-]{subsubsection.2.2.2}{\376\377\000K\000e\000y\000\040\000R\000e\000s\000u\000l\000t\000:\000\040\000P\000u\000r\000e\000\040\000Q\000P\000U\000\040\000T\000i\000m\000e\000\040\000S\000c\000a\000l\000e\000s\000\040\000L\000i\000n\000e\000a\000r\000l\000y}{subsection.2.2}% 53
\BOOKMARK [3][-]{subsubsection.2.2.3}{\376\377\000S\000o\000l\000u\000t\000i\000o\000n\000\040\000Q\000u\000a\000l\000i\000t\000y\000\040\000C\000o\000m\000p\000a\000r\000i\000s\000o\000n}{subsection.2.2}% 54
\BOOKMARK [3][-]{subsubsection.2.2.4}{\376\377\000T\000h\000e\000\040\000D\000i\000v\000e\000r\000s\000i\000t\000y\000\040\000P\000a\000r\000a\000d\000o\000x}{subsection.2.2}% 55
\BOOKMARK [3][-]{subsubsection.2.2.5}{\376\377\000C\000o\000n\000s\000t\000r\000a\000i\000n\000t\000\040\000V\000i\000o\000l\000a\000t\000i\000o\000n\000\040\000A\000n\000a\000l\000y\000s\000i\000s}{subsection.2.2}% 56
\BOOKMARK [3][-]{subsubsection.2.2.6}{\376\377\000S\000y\000n\000t\000h\000e\000s\000i\000s\000\040\000o\000f\000\040\000P\000u\000r\000e\000\040\000Q\000P\000U\000\040\000F\000i\000n\000d\000i\000n\000g\000s}{subsection.2.2}% 57
\BOOKMARK [2][-]{subsection.2.3}{\376\377\000Q\000u\000a\000n\000t\000u\000m\000\040\000A\000d\000v\000a\000n\000t\000a\000g\000e\000\040\000B\000e\000n\000c\000h\000m\000a\000r\000k\000:\000\040\000F\000i\000n\000a\000l\000\040\000R\000e\000s\000u\000l\000t\000s}{section.2}% 58
\BOOKMARK [3][-]{subsubsection.2.3.1}{\376\377\000E\000x\000p\000e\000r\000i\000m\000e\000n\000t\000a\000l\000\040\000S\000e\000t\000u\000p}{subsection.2.3}% 59
\BOOKMARK [3][-]{subsubsection.2.3.2}{\376\377\000M\000a\000i\000n\000\040\000R\000e\000s\000u\000l\000t\000:\000\040\000Q\000P\000U\000\040\000A\000c\000h\000i\000e\000v\000e\000s\000\040\000H\000i\000g\000h\000e\000r\000\040\000B\000e\000n\000e\000f\000i\000t}{subsection.2.3}% 60
\BOOKMARK [3][-]{subsubsection.2.3.3}{\376\377\000W\000h\000y\000\040\000Q\000P\000U\000\040\000O\000u\000t\000p\000e\000r\000f\000o\000r\000m\000s\000\040\000G\000u\000r\000o\000b\000i}{subsection.2.3}% 61
\BOOKMARK [3][-]{subsubsection.2.3.4}{\376\377\000T\000i\000m\000i\000n\000g\000\040\000A\000n\000a\000l\000y\000s\000i\000s}{subsection.2.3}% 62
\BOOKMARK [3][-]{subsubsection.2.3.5}{\376\377\000F\000i\000g\000u\000r\000e\000s}{subsection.2.3}% 63
\BOOKMARK [3][-]{subsubsection.2.3.6}{\376\377\000C\000o\000n\000s\000t\000r\000a\000i\000n\000t\000\040\000V\000i\000o\000l\000a\000t\000i\000o\000n\000\040\000A\000n\000a\000l\000y\000s\000i\000s}{subsection.2.3}% 64
\BOOKMARK [3][-]{subsubsection.2.3.7}{\376\377\000C\000o\000n\000c\000l\000u\000s\000i\000o\000n\000s}{subsection.2.3}% 65
\BOOKMARK [3][-]{subsubsection.2.3.8}{\376\377\000Q\000P\000U\000\040\000M\000e\000t\000h\000o\000d\000\040\000C\000o\000m\000p\000a\000r\000i\000s\000o\000n}{subsection.2.3}% 66
\BOOKMARK [2][-]{subsection.2.4}{\376\377\000Q\000u\000a\000n\000t\000u\000m\000\040\000A\000d\000v\000a\000n\000t\000a\000g\000e\000\040\000A\000n\000a\000l\000y\000s\000i\000s\000:\000\040\000P\000r\000o\000b\000l\000e\000m\000\040\000F\000a\000m\000i\000l\000y\000\040\000C\000h\000a\000r\000a\000c\000t\000e\000r\000i\000z\000a\000t\000i\000o\000n}{section.2}% 67
\BOOKMARK [3][-]{subsubsection.2.4.1}{\376\377\000E\000x\000p\000e\000r\000i\000m\000e\000n\000t\000a\000l\000\040\000D\000e\000s\000i\000g\000n\000:\000\040\000S\000i\000x\000\040\000P\000r\000o\000b\000l\000e\000m\000\040\000F\000a\000m\000i\000l\000i\000e\000s}{subsection.2.4}% 68
\BOOKMARK [3][-]{subsubsection.2.4.2}{\376\377\000K\000e\000y\000\040\000F\000i\000n\000d\000i\000n\000g\000:\000\040\000C\000o\000m\000p\000u\000t\000a\000t\000i\000o\000n\000a\000l\000\040\000C\000l\000i\000f\000f\000s\000\040\000E\000x\000i\000s\000t}{subsection.2.4}% 69
\BOOKMARK [3][-]{subsubsection.2.4.3}{\376\377\000S\000u\000m\000m\000a\000r\000y\000:\000\040\000W\000h\000e\000n\000\040\000D\000o\000e\000s\000\040\000Q\000u\000a\000n\000t\000u\000m\000\040\000A\000d\000v\000a\000n\000t\000a\000g\000e\000\040\000E\000m\000e\000r\000g\000e\000?}{subsection.2.4}% 70
\BOOKMARK [1][-]{section.3}{\376\377\000D\000i\000s\000c\000u\000s\000s\000i\000o\000n\000\040\000a\000n\000d\000\040\000C\000o\000n\000c\000l\000u\000s\000i\000o\000n\000s}{}% 71
\BOOKMARK [2][-]{subsection.3.1}{\376\377\000S\000y\000n\000t\000h\000e\000s\000i\000s\000\040\000o\000f\000\040\000K\000e\000y\000\040\000F\000i\000n\000d\000i\000n\000g\000s}{section.3}% 72
\BOOKMARK [3][-]{subsubsection.3.1.1}{\376\377\000H\000y\000b\000r\000i\000d\000\040\000S\000o\000l\000v\000e\000r\000\040\000A\000n\000a\000l\000y\000s\000i\000s\000\040\000R\000e\000v\000e\000a\000l\000s\000\040\000B\000l\000a\000c\000k\000-\000B\000o\000x\000\040\000L\000i\000m\000i\000t\000a\000t\000i\000o\000n}{subsection.3.1}% 73
\BOOKMARK [3][-]{subsubsection.3.1.2}{\376\377\000P\000u\000r\000e\000\040\000Q\000P\000U\000\040\000D\000e\000c\000o\000m\000p\000o\000s\000i\000t\000i\000o\000n\000\040\000D\000e\000m\000o\000n\000s\000t\000r\000a\000t\000e\000s\000\040\000L\000i\000n\000e\000a\000r\000\040\000Q\000u\000a\000n\000t\000u\000m\000\040\000S\000c\000a\000l\000i\000n\000g}{subsection.3.1}% 74
\BOOKMARK [3][-]{subsubsection.3.1.3}{\376\377\000C\000o\000m\000p\000u\000t\000a\000t\000i\000o\000n\000\040\000T\000i\000m\000e\000\040\000A\000n\000a\000l\000y\000s\000i\000s\000\040\000a\000n\000d\000\040\000B\000r\000e\000a\000k\000d\000o\000w\000n}{subsection.3.1}% 75
\BOOKMARK [3][-]{subsubsection.3.1.4}{\376\377\000T\000h\000e\000\040\000D\000i\000v\000e\000r\000s\000i\000t\000y\000\040\000P\000a\000r\000a\000d\000o\000x\000:\000\040\000Q\000u\000a\000n\000t\000u\000m\000\040\000S\000o\000l\000u\000t\000i\000o\000n\000s\000\040\000M\000o\000r\000e\000\040\000D\000i\000v\000e\000r\000s\000e\000\040\000T\000h\000a\000n\000\040\000O\000p\000t\000i\000m\000a\000l}{subsection.3.1}% 76
\BOOKMARK [3][-]{subsubsection.3.1.5}{\376\377\000P\000r\000o\000b\000l\000e\000m\000\040\000F\000a\000m\000i\000l\000y\000\040\000A\000n\000a\000l\000y\000s\000i\000s\000\040\000I\000d\000e\000n\000t\000i\000f\000i\000e\000s\000\040\000Q\000u\000a\000n\000t\000u\000m\000\040\000A\000d\000v\000a\000n\000t\000a\000g\000e\000\040\000R\000e\000g\000i\000m\000e\000s}{subsection.3.1}% 77
\BOOKMARK [2][-]{subsection.3.2}{\376\377\000S\000c\000a\000l\000i\000n\000g\000\040\000A\000n\000a\000l\000y\000s\000i\000s\000\040\000a\000n\000d\000\040\000Q\000u\000a\000n\000t\000u\000m\000\040\000A\000d\000v\000a\000n\000t\000a\000g\000e\000\040\000Q\000u\000a\000n\000t\000i\000f\000i\000c\000a\000t\000i\000o\000n}{section.3}% 78
\BOOKMARK [3][-]{subsubsection.3.2.1}{\376\377\000S\000p\000e\000e\000d\000u\000p\000\040\000a\000n\000d\000\040\000O\000p\000t\000i\000m\000a\000l\000i\000t\000y\000\040\000G\000a\000p\000\040\000T\000r\000a\000d\000e\000-\000o\000f\000f}{subsection.3.2}% 79
\BOOKMARK [2][-]{subsection.3.3}{\376\377\000D\000e\000c\000o\000m\000p\000o\000s\000i\000t\000i\000o\000n\000\040\000M\000e\000t\000h\000o\000d\000\040\000C\000o\000m\000p\000a\000r\000i\000s\000o\000n}{section.3}% 80
\BOOKMARK [2][-]{subsection.3.4}{\376\377\000H\000a\000r\000d\000w\000a\000r\000e\000\040\000E\000f\000f\000e\000c\000t\000s\000\040\000a\000n\000d\000\040\000N\000o\000i\000s\000e\000\040\000A\000n\000a\000l\000y\000s\000i\000s}{section.3}% 81
\BOOKMARK [3][-]{subsubsection.3.4.1}{\376\377\000C\000h\000a\000i\000n\000\040\000B\000r\000e\000a\000k\000s\000\040\000a\000n\000d\000\040\000Q\000P\000U\000\040\000F\000i\000d\000e\000l\000i\000t\000y}{subsection.3.4}% 82
\BOOKMARK [3][-]{subsubsection.3.4.2}{\376\377\000E\000m\000b\000e\000d\000d\000i\000n\000g\000\040\000O\000v\000e\000r\000h\000e\000a\000d\000\040\000S\000e\000n\000s\000i\000t\000i\000v\000i\000t\000y}{subsection.3.4}% 83
\BOOKMARK [2][-]{subsection.3.5}{\376\377\000P\000r\000o\000b\000l\000e\000m\000s\000\040\000E\000n\000c\000o\000u\000n\000t\000e\000r\000e\000d\000\040\000a\000n\000d\000\040\000S\000o\000l\000u\000t\000i\000o\000n\000s}{section.3}% 84
\BOOKMARK [3][-]{subsubsection.3.5.1}{\376\377\000C\000h\000a\000l\000l\000e\000n\000g\000e\000\040\0001\000:\000\040\000C\000o\000n\000s\000t\000r\000a\000i\000n\000t\000\040\000V\000i\000o\000l\000a\000t\000i\000o\000n\000s\000\040\000i\000n\000\040\000C\000o\000o\000r\000d\000i\000n\000a\000t\000e\000d\000\040\000D\000e\000c\000o\000m\000p\000o\000s\000i\000t\000i\000o\000n}{subsection.3.5}% 85
\BOOKMARK [3][-]{subsubsection.3.5.2}{\376\377\000C\000h\000a\000l\000l\000e\000n\000g\000e\000\040\0002\000:\000\040\000Q\000P\000U\000\040\000T\000i\000m\000e\000\040\000M\000e\000a\000s\000u\000r\000e\000m\000e\000n\000t\000\040\000A\000c\000c\000u\000r\000a\000c\000y}{subsection.3.5}% 86
\BOOKMARK [3][-]{subsubsection.3.5.3}{\376\377\000C\000h\000a\000l\000l\000e\000n\000g\000e\000\040\0003\000:\000\040\000P\000e\000n\000a\000l\000t\000y\000\040\000P\000a\000r\000a\000m\000e\000t\000e\000r\000\040\000T\000u\000n\000i\000n\000g\000\040\000f\000o\000r\000\040\000B\000Q\000M\000\040\000C\000o\000n\000v\000e\000r\000s\000i\000o\000n}{subsection.3.5}% 87
\BOOKMARK [3][-]{subsubsection.3.5.4}{\376\377\000C\000h\000a\000l\000l\000e\000n\000g\000e\000\040\0004\000:\000\040\000C\000l\000a\000s\000s\000i\000c\000a\000l\000\040\000S\000o\000l\000v\000e\000r\000\040\000T\000i\000m\000e\000o\000u\000t\000\040\000a\000n\000d\000\040\000B\000a\000s\000e\000l\000i\000n\000e\000\040\000E\000s\000t\000a\000b\000l\000i\000s\000h\000m\000e\000n\000t}{subsection.3.5}% 88
\BOOKMARK [3][-]{subsubsection.3.5.5}{\376\377\000C\000h\000a\000l\000l\000e\000n\000g\000e\000\040\0005\000:\000\040\000B\000o\000u\000n\000d\000a\000r\000y\000\040\000E\000f\000f\000e\000c\000t\000s\000\040\000i\000n\000\040\000D\000e\000c\000o\000m\000p\000o\000s\000i\000t\000i\000o\000n}{subsection.3.5}% 89
\BOOKMARK [3][-]{subsubsection.3.5.6}{\376\377\000C\000h\000a\000l\000l\000e\000n\000g\000e\000\040\0006\000:\000\040\000S\000t\000a\000t\000i\000s\000t\000i\000c\000a\000l\000\040\000S\000i\000g\000n\000i\000f\000i\000c\000a\000n\000c\000e\000\040\000w\000i\000t\000h\000\040\000L\000i\000m\000i\000t\000e\000d\000\040\000Q\000P\000U\000\040\000A\000c\000c\000e\000s\000s}{subsection.3.5}% 90
\BOOKMARK [2][-]{subsection.3.6}{\376\377\000C\000o\000m\000p\000a\000r\000i\000s\000o\000n\000\040\000t\000o\000\040\000F\000u\000l\000l\000\040\000P\000r\000o\000p\000o\000s\000a\000l\000\040\000P\000r\000o\000j\000e\000c\000t\000i\000o\000n\000s}{section.3}% 91
\BOOKMARK [2][-]{subsection.3.7}{\376\377\000E\000x\000t\000r\000a\000p\000o\000l\000a\000t\000i\000o\000n\000\040\000t\000o\000\040\000L\000a\000r\000g\000e\000r\000\040\000S\000c\000a\000l\000e\000s\000\040\000a\000n\000d\000\040\000F\000u\000t\000u\000r\000e\000\040\000H\000a\000r\000d\000w\000a\000r\000e}{section.3}% 92
\BOOKMARK [3][-]{subsubsection.3.7.1}{\376\377\000P\000r\000o\000j\000e\000c\000t\000i\000o\000n\000s\000\040\000f\000o\000r\000\040\0001\0000\000,\0000\0000\0000\000-\000F\000a\000r\000m\000\040\000P\000r\000o\000b\000l\000e\000m\000s}{subsection.3.7}% 93
\BOOKMARK [3][-]{subsubsection.3.7.2}{\376\377\000I\000m\000p\000a\000c\000t\000\040\000o\000f\000\040\000N\000e\000x\000t\000-\000G\000e\000n\000e\000r\000a\000t\000i\000o\000n\000\040\000Q\000P\000U\000\040\000H\000a\000r\000d\000w\000a\000r\000e}{subsection.3.7}% 94
\BOOKMARK [2][-]{subsection.3.8}{\376\377\000P\000r\000a\000c\000t\000i\000c\000a\000l\000\040\000R\000e\000c\000o\000m\000m\000e\000n\000d\000a\000t\000i\000o\000n\000s\000\040\000f\000o\000r\000\040\000A\000g\000r\000i\000c\000u\000l\000t\000u\000r\000a\000l\000\040\000P\000l\000a\000n\000n\000e\000r\000s}{section.3}% 95
\BOOKMARK [2][-]{subsection.3.9}{\376\377\000C\000o\000n\000c\000l\000u\000s\000i\000o\000n\000s}{section.3}% 96
\BOOKMARK [1][-]{section.4}{\376\377\000I\000m\000p\000a\000c\000t\000\040\000a\000s\000s\000e\000s\000s\000m\000e\000n\000t\000:\000\040\000U\000p\000d\000a\000t\000e\000s\000\040\000t\000o\000\040\000t\000h\000e\000\040\000F\000u\000l\000l\000\040\000P\000r\000o\000p\000o\000s\000a\000l}{}% 97
\BOOKMARK [1][-]{section.5}{\376\377\000A\000p\000p\000e\000n\000d\000i\000x\000:\000\040\000T\000h\000e\000\040\000S\000p\000i\000n\000a\000c\000h\000\040\000I\000s\000s\000u\000e}{}% 98
\BOOKMARK [2][-]{subsection.5.1}{\376\377\000O\000v\000e\000r\000v\000i\000e\000w\000\040\000D\000a\000s\000h\000b\000o\000a\000r\000d\000s}{section.5}% 99
\BOOKMARK [3][-]{subsubsection.5.1.1}{\376\377\000C\000o\000m\000p\000r\000e\000h\000e\000n\000s\000i\000v\000e\000\040\000S\000o\000l\000v\000e\000r\000\040\000C\000o\000m\000p\000a\000r\000i\000s\000o\000n}{subsection.5.1}% 100
\BOOKMARK [3][-]{subsubsection.5.1.2}{\376\377\000S\000m\000a\000l\000l\000-\000S\000c\000a\000l\000e\000\040\000Q\000P\000U\000\040\000A\000n\000a\000l\000y\000s\000i\000s\000\040\000\050\0001\0000\000-\0001\0000\0000\000\040\000F\000a\000r\000m\000s\000\051}{subsection.5.1}% 101
\BOOKMARK [3][-]{subsubsection.5.1.3}{\376\377\000L\000a\000r\000g\000e\000-\000S\000c\000a\000l\000e\000\040\000Q\000P\000U\000\040\000A\000n\000a\000l\000y\000s\000i\000s\000\040\000\050\0002\0000\0000\000-\0001\0000\0000\0000\000\040\000F\000a\000r\000m\000s\000\051}{subsection.5.1}% 102
\BOOKMARK [3][-]{subsubsection.5.1.4}{\376\377\000S\000u\000m\000m\000a\000r\000y\000\040\000T\000a\000b\000l\000e}{subsection.5.1}% 103
\BOOKMARK [2][-]{subsection.5.2}{\376\377\000S\000o\000l\000u\000t\000i\000o\000n\000\040\000Q\000u\000a\000l\000i\000t\000y\000\040\000A\000n\000a\000l\000y\000s\000i\000s}{section.5}% 104
\BOOKMARK [3][-]{subsubsection.5.2.1}{\376\377\000Q\000u\000a\000l\000i\000t\000y\000\040\000M\000e\000t\000r\000i\000c\000s\000\040\000C\000o\000m\000p\000a\000r\000i\000s\000o\000n}{subsection.5.2}% 105
\BOOKMARK [3][-]{subsubsection.5.2.2}{\376\377\000S\000o\000l\000u\000t\000i\000o\000n\000\040\000C\000h\000a\000r\000a\000c\000t\000e\000r\000i\000s\000t\000i\000c\000s\000\040\000H\000i\000s\000t\000o\000g\000r\000a\000m\000s}{subsection.5.2}% 106
\BOOKMARK [2][-]{subsection.5.3}{\376\377\000C\000r\000o\000p\000\040\000A\000l\000l\000o\000c\000a\000t\000i\000o\000n\000\040\000P\000a\000t\000t\000e\000r\000n\000s}{section.5}% 107
\BOOKMARK [3][-]{subsubsection.5.3.1}{\376\377\000S\000o\000l\000u\000t\000i\000o\000n\000\040\000C\000o\000m\000p\000o\000s\000i\000t\000i\000o\000n\000\040\000P\000i\000e\000\040\000C\000h\000a\000r\000t\000s}{subsection.5.3}% 108
\BOOKMARK [3][-]{subsubsection.5.3.2}{\376\377\000S\000o\000l\000u\000t\000i\000o\000n\000\040\000C\000o\000m\000p\000o\000s\000i\000t\000i\000o\000n\000\040\000H\000i\000s\000t\000o\000g\000r\000a\000m\000s}{subsection.5.3}% 109
\BOOKMARK [3][-]{subsubsection.5.3.3}{\376\377\000D\000e\000t\000a\000i\000l\000e\000d\000\040\000C\000r\000o\000p\000\040\000D\000i\000s\000t\000r\000i\000b\000u\000t\000i\000o\000n\000\040\000b\000y\000\040\000S\000c\000a\000l\000e}{subsection.5.3}% 110
\BOOKMARK [3][-]{subsubsection.5.3.4}{\376\377\000D\000e\000t\000a\000i\000l\000e\000d\000\040\000A\000l\000l\000o\000c\000a\000t\000i\000o\000n\000\040\000a\000t\000\040\000K\000e\000y\000\040\000S\000c\000a\000l\000e\000s}{subsection.5.3}% 111
\BOOKMARK [2][-]{subsection.5.4}{\376\377\000F\000o\000o\000d\000\040\000G\000r\000o\000u\000p\000\040\000A\000n\000a\000l\000y\000s\000i\000s}{section.5}% 112
\BOOKMARK [3][-]{subsubsection.5.4.1}{\376\377\000F\000o\000o\000d\000\040\000G\000r\000o\000u\000p\000\040\000C\000o\000m\000p\000o\000s\000i\000t\000i\000o\000n\000\040\000b\000y\000\040\000S\000c\000a\000l\000e}{subsection.5.4}% 113
\BOOKMARK [3][-]{subsubsection.5.4.2}{\376\377\000L\000a\000n\000d\000\040\000U\000t\000i\000l\000i\000z\000a\000t\000i\000o\000n\000\040\000b\000y\000\040\000F\000o\000o\000d\000\040\000G\000r\000o\000u\000p\000\040\000a\000t\000\040\000M\000a\000x\000i\000m\000u\000m\000\040\000S\000c\000a\000l\000e}{subsection.5.4}% 114
\BOOKMARK [3][-]{subsubsection.5.4.3}{\376\377\000U\000n\000i\000q\000u\000e\000\040\000C\000r\000o\000p\000s\000\040\000S\000e\000l\000e\000c\000t\000i\000o\000n\000\040\000H\000e\000a\000t\000m\000a\000p}{subsection.5.4}% 115
\BOOKMARK [2][-]{subsection.5.5}{\376\377\000C\000r\000o\000p\000\040\000B\000e\000n\000e\000f\000i\000t\000\040\000a\000n\000d\000\040\000W\000e\000i\000g\000h\000t\000\040\000S\000e\000n\000s\000i\000t\000i\000v\000i\000t\000y\000\040\000A\000n\000a\000l\000y\000s\000i\000s}{section.5}% 116
\BOOKMARK [2][-]{subsection.5.6}{\376\377\000I\000n\000d\000i\000v\000i\000d\000u\000a\000l\000\040\000W\000e\000i\000g\000h\000t\000\040\000S\000e\000n\000s\000i\000t\000i\000v\000i\000t\000y\000\040\000A\000n\000a\000l\000y\000s\000i\000s}{section.5}% 117
\BOOKMARK [3][-]{subsubsection.5.6.1}{\376\377\000S\000p\000i\000n\000a\000c\000h\000\040\000D\000o\000m\000i\000n\000a\000n\000c\000e\000\040\000A\000n\000a\000l\000y\000s\000i\000s}{subsection.5.6}% 118
\BOOKMARK [3][-]{subsubsection.5.6.2}{\376\377\000M\000u\000l\000t\000i\000-\000D\000i\000m\000e\000n\000s\000i\000o\000n\000a\000l\000\040\000C\000r\000o\000p\000\040\000C\000o\000m\000p\000a\000r\000i\000s\000o\000n}{subsection.5.6}% 119
\BOOKMARK [3][-]{subsubsection.5.6.3}{\376\377\000C\000r\000o\000p\000\040\000R\000a\000n\000k\000i\000n\000g\000\040\000S\000u\000m\000m\000a\000r\000y\000\040\000S\000t\000a\000t\000i\000s\000t\000i\000c\000s}{subsection.5.6}% 120
