This is pdfTeX, Version 3.141592653-2.6-1.40.27 (TeX Live 2025) (preloaded format=pdflatex 2025.10.31)  16 DEC 2025 16:26
entering extended mode
 restricted \write18 enabled.
 %&-line parsing enabled.
**./Phase3_Report_NEW.tex
(./Phase3_Report_NEW.tex
LaTeX2e <2024-11-01> patch level 2
L3 programming layer <2025-01-18>
(/usr/local/texlive/2025/texmf-dist/tex/latex/base/article.cls
Document Class: article 2024/06/29 v1.4n Standard LaTeX document class
(/usr/local/texlive/2025/texmf-dist/tex/latex/base/size11.clo
File: size11.clo 2024/06/29 v1.4n Standard LaTeX file (size option)
)
\c@part=\count196
\c@section=\count197
\c@subsection=\count198
\c@subsubsection=\count199
\c@paragraph=\count266
\c@subparagraph=\count267
\c@figure=\count268
\c@table=\count269
\abovecaptionskip=\skip49
\belowcaptionskip=\skip50
\bibindent=\dimen141
)
(/usr/local/texlive/2025/texmf-dist/tex/generic/babel/babel.sty
Package: babel 2025/02/14 v25.4 The multilingual framework for pdfLaTeX, LuaLaT
eX and XeLaTeX
\babel@savecnt=\count270
\U@D=\dimen142
\l@unhyphenated=\language90

(/usr/local/texlive/2025/texmf-dist/tex/generic/babel/txtbabel.def)
\bbl@readstream=\read2
\bbl@dirlevel=\count271

(/usr/local/texlive/2025/texmf-dist/tex/generic/babel-english/english.ldf
Language: english 2017/06/06 v3.3r English support from the babel system
Package babel Info: Hyphen rules for 'canadian' set to \l@english
(babel)             (\language0). Reported on input line 102.
Package babel Info: Hyphen rules for 'australian' set to \l@ukenglish
(babel)             (\language22). Reported on input line 105.
Package babel Info: Hyphen rules for 'newzealand' set to \l@ukenglish
(babel)             (\language22). Reported on input line 108.
))
(/usr/local/texlive/2025/texmf-dist/tex/generic/babel/locale/en/babel-english.t
ex
Package babel Info: Importing font and identification data for english
(babel)             from babel-en.ini. Reported on input line 11.
) (/usr/local/texlive/2025/texmf-dist/tex/latex/base/fontenc.sty
Package: fontenc 2021/04/29 v2.0v Standard LaTeX package
)
(/usr/local/texlive/2025/texmf-dist/tex/latex/tools/array.sty
Package: array 2024/10/17 v2.6g Tabular extension package (FMi)
\col@sep=\dimen143
\ar@mcellbox=\box52
\extrarowheight=\dimen144
\NC@list=\toks17
\extratabsurround=\skip51
\backup@length=\skip52
\ar@cellbox=\box53
)
(/usr/local/texlive/2025/texmf-dist/tex/latex/algorithms/algorithm.sty
Package: algorithm 2009/08/24 v0.1 Document Style `algorithm' - floating enviro
nment

(/usr/local/texlive/2025/texmf-dist/tex/latex/float/float.sty
Package: float 2001/11/08 v1.3d Float enhancements (AL)
\c@float@type=\count272
\float@exts=\toks18
\float@box=\box54
\@float@everytoks=\toks19
\@floatcapt=\box55
)
(/usr/local/texlive/2025/texmf-dist/tex/latex/base/ifthen.sty
Package: ifthen 2024/03/16 v1.1e Standard LaTeX ifthen package (DPC)
)
\@float@every@algorithm=\toks20
\c@algorithm=\count273
)
(/usr/local/texlive/2025/texmf-dist/tex/latex/algorithmicx/algpseudocode.sty
Package: algpseudocode 

(/usr/local/texlive/2025/texmf-dist/tex/latex/algorithmicx/algorithmicx.sty
Package: algorithmicx 2005/04/27 v1.2 Algorithmicx

Document Style algorithmicx 1.2 - a greatly improved `algorithmic' style
\c@ALG@line=\count274
\c@ALG@rem=\count275
\c@ALG@nested=\count276
\ALG@tlm=\skip53
\ALG@thistlm=\skip54
\c@ALG@Lnr=\count277
\c@ALG@blocknr=\count278
\c@ALG@storecount=\count279
\c@ALG@tmpcounter=\count280
\ALG@tmplength=\skip55
)
Document Style - pseudocode environments for use with the `algorithmicx' style
) (/usr/local/texlive/2025/texmf-dist/tex/latex/booktabs/booktabs.sty
Package: booktabs 2020/01/12 v1.61803398 Publication quality tables
\heavyrulewidth=\dimen145
\lightrulewidth=\dimen146
\cmidrulewidth=\dimen147
\belowrulesep=\dimen148
\belowbottomsep=\dimen149
\aboverulesep=\dimen150
\abovetopsep=\dimen151
\cmidrulesep=\dimen152
\cmidrulekern=\dimen153
\defaultaddspace=\dimen154
\@cmidla=\count281
\@cmidlb=\count282
\@aboverulesep=\dimen155
\@belowrulesep=\dimen156
\@thisruleclass=\count283
\@lastruleclass=\count284
\@thisrulewidth=\dimen157
)
(/usr/local/texlive/2025/texmf-dist/tex/latex/geometry/geometry.sty
Package: geometry 2020/01/02 v5.9 Page Geometry

(/usr/local/texlive/2025/texmf-dist/tex/latex/graphics/keyval.sty
Package: keyval 2022/05/29 v1.15 key=value parser (DPC)
\KV@toks@=\toks21
)
(/usr/local/texlive/2025/texmf-dist/tex/generic/iftex/ifvtex.sty
Package: ifvtex 2019/10/25 v1.7 ifvtex legacy package. Use iftex instead.

(/usr/local/texlive/2025/texmf-dist/tex/generic/iftex/iftex.sty
Package: iftex 2024/12/12 v1.0g TeX engine tests
))
\Gm@cnth=\count285
\Gm@cntv=\count286
\c@Gm@tempcnt=\count287
\Gm@bindingoffset=\dimen158
\Gm@wd@mp=\dimen159
\Gm@odd@mp=\dimen160
\Gm@even@mp=\dimen161
\Gm@layoutwidth=\dimen162
\Gm@layoutheight=\dimen163
\Gm@layouthoffset=\dimen164
\Gm@layoutvoffset=\dimen165
\Gm@dimlist=\toks22
)
(/usr/local/texlive/2025/texmf-dist/tex/latex/hyperref/hyperref.sty
Package: hyperref 2024-11-05 v7.01l Hypertext links for LaTeX

(/usr/local/texlive/2025/texmf-dist/tex/latex/kvsetkeys/kvsetkeys.sty
Package: kvsetkeys 2022-10-05 v1.19 Key value parser (HO)
)
(/usr/local/texlive/2025/texmf-dist/tex/generic/kvdefinekeys/kvdefinekeys.sty
Package: kvdefinekeys 2019-12-19 v1.6 Define keys (HO)
)
(/usr/local/texlive/2025/texmf-dist/tex/generic/pdfescape/pdfescape.sty
Package: pdfescape 2019/12/09 v1.15 Implements pdfTeX's escape features (HO)

(/usr/local/texlive/2025/texmf-dist/tex/generic/ltxcmds/ltxcmds.sty
Package: ltxcmds 2023-12-04 v1.26 LaTeX kernel commands for general use (HO)
)
(/usr/local/texlive/2025/texmf-dist/tex/generic/pdftexcmds/pdftexcmds.sty
Package: pdftexcmds 2020-06-27 v0.33 Utility functions of pdfTeX for LuaTeX (HO
)

(/usr/local/texlive/2025/texmf-dist/tex/generic/infwarerr/infwarerr.sty
Package: infwarerr 2019/12/03 v1.5 Providing info/warning/error messages (HO)
)
Package pdftexcmds Info: \pdf@primitive is available.
Package pdftexcmds Info: \pdf@ifprimitive is available.
Package pdftexcmds Info: \pdfdraftmode found.
))
(/usr/local/texlive/2025/texmf-dist/tex/latex/hycolor/hycolor.sty
Package: hycolor 2020-01-27 v1.10 Color options for hyperref/bookmark (HO)
)
(/usr/local/texlive/2025/texmf-dist/tex/latex/hyperref/nameref.sty
Package: nameref 2023-11-26 v2.56 Cross-referencing by name of section

(/usr/local/texlive/2025/texmf-dist/tex/latex/refcount/refcount.sty
Package: refcount 2019/12/15 v3.6 Data extraction from label references (HO)
)
(/usr/local/texlive/2025/texmf-dist/tex/generic/gettitlestring/gettitlestring.s
ty
Package: gettitlestring 2019/12/15 v1.6 Cleanup title references (HO)
 (/usr/local/texlive/2025/texmf-dist/tex/latex/kvoptions/kvoptions.sty
Package: kvoptions 2022-06-15 v3.15 Key value format for package options (HO)
))
\c@section@level=\count288
)
(/usr/local/texlive/2025/texmf-dist/tex/latex/etoolbox/etoolbox.sty
Package: etoolbox 2025/02/11 v2.5l e-TeX tools for LaTeX (JAW)
\etb@tempcnta=\count289
)
(/usr/local/texlive/2025/texmf-dist/tex/generic/stringenc/stringenc.sty
Package: stringenc 2019/11/29 v1.12 Convert strings between diff. encodings (HO
)
)
\@linkdim=\dimen166
\Hy@linkcounter=\count290
\Hy@pagecounter=\count291

(/usr/local/texlive/2025/texmf-dist/tex/latex/hyperref/pd1enc.def
File: pd1enc.def 2024-11-05 v7.01l Hyperref: PDFDocEncoding definition (HO)
Now handling font encoding PD1 ...
... no UTF-8 mapping file for font encoding PD1
)
(/usr/local/texlive/2025/texmf-dist/tex/generic/intcalc/intcalc.sty
Package: intcalc 2019/12/15 v1.3 Expandable calculations with integers (HO)
)
\Hy@SavedSpaceFactor=\count292

(/usr/local/texlive/2025/texmf-dist/tex/latex/hyperref/puenc.def
File: puenc.def 2024-11-05 v7.01l Hyperref: PDF Unicode definition (HO)
Now handling font encoding PU ...
... no UTF-8 mapping file for font encoding PU
)
Package hyperref Info: Hyper figures OFF on input line 4157.
Package hyperref Info: Link nesting OFF on input line 4162.
Package hyperref Info: Hyper index ON on input line 4165.
Package hyperref Info: Plain pages OFF on input line 4172.
Package hyperref Info: Backreferencing OFF on input line 4177.
Package hyperref Info: Implicit mode ON; LaTeX internals redefined.
Package hyperref Info: Bookmarks ON on input line 4424.
\c@Hy@tempcnt=\count293

(/usr/local/texlive/2025/texmf-dist/tex/latex/url/url.sty
\Urlmuskip=\muskip17
Package: url 2013/09/16  ver 3.4  Verb mode for urls, etc.
)
LaTeX Info: Redefining \url on input line 4763.
\XeTeXLinkMargin=\dimen167

(/usr/local/texlive/2025/texmf-dist/tex/generic/bitset/bitset.sty
Package: bitset 2019/12/09 v1.3 Handle bit-vector datatype (HO)

(/usr/local/texlive/2025/texmf-dist/tex/generic/bigintcalc/bigintcalc.sty
Package: bigintcalc 2019/12/15 v1.5 Expandable calculations on big integers (HO
)
))
\Fld@menulength=\count294
\Field@Width=\dimen168
\Fld@charsize=\dimen169
Package hyperref Info: Hyper figures OFF on input line 6042.
Package hyperref Info: Link nesting OFF on input line 6047.
Package hyperref Info: Hyper index ON on input line 6050.
Package hyperref Info: backreferencing OFF on input line 6057.
Package hyperref Info: Link coloring OFF on input line 6062.
Package hyperref Info: Link coloring with OCG OFF on input line 6067.
Package hyperref Info: PDF/A mode OFF on input line 6072.

(/usr/local/texlive/2025/texmf-dist/tex/latex/base/atbegshi-ltx.sty
Package: atbegshi-ltx 2021/01/10 v1.0c Emulation of the original atbegshi
package with kernel methods
)
\Hy@abspage=\count295
\c@Item=\count296
\c@Hfootnote=\count297
)
Package hyperref Info: Driver (autodetected): hpdftex.

(/usr/local/texlive/2025/texmf-dist/tex/latex/hyperref/hpdftex.def
File: hpdftex.def 2024-11-05 v7.01l Hyperref driver for pdfTeX

(/usr/local/texlive/2025/texmf-dist/tex/latex/base/atveryend-ltx.sty
Package: atveryend-ltx 2020/08/19 v1.0a Emulation of the original atveryend pac
kage
with kernel methods
)
\Fld@listcount=\count298
\c@bookmark@seq@number=\count299

(/usr/local/texlive/2025/texmf-dist/tex/latex/rerunfilecheck/rerunfilecheck.sty
Package: rerunfilecheck 2022-07-10 v1.10 Rerun checks for auxiliary files (HO)

(/usr/local/texlive/2025/texmf-dist/tex/generic/uniquecounter/uniquecounter.sty
Package: uniquecounter 2019/12/15 v1.4 Provide unlimited unique counter (HO)
)
Package uniquecounter Info: New unique counter `rerunfilecheck' on input line 2
85.
)
\Hy@SectionHShift=\skip56
) (/usr/local/texlive/2025/texmf-dist/tex/latex/graphics/graphicx.sty
Package: graphicx 2021/09/16 v1.2d Enhanced LaTeX Graphics (DPC,SPQR)

(/usr/local/texlive/2025/texmf-dist/tex/latex/graphics/graphics.sty
Package: graphics 2024/08/06 v1.4g Standard LaTeX Graphics (DPC,SPQR)

(/usr/local/texlive/2025/texmf-dist/tex/latex/graphics/trig.sty
Package: trig 2023/12/02 v1.11 sin cos tan (DPC)
)
(/usr/local/texlive/2025/texmf-dist/tex/latex/graphics-cfg/graphics.cfg
File: graphics.cfg 2016/06/04 v1.11 sample graphics configuration
)
Package graphics Info: Driver file: pdftex.def on input line 106.

(/usr/local/texlive/2025/texmf-dist/tex/latex/graphics-def/pdftex.def
File: pdftex.def 2024/04/13 v1.2c Graphics/color driver for pdftex
))
\Gin@req@height=\dimen170
\Gin@req@width=\dimen171
)
(/usr/local/texlive/2025/texmf-dist/tex/latex/multirow/multirow.sty
Package: multirow 2024/11/12 v2.9 Span multiple rows of a table
\multirow@colwidth=\skip57
\multirow@cntb=\count300
\multirow@dima=\skip58
\bigstrutjot=\dimen172
)

! LaTeX Error: Option clash for package geometry.

See the LaTeX manual or LaTeX Companion for explanation.
Type  H <return>  for immediate help.
 ...                                              
                                                  
l.18 
     
? 
(/usr/local/texlive/2025/texmf-dist/tex/latex/amsmath/amsmath.sty
Package: amsmath 2024/11/05 v2.17t AMS math features
\@mathmargin=\skip59

For additional information on amsmath, use the `?' option.
(/usr/local/texlive/2025/texmf-dist/tex/latex/amsmath/amstext.sty
Package: amstext 2021/08/26 v2.01 AMS text

(/usr/local/texlive/2025/texmf-dist/tex/latex/amsmath/amsgen.sty
File: amsgen.sty 1999/11/30 v2.0 generic functions
\@emptytoks=\toks23
\ex@=\dimen173
))
(/usr/local/texlive/2025/texmf-dist/tex/latex/amsmath/amsbsy.sty
Package: amsbsy 1999/11/29 v1.2d Bold Symbols
\pmbraise@=\dimen174
)
(/usr/local/texlive/2025/texmf-dist/tex/latex/amsmath/amsopn.sty
Package: amsopn 2022/04/08 v2.04 operator names
)
\inf@bad=\count301
LaTeX Info: Redefining \frac on input line 233.
\uproot@=\count302
\leftroot@=\count303
LaTeX Info: Redefining \overline on input line 398.
LaTeX Info: Redefining \colon on input line 409.
\classnum@=\count304
\DOTSCASE@=\count305
LaTeX Info: Redefining \ldots on input line 495.
LaTeX Info: Redefining \dots on input line 498.
LaTeX Info: Redefining \cdots on input line 619.
\Mathstrutbox@=\box56
\strutbox@=\box57
LaTeX Info: Redefining \big on input line 721.
LaTeX Info: Redefining \Big on input line 722.
LaTeX Info: Redefining \bigg on input line 723.
LaTeX Info: Redefining \Bigg on input line 724.
\big@size=\dimen175
LaTeX Font Info:    Redeclaring font encoding OML on input line 742.
LaTeX Font Info:    Redeclaring font encoding OMS on input line 743.
\macc@depth=\count306
LaTeX Info: Redefining \bmod on input line 904.
LaTeX Info: Redefining \pmod on input line 909.
LaTeX Info: Redefining \smash on input line 939.
LaTeX Info: Redefining \relbar on input line 969.
LaTeX Info: Redefining \Relbar on input line 970.
\c@MaxMatrixCols=\count307
\dotsspace@=\muskip18
\c@parentequation=\count308
\dspbrk@lvl=\count309
\tag@help=\toks24
\row@=\count310
\column@=\count311
\maxfields@=\count312
\andhelp@=\toks25
\eqnshift@=\dimen176
\alignsep@=\dimen177
\tagshift@=\dimen178
\tagwidth@=\dimen179
\totwidth@=\dimen180
\lineht@=\dimen181
\@envbody=\toks26
\multlinegap=\skip60
\multlinetaggap=\skip61
\mathdisplay@stack=\toks27
LaTeX Info: Redefining \[ on input line 2953.
LaTeX Info: Redefining \] on input line 2954.
)
(/usr/local/texlive/2025/texmf-dist/tex/latex/todonotes/todonotes.sty
Package: todonotes 2024/01/05 v1.1.7 Todonotes source and documentation.
Package: todonotes 2024/01/05

(/usr/local/texlive/2025/texmf-dist/tex/latex/xkeyval/xkeyval.sty
Package: xkeyval 2022/06/16 v2.9 package option processing (HA)

(/usr/local/texlive/2025/texmf-dist/tex/generic/xkeyval/xkeyval.tex
(/usr/local/texlive/2025/texmf-dist/tex/generic/xkeyval/xkvutils.tex
\XKV@toks=\toks28
\XKV@tempa@toks=\toks29
)
\XKV@depth=\count313
File: xkeyval.tex 2014/12/03 v2.7a key=value parser (HA)
))
(/usr/local/texlive/2025/texmf-dist/tex/latex/xcolor/xcolor.sty
Package: xcolor 2024/09/29 v3.02 LaTeX color extensions (UK)

(/usr/local/texlive/2025/texmf-dist/tex/latex/graphics-cfg/color.cfg
File: color.cfg 2016/01/02 v1.6 sample color configuration
)
Package xcolor Info: Driver file: pdftex.def on input line 274.

(/usr/local/texlive/2025/texmf-dist/tex/latex/graphics/mathcolor.ltx)
Package xcolor Info: Model `cmy' substituted by `cmy0' on input line 1349.
Package xcolor Info: Model `hsb' substituted by `rgb' on input line 1353.
Package xcolor Info: Model `RGB' extended on input line 1365.
Package xcolor Info: Model `HTML' substituted by `rgb' on input line 1367.
Package xcolor Info: Model `Hsb' substituted by `hsb' on input line 1368.
Package xcolor Info: Model `tHsb' substituted by `hsb' on input line 1369.
Package xcolor Info: Model `HSB' substituted by `hsb' on input line 1370.
Package xcolor Info: Model `Gray' substituted by `gray' on input line 1371.
Package xcolor Info: Model `wave' substituted by `hsb' on input line 1372.
)
(/usr/local/texlive/2025/texmf-dist/tex/latex/pgf/frontendlayer/tikz.sty
(/usr/local/texlive/2025/texmf-dist/tex/latex/pgf/basiclayer/pgf.sty
(/usr/local/texlive/2025/texmf-dist/tex/latex/pgf/utilities/pgfrcs.sty
(/usr/local/texlive/2025/texmf-dist/tex/generic/pgf/utilities/pgfutil-common.te
x
\pgfutil@everybye=\toks30
\pgfutil@tempdima=\dimen182
\pgfutil@tempdimb=\dimen183
)
(/usr/local/texlive/2025/texmf-dist/tex/generic/pgf/utilities/pgfutil-latex.def
\pgfutil@abb=\box58
) (/usr/local/texlive/2025/texmf-dist/tex/generic/pgf/utilities/pgfrcs.code.tex
(/usr/local/texlive/2025/texmf-dist/tex/generic/pgf/pgf.revision.tex)
Package: pgfrcs 2023-01-15 v3.1.10 (3.1.10)
))
Package: pgf 2023-01-15 v3.1.10 (3.1.10)

(/usr/local/texlive/2025/texmf-dist/tex/latex/pgf/basiclayer/pgfcore.sty
(/usr/local/texlive/2025/texmf-dist/tex/latex/pgf/systemlayer/pgfsys.sty
(/usr/local/texlive/2025/texmf-dist/tex/generic/pgf/systemlayer/pgfsys.code.tex
Package: pgfsys 2023-01-15 v3.1.10 (3.1.10)
(/usr/local/texlive/2025/texmf-dist/tex/generic/pgf/utilities/pgfkeys.code.tex
\pgfkeys@pathtoks=\toks31
\pgfkeys@temptoks=\toks32

(/usr/local/texlive/2025/texmf-dist/tex/generic/pgf/utilities/pgfkeyslibraryfil
tered.code.tex
\pgfkeys@tmptoks=\toks33
))
\pgf@x=\dimen184
\pgf@y=\dimen185
\pgf@xa=\dimen186
\pgf@ya=\dimen187
\pgf@xb=\dimen188
\pgf@yb=\dimen189
\pgf@xc=\dimen190
\pgf@yc=\dimen191
\pgf@xd=\dimen192
\pgf@yd=\dimen193
\w@pgf@writea=\write3
\r@pgf@reada=\read3
\c@pgf@counta=\count314
\c@pgf@countb=\count315
\c@pgf@countc=\count316
\c@pgf@countd=\count317
\t@pgf@toka=\toks34
\t@pgf@tokb=\toks35
\t@pgf@tokc=\toks36
\pgf@sys@id@count=\count318

(/usr/local/texlive/2025/texmf-dist/tex/generic/pgf/systemlayer/pgf.cfg
File: pgf.cfg 2023-01-15 v3.1.10 (3.1.10)
)
Driver file for pgf: pgfsys-pdftex.def

(/usr/local/texlive/2025/texmf-dist/tex/generic/pgf/systemlayer/pgfsys-pdftex.d
ef
File: pgfsys-pdftex.def 2023-01-15 v3.1.10 (3.1.10)

(/usr/local/texlive/2025/texmf-dist/tex/generic/pgf/systemlayer/pgfsys-common-p
df.def
File: pgfsys-common-pdf.def 2023-01-15 v3.1.10 (3.1.10)
)))
(/usr/local/texlive/2025/texmf-dist/tex/generic/pgf/systemlayer/pgfsyssoftpath.
code.tex
File: pgfsyssoftpath.code.tex 2023-01-15 v3.1.10 (3.1.10)
\pgfsyssoftpath@smallbuffer@items=\count319
\pgfsyssoftpath@bigbuffer@items=\count320
)
(/usr/local/texlive/2025/texmf-dist/tex/generic/pgf/systemlayer/pgfsysprotocol.
code.tex
File: pgfsysprotocol.code.tex 2023-01-15 v3.1.10 (3.1.10)
))
(/usr/local/texlive/2025/texmf-dist/tex/generic/pgf/basiclayer/pgfcore.code.tex
Package: pgfcore 2023-01-15 v3.1.10 (3.1.10)
(/usr/local/texlive/2025/texmf-dist/tex/generic/pgf/math/pgfmath.code.tex
(/usr/local/texlive/2025/texmf-dist/tex/generic/pgf/math/pgfmathutil.code.tex)
(/usr/local/texlive/2025/texmf-dist/tex/generic/pgf/math/pgfmathparser.code.tex
\pgfmath@dimen=\dimen194
\pgfmath@count=\count321
\pgfmath@box=\box59
\pgfmath@toks=\toks37
\pgfmath@stack@operand=\toks38
\pgfmath@stack@operation=\toks39
)
(/usr/local/texlive/2025/texmf-dist/tex/generic/pgf/math/pgfmathfunctions.code.
tex)
(/usr/local/texlive/2025/texmf-dist/tex/generic/pgf/math/pgfmathfunctions.basic
.code.tex)
(/usr/local/texlive/2025/texmf-dist/tex/generic/pgf/math/pgfmathfunctions.trigo
nometric.code.tex)
(/usr/local/texlive/2025/texmf-dist/tex/generic/pgf/math/pgfmathfunctions.rando
m.code.tex)
(/usr/local/texlive/2025/texmf-dist/tex/generic/pgf/math/pgfmathfunctions.compa
rison.code.tex)
(/usr/local/texlive/2025/texmf-dist/tex/generic/pgf/math/pgfmathfunctions.base.
code.tex)
(/usr/local/texlive/2025/texmf-dist/tex/generic/pgf/math/pgfmathfunctions.round
.code.tex)
(/usr/local/texlive/2025/texmf-dist/tex/generic/pgf/math/pgfmathfunctions.misc.
code.tex)
(/usr/local/texlive/2025/texmf-dist/tex/generic/pgf/math/pgfmathfunctions.integ
erarithmetics.code.tex)
(/usr/local/texlive/2025/texmf-dist/tex/generic/pgf/math/pgfmathcalc.code.tex)
(/usr/local/texlive/2025/texmf-dist/tex/generic/pgf/math/pgfmathfloat.code.tex
\c@pgfmathroundto@lastzeros=\count322
)) (/usr/local/texlive/2025/texmf-dist/tex/generic/pgf/math/pgfint.code.tex)
(/usr/local/texlive/2025/texmf-dist/tex/generic/pgf/basiclayer/pgfcorepoints.co
de.tex
File: pgfcorepoints.code.tex 2023-01-15 v3.1.10 (3.1.10)
\pgf@picminx=\dimen195
\pgf@picmaxx=\dimen196
\pgf@picminy=\dimen197
\pgf@picmaxy=\dimen198
\pgf@pathminx=\dimen199
\pgf@pathmaxx=\dimen256
\pgf@pathminy=\dimen257
\pgf@pathmaxy=\dimen258
\pgf@xx=\dimen259
\pgf@xy=\dimen260
\pgf@yx=\dimen261
\pgf@yy=\dimen262
\pgf@zx=\dimen263
\pgf@zy=\dimen264
)
(/usr/local/texlive/2025/texmf-dist/tex/generic/pgf/basiclayer/pgfcorepathconst
ruct.code.tex
File: pgfcorepathconstruct.code.tex 2023-01-15 v3.1.10 (3.1.10)
\pgf@path@lastx=\dimen265
\pgf@path@lasty=\dimen266
)
(/usr/local/texlive/2025/texmf-dist/tex/generic/pgf/basiclayer/pgfcorepathusage
.code.tex
File: pgfcorepathusage.code.tex 2023-01-15 v3.1.10 (3.1.10)
\pgf@shorten@end@additional=\dimen267
\pgf@shorten@start@additional=\dimen268
)
(/usr/local/texlive/2025/texmf-dist/tex/generic/pgf/basiclayer/pgfcorescopes.co
de.tex
File: pgfcorescopes.code.tex 2023-01-15 v3.1.10 (3.1.10)
\pgfpic=\box60
\pgf@hbox=\box61
\pgf@layerbox@main=\box62
\pgf@picture@serial@count=\count323
)
(/usr/local/texlive/2025/texmf-dist/tex/generic/pgf/basiclayer/pgfcoregraphicst
ate.code.tex
File: pgfcoregraphicstate.code.tex 2023-01-15 v3.1.10 (3.1.10)
\pgflinewidth=\dimen269
)
(/usr/local/texlive/2025/texmf-dist/tex/generic/pgf/basiclayer/pgfcoretransform
ations.code.tex
File: pgfcoretransformations.code.tex 2023-01-15 v3.1.10 (3.1.10)
\pgf@pt@x=\dimen270
\pgf@pt@y=\dimen271
\pgf@pt@temp=\dimen272
)
(/usr/local/texlive/2025/texmf-dist/tex/generic/pgf/basiclayer/pgfcorequick.cod
e.tex
File: pgfcorequick.code.tex 2023-01-15 v3.1.10 (3.1.10)
)
(/usr/local/texlive/2025/texmf-dist/tex/generic/pgf/basiclayer/pgfcoreobjects.c
ode.tex
File: pgfcoreobjects.code.tex 2023-01-15 v3.1.10 (3.1.10)
)
(/usr/local/texlive/2025/texmf-dist/tex/generic/pgf/basiclayer/pgfcorepathproce
ssing.code.tex
File: pgfcorepathprocessing.code.tex 2023-01-15 v3.1.10 (3.1.10)
)
(/usr/local/texlive/2025/texmf-dist/tex/generic/pgf/basiclayer/pgfcorearrows.co
de.tex
File: pgfcorearrows.code.tex 2023-01-15 v3.1.10 (3.1.10)
\pgfarrowsep=\dimen273
)
(/usr/local/texlive/2025/texmf-dist/tex/generic/pgf/basiclayer/pgfcoreshade.cod
e.tex
File: pgfcoreshade.code.tex 2023-01-15 v3.1.10 (3.1.10)
\pgf@max=\dimen274
\pgf@sys@shading@range@num=\count324
\pgf@shadingcount=\count325
)
(/usr/local/texlive/2025/texmf-dist/tex/generic/pgf/basiclayer/pgfcoreimage.cod
e.tex
File: pgfcoreimage.code.tex 2023-01-15 v3.1.10 (3.1.10)
)
(/usr/local/texlive/2025/texmf-dist/tex/generic/pgf/basiclayer/pgfcoreexternal.
code.tex
File: pgfcoreexternal.code.tex 2023-01-15 v3.1.10 (3.1.10)
\pgfexternal@startupbox=\box63
)
(/usr/local/texlive/2025/texmf-dist/tex/generic/pgf/basiclayer/pgfcorelayers.co
de.tex
File: pgfcorelayers.code.tex 2023-01-15 v3.1.10 (3.1.10)
)
(/usr/local/texlive/2025/texmf-dist/tex/generic/pgf/basiclayer/pgfcoretranspare
ncy.code.tex
File: pgfcoretransparency.code.tex 2023-01-15 v3.1.10 (3.1.10)
)
(/usr/local/texlive/2025/texmf-dist/tex/generic/pgf/basiclayer/pgfcorepatterns.
code.tex
File: pgfcorepatterns.code.tex 2023-01-15 v3.1.10 (3.1.10)
)
(/usr/local/texlive/2025/texmf-dist/tex/generic/pgf/basiclayer/pgfcorerdf.code.
tex
File: pgfcorerdf.code.tex 2023-01-15 v3.1.10 (3.1.10)
)))
(/usr/local/texlive/2025/texmf-dist/tex/generic/pgf/modules/pgfmoduleshapes.cod
e.tex
File: pgfmoduleshapes.code.tex 2023-01-15 v3.1.10 (3.1.10)
\pgfnodeparttextbox=\box64
)
(/usr/local/texlive/2025/texmf-dist/tex/generic/pgf/modules/pgfmoduleplot.code.
tex
File: pgfmoduleplot.code.tex 2023-01-15 v3.1.10 (3.1.10)
)
(/usr/local/texlive/2025/texmf-dist/tex/latex/pgf/compatibility/pgfcomp-version
-0-65.sty
Package: pgfcomp-version-0-65 2023-01-15 v3.1.10 (3.1.10)
\pgf@nodesepstart=\dimen275
\pgf@nodesepend=\dimen276
)
(/usr/local/texlive/2025/texmf-dist/tex/latex/pgf/compatibility/pgfcomp-version
-1-18.sty
Package: pgfcomp-version-1-18 2023-01-15 v3.1.10 (3.1.10)
))
(/usr/local/texlive/2025/texmf-dist/tex/latex/pgf/utilities/pgffor.sty
(/usr/local/texlive/2025/texmf-dist/tex/latex/pgf/utilities/pgfkeys.sty
(/usr/local/texlive/2025/texmf-dist/tex/generic/pgf/utilities/pgfkeys.code.tex)
) (/usr/local/texlive/2025/texmf-dist/tex/latex/pgf/math/pgfmath.sty
(/usr/local/texlive/2025/texmf-dist/tex/generic/pgf/math/pgfmath.code.tex))
(/usr/local/texlive/2025/texmf-dist/tex/generic/pgf/utilities/pgffor.code.tex
Package: pgffor 2023-01-15 v3.1.10 (3.1.10)
\pgffor@iter=\dimen277
\pgffor@skip=\dimen278
\pgffor@stack=\toks40
\pgffor@toks=\toks41
))
(/usr/local/texlive/2025/texmf-dist/tex/generic/pgf/frontendlayer/tikz/tikz.cod
e.tex
Package: tikz 2023-01-15 v3.1.10 (3.1.10)

(/usr/local/texlive/2025/texmf-dist/tex/generic/pgf/libraries/pgflibraryplothan
dlers.code.tex
File: pgflibraryplothandlers.code.tex 2023-01-15 v3.1.10 (3.1.10)
\pgf@plot@mark@count=\count326
\pgfplotmarksize=\dimen279
)
\tikz@lastx=\dimen280
\tikz@lasty=\dimen281
\tikz@lastxsaved=\dimen282
\tikz@lastysaved=\dimen283
\tikz@lastmovetox=\dimen284
\tikz@lastmovetoy=\dimen285
\tikzleveldistance=\dimen286
\tikzsiblingdistance=\dimen287
\tikz@figbox=\box65
\tikz@figbox@bg=\box66
\tikz@tempbox=\box67
\tikz@tempbox@bg=\box68
\tikztreelevel=\count327
\tikznumberofchildren=\count328
\tikznumberofcurrentchild=\count329
\tikz@fig@count=\count330

(/usr/local/texlive/2025/texmf-dist/tex/generic/pgf/modules/pgfmodulematrix.cod
e.tex
File: pgfmodulematrix.code.tex 2023-01-15 v3.1.10 (3.1.10)
\pgfmatrixcurrentrow=\count331
\pgfmatrixcurrentcolumn=\count332
\pgf@matrix@numberofcolumns=\count333
)
\tikz@expandcount=\count334

(/usr/local/texlive/2025/texmf-dist/tex/generic/pgf/frontendlayer/tikz/librarie
s/tikzlibrarytopaths.code.tex
File: tikzlibrarytopaths.code.tex 2023-01-15 v3.1.10 (3.1.10)
)))
(/usr/local/texlive/2025/texmf-dist/tex/generic/pgf/frontendlayer/tikz/librarie
s/tikzlibrarypositioning.code.tex
File: tikzlibrarypositioning.code.tex 2023-01-15 v3.1.10 (3.1.10)
)
(/usr/local/texlive/2025/texmf-dist/tex/latex/tools/calc.sty
Package: calc 2023/07/08 v4.3 Infix arithmetic (KKT,FJ)
\calc@Acount=\count335
\calc@Bcount=\count336
\calc@Adimen=\dimen288
\calc@Bdimen=\dimen289
\calc@Askip=\skip62
\calc@Bskip=\skip63
LaTeX Info: Redefining \setlength on input line 80.
LaTeX Info: Redefining \addtolength on input line 81.
\calc@Ccount=\count337
\calc@Cskip=\skip64
)
\c@@todonotes@numberoftodonotes=\count338
)

! LaTeX Error: Option clash for package hyperref.

See the LaTeX manual or LaTeX Companion for explanation.
Type  H <return>  for immediate help.
 ...                                              
                                                  
l.24 
     
? 
! Undefined control sequence.
l.27 \subtitle
              {Phase 3 Report}
? 

! LaTeX Error: Missing \begin{document}.

See the LaTeX manual or LaTeX Companion for explanation.
Type  H <return>  for immediate help.
 ...                                              
                                                  
l.27 \subtitle{P
                hase 3 Report}
? 
(/usr/local/texlive/2025/texmf-dist/tex/latex/l3backend/l3backend-pdftex.def
File: l3backend-pdftex.def 2024-05-08 L3 backend support: PDF output (pdfTeX)
\l__color_backend_stack_int=\count339
\l__pdf_internal_box=\box69
)
(./Phase3_Report_NEW.aux)
Runaway argument?
{\contentsline {figure}{\numberline {4}{\ignorespaces Crop distributi\ETC.
! File ended while scanning use of \@writefile.
<inserted text> 
                \par 
l.30 \begin{document}
                     
? 
\openout1 = `Phase3_Report_NEW.aux'.

LaTeX Font Info:    Checking defaults for OML/cmm/m/it on input line 30.
LaTeX Font Info:    ... okay on input line 30.
LaTeX Font Info:    Checking defaults for OMS/cmsy/m/n on input line 30.
LaTeX Font Info:    ... okay on input line 30.
LaTeX Font Info:    Checking defaults for OT1/cmr/m/n on input line 30.
LaTeX Font Info:    ... okay on input line 30.
LaTeX Font Info:    Checking defaults for T1/cmr/m/n on input line 30.
LaTeX Font Info:    ... okay on input line 30.
LaTeX Font Info:    Checking defaults for TS1/cmr/m/n on input line 30.
LaTeX Font Info:    ... okay on input line 30.
LaTeX Font Info:    Checking defaults for OMX/cmex/m/n on input line 30.
LaTeX Font Info:    ... okay on input line 30.
LaTeX Font Info:    Checking defaults for U/cmr/m/n on input line 30.
LaTeX Font Info:    ... okay on input line 30.
LaTeX Font Info:    Checking defaults for PD1/pdf/m/n on input line 30.
LaTeX Font Info:    ... okay on input line 30.
LaTeX Font Info:    Checking defaults for PU/pdf/m/n on input line 30.
LaTeX Font Info:    ... okay on input line 30.
*geometry* driver: auto-detecting
*geometry* detected driver: pdftex
*geometry* verbose mode - [ preamble ] result:
* driver: pdftex
* paper: a4paper
* layout: <same size as paper>
* layoutoffset:(h,v)=(0.0pt,0.0pt)
* modes: 
* h-part:(L,W,R)=(71.13188pt, 455.24411pt, 71.13188pt)
* v-part:(T,H,B)=(71.13188pt, 702.78308pt, 71.13188pt)
* \paperwidth=597.50787pt
* \paperheight=845.04684pt
* \textwidth=455.24411pt
* \textheight=702.78308pt
* \oddsidemargin=-1.1381pt
* \evensidemargin=-1.1381pt
* \topmargin=-38.1381pt
* \headheight=12.0pt
* \headsep=25.0pt
* \topskip=11.0pt
* \footskip=30.0pt
* \marginparwidth=50.0pt
* \marginparsep=10.0pt
* \columnsep=10.0pt
* \skip\footins=10.0pt plus 4.0pt minus 2.0pt
* \hoffset=0.0pt
* \voffset=0.0pt
* \mag=1000
* \@twocolumnfalse
* \@twosidefalse
* \@mparswitchfalse
* \@reversemarginfalse
* (1in=72.27pt=25.4mm, 1cm=28.453pt)

Package hyperref Info: Link coloring OFF on input line 30.
(./Phase3_Report_NEW.out)
Runaway argument?
{\376\377\000S\000o\000l\000u\000t\000i\000o\000n\000\040\000Q\000 
! File ended while scanning use of \@@BOOKMARK.
<inserted text> 
                \par 
l.30 \begin{document}
                     
? 
(./Phase3_Report_NEW.out)
Runaway argument?
{\376\377\000S\000o\000l\000u\000t\000i\000o\000n\000\040\000Q\000 
! File ended while scanning use of \@@BOOKMARK.
<inserted text> 
                \par 
l.30 \begin{document}
                     
? 
\@outlinefile=\write4
\openout4 = `Phase3_Report_NEW.out'.

(/usr/local/texlive/2025/texmf-dist/tex/context/base/mkii/supp-pdf.mkii
[Loading MPS to PDF converter (version 2006.09.02).]
\scratchcounter=\count340
\scratchdimen=\dimen290
\scratchbox=\box70
\nofMPsegments=\count341
\nofMParguments=\count342
\everyMPshowfont=\toks42
\MPscratchCnt=\count343
\MPscratchDim=\dimen291
\MPnumerator=\count344
\makeMPintoPDFobject=\count345
\everyMPtoPDFconversion=\toks43
) (/usr/local/texlive/2025/texmf-dist/tex/latex/epstopdf-pkg/epstopdf-base.sty
Package: epstopdf-base 2020-01-24 v2.11 Base part for package epstopdf
Package epstopdf-base Info: Redefining graphics rule for `.eps' on input line 4
85.

(/usr/local/texlive/2025/texmf-dist/tex/latex/latexconfig/epstopdf-sys.cfg
File: epstopdf-sys.cfg 2010/07/13 v1.3 Configuration of (r)epstopdf for TeX Liv
e
))

Package todonotes Warning: The length marginparwidth is less than 2cm and will 
most likely cause issues with the appearance of inserted todonotes. The issue c
an be solved by adding a line like \setlength {\marginparwidth }{2cm} prior to 
loading the todonotes package. on input line 30.


Underfull \hbox (badness 10000) in paragraph at lines 49--62

 []


Underfull \hbox (badness 10000) in paragraph at lines 49--62

 []



[1

{/usr/local/texlive/2025/texmf-var/fonts/map/pdftex/updmap/pdftex.map}{/usr/loc
al/texlive/2025/texmf-dist/fonts/enc/dvips/cm-super/cm-super-t1.enc}{/usr/local
/texlive/2025/texmf-dist/fonts/enc/dvips/cm-super/cm-super-ts1.enc}]
LaTeX Font Info:    Font shape `T1/cmtt/bx/n' in size <10.95> not available
(Font)              Font shape `T1/cmtt/m/n' tried instead on input line 76.


[2]

[3]

[4]

[5]

[6]

[7]

LaTeX Warning: Reference `sec:quantum_advantage_analysis' on page 8 undefined o
n input line 327.

Package hyperref Info: bookmark level for unknown algorithm defaults to 0 on in
put line 345.


[8]

[9]

[10]

[11]

[12]

[13]

[14]

LaTeX Warning: `h' float specifier changed to `ht'.



[15]

LaTeX Warning: `h' float specifier changed to `ht'.

! Undefined control sequence.
l.849 The rotation matrix $R \in \mathbb
                                        {R}^{6 \times 6}$ encodes agronomic ...

? 


[16]

[17]

LaTeX Warning: `h' float specifier changed to `ht'.



[18
pdfTeX warning (ext4): destination with the same identifier (name{equation.28})
 has been already used, duplicate ignored
<argument> ...shipout:D \box_use:N \l_shipout_box 
                                                  \__shipout_drop_firstpage_...
l.1002 \end{table}
                  ]

[19]

[20]
Overfull \hbox (16.32419pt too wide) in paragraph at lines 1086--1087
[]\T1/cmr/m/n/10.95 For each farm $\OML/cmm/m/it/10.95 f$\T1/cmr/m/n/10.95 , we
 con-struct a Bi-nary Quadratic Model (BQM) over the vari-ables $\OMS/cmsy/m/n/
10.95 f\OML/cmm/m/it/10.95 Y[]\OMS/cmsy/m/n/10.95 g[]$\T1/cmr/m/n/10.95 .
 []



[21]
Overfull \hbox (1.91179pt too wide) in paragraph at lines 1128--1129
[]\T1/cmr/bx/n/10.95 Patch Sce-nario: \T1/cmr/m/n/10.95 Medium-scale patch-leve
l al-lo-ca-tion test-ing both CQM and BQM/QUBO
 []


Underfull \hbox (badness 2261) in paragraph at lines 1146--1147
[]|\T1/cmr/m/n/10.95 Classical solver on BQM/QUBO
 []



[22]

[23]
Overfull \hbox (5.45673pt too wide) in paragraph at lines 1245--1246
[]\T1/cmr/bx/n/10.95 Implication: \T1/cmr/m/n/10.95 Quan-tum an-neal-ing pro-vi
des com-pu-ta-tional ad-van-tage specif-i-cally in the QUBO
 []

<../../Plots/comprehensive_speedup_comparison.png, id=445, 1435.5231pt x 863.86
74pt>
File: ../../Plots/comprehensive_speedup_comparison.png Graphic file (type png)
<use ../../Plots/comprehensive_speedup_comparison.png>
Package pdftex.def Info: ../../Plots/comprehensive_speedup_comparison.png  used
 on input line 1251.
(pdftex.def)             Requested size: 432.48051pt x 260.25629pt.


[24]
<../../Plots/comprehensive_quality_analysis.png, id=454, 1579.0995pt x 1296.042
pt>
File: ../../Plots/comprehensive_quality_analysis.png Graphic file (type png)
<use ../../Plots/comprehensive_quality_analysis.png>
Package pdftex.def Info: ../../Plots/comprehensive_quality_analysis.png  used o
n input line 1258.
(pdftex.def)             Requested size: 432.48051pt x 354.93935pt.


[25 <../../Plots/comprehensive_speedup_comparison.png>]
<../../professional_plots/qpu_benchmark_summary_table.png, id=462, 1154.3928pt 
x 715.473pt>
File: ../../professional_plots/qpu_benchmark_summary_table.png Graphic file (ty
pe png)
<use ../../professional_plots/qpu_benchmark_summary_table.png>
Package pdftex.def Info: ../../professional_plots/qpu_benchmark_summary_table.p
ng  used on input line 1265.
(pdftex.def)             Requested size: 386.96027pt x 239.82959pt.


[26 <../../Plots/comprehensive_quality_analysis.png>]
Underfull \hbox (badness 1424) in paragraph at lines 1314--1314
[]|\T1/cmr/m/n/10 CQM par-ti-tion-ing, then
 []


Underfull \hbox (badness 6559) in paragraph at lines 1315--1315
[]|\T1/cmr/m/n/10 Master-subproblem with
 []



[27 <../../professional_plots/qpu_benchmark_summary_table.png>]
Overfull \hbox (4.94571pt too wide) in paragraph at lines 1353--1354
[]\T1/cmr/bx/n/10.95 Classical pre-pro-cess-ing dom-i-nates: \T1/cmr/m/n/10.95 
Em-bed-ding search (Mi-norMiner) is the rate-limiting
 []



[28]
<../../professional_plots/qpu_solution_crop_distribution_large.png, id=486, 114
5.7204pt x 1107.6582pt>
File: ../../professional_plots/qpu_solution_crop_distribution_large.png Graphic
 file (type png)
<use ../../professional_plots/qpu_solution_crop_distribution_large.png>
Package pdftex.def Info: ../../professional_plots/qpu_solution_crop_distributio
n_large.png  used on input line 1406.
(pdftex.def)             Requested size: 432.48051pt x 418.10884pt.


[29]
<../../professional_plots/qpu_solution_unique_crops_heatmap.png, id=500, 1290.2
604pt x 797.8608pt>
File: ../../professional_plots/qpu_solution_unique_crops_heatmap.png Graphic fi
le (type png)
<use ../../professional_plots/qpu_solution_unique_crops_heatmap.png>
Package pdftex.def Info: ../../professional_plots/qpu_solution_unique_crops_hea
tmap.png  used on input line 1415.
(pdftex.def)             Requested size: 432.48051pt x 267.43416pt.


[30 <../../professional_plots/qpu_solution_crop_distribution_large.png>]
File: ../../professional_plots/qpu_benchmark_summary_table.png Graphic file (ty
pe png)
<use ../../professional_plots/qpu_benchmark_summary_table.png>
Package pdftex.def Info: ../../professional_plots/qpu_benchmark_summary_table.p
ng  used on input line 1444.
(pdftex.def)             Requested size: 432.48051pt x 268.0397pt.


[31 <../../professional_plots/qpu_solution_unique_crops_heatmap.png>]
Underfull \hbox (badness 10000) in paragraph at lines 1490--1490
[]|\T1/cmr/m/n/10 Food group di-ver-sity re-quire-ment
 []


Overfull \hbox (40.51904pt too wide) in paragraph at lines 1483--1495
 [][] 
 []



[32]
Overfull \hbox (65.21275pt too wide) in paragraph at lines 1536--1553
 [][] 
 []



[33]

[34]

[35]

[36]

[37]
Underfull \hbox (badness 10000) in paragraph at lines 1734--1735
[]|\T1/cmr/m/n/10 12--32% (method-
 []


Underfull \hbox (badness 1635) in paragraph at lines 1736--1737
[]|$\OML/cmm/m/it/10 <$\T1/cmr/m/n/10 5% (much lower than
 []



[38]
Underfull \hbox (badness 2302) in paragraph at lines 1796--1796
[]|\T1/cmr/bx/n/10 Problem Char-ac-ter-is-
 []


Underfull \hbox (badness 1052) in paragraph at lines 1800--1800
[]|\T1/cmr/m/n/10 3-period ro-ta-tion, 15--50
 []


Underfull \hbox (badness 3375) in paragraph at lines 1800--1801
[]|\T1/cmr/m/n/10 Near-optimal, 10--
 []


Underfull \hbox (badness 6978) in paragraph at lines 1801--1801
[]|\T1/cmr/m/n/10 3-period ro-ta-tion, $\OML/cmm/m/it/10 >$\T1/cmr/m/n/10 50
 []


Underfull \hbox (badness 10000) in paragraph at lines 1802--1802
[]|\T1/cmr/m/n/10 Transparency re-quired
 []


Underfull \hbox (badness 1931) in paragraph at lines 1802--1803
[]|\T1/cmr/m/n/10 Variable gap, full
 []



[39]
! Misplaced alignment tab character &.
l.1829 20 &
            360 & 14.889 & 300.2 & 13.209 (11.3\%) & 58.7 & 12.842 (13.8\%) ...

? 
! Misplaced alignment tab character &.
l.1829 20 & 360 &
                  14.889 & 300.2 & 13.209 (11.3\%) & 58.7 & 12.842 (13.8\%) ...

? 
! Misplaced alignment tab character &.
l.1829 20 & 360 & 14.889 &
                           300.2 & 13.209 (11.3\%) & 58.7 & 12.842 (13.8\%) ...

? 
! Misplaced alignment tab character &.
l.1829 20 & 360 & 14.889 & 300.2 &
                                   13.209 (11.3\%) & 58.7 & 12.842 (13.8\%) ...

? 
! Misplaced alignment tab character &.
l.1829 ...360 & 14.889 & 300.2 & 13.209 (11.3\%) &
                                                   58.7 & 12.842 (13.8\%) & ...

? 
! Misplaced alignment tab character &.
l.1829 ...4.889 & 300.2 & 13.209 (11.3\%) & 58.7 &
                                                   12.842 (13.8\%) & 65.1 \\
? 
! Misplaced alignment tab character &.
l.1829 ....209 (11.3\%) & 58.7 & 12.842 (13.8\%) &
                                                   65.1 \\
? 
! Misplaced alignment tab character &.
l.1830 25 &
            450 & 18.254 & 300.2 & 16.123 (11.7\%) & 73.2 & 15.897 (12.9\%) ...

? 
! Misplaced alignment tab character &.
l.1830 25 & 450 &
                  18.254 & 300.2 & 16.123 (11.7\%) & 73.2 & 15.897 (12.9\%) ...

? 
! Misplaced alignment tab character &.
l.1830 25 & 450 & 18.254 &
                           300.2 & 16.123 (11.7\%) & 73.2 & 15.897 (12.9\%) ...

? 
! Misplaced alignment tab character &.
l.1830 25 & 450 & 18.254 & 300.2 &
                                   16.123 (11.7\%) & 73.2 & 15.897 (12.9\%) ...

? 
! Misplaced alignment tab character &.
l.1830 ...450 & 18.254 & 300.2 & 16.123 (11.7\%) &
                                                   73.2 & 15.897 (12.9\%) & ...

? 
! Misplaced alignment tab character &.
l.1830 ...8.254 & 300.2 & 16.123 (11.7\%) & 73.2 &
                                                   15.897 (12.9\%) & 82.4 \\
? 
! Misplaced alignment tab character &.
l.1830 ....123 (11.7\%) & 73.2 & 15.897 (12.9\%) &
                                                   82.4 \\
? 
! Misplaced alignment tab character &.
l.1831 50 &
            900 & 35.108 & 300.5 & 30.245 (13.9\%) & 142.6 & 29.873 (14.9\%)...

? 
! Misplaced alignment tab character &.
l.1831 50 & 900 &
                  35.108 & 300.5 & 30.245 (13.9\%) & 142.6 & 29.873 (14.9\%)...

? 
! Misplaced alignment tab character &.
l.1831 50 & 900 & 35.108 &
                           300.5 & 30.245 (13.9\%) & 142.6 & 29.873 (14.9\%)...

? 
! Misplaced alignment tab character &.
l.1831 50 & 900 & 35.108 & 300.5 &
                                   30.245 (13.9\%) & 142.6 & 29.873 (14.9\%)...

? 
! Misplaced alignment tab character &.
l.1831 ...900 & 35.108 & 300.5 & 30.245 (13.9\%) &
                                                   142.6 & 29.873 (14.9\%) &...

? 
! Misplaced alignment tab character &.
l.1831 ....108 & 300.5 & 30.245 (13.9\%) & 142.6 &
                                                   29.873 (14.9\%) & 158.7 \\
? 
! Misplaced alignment tab character &.
l.1831 ...245 (13.9\%) & 142.6 & 29.873 (14.9\%) &
                                                   158.7 \\
? 
! Misplaced alignment tab character &.
l.1832 100 &
             1800 & 68.421 & 300.8 & 59.834 (12.6\%) & 276.3 & 58.912 (13.9\...

? 
! Misplaced alignment tab character &.
l.1832 100 & 1800 &
                    68.421 & 300.8 & 59.834 (12.6\%) & 276.3 & 58.912 (13.9\...

? 
! Misplaced alignment tab character &.
l.1832 100 & 1800 & 68.421 &
                             300.8 & 59.834 (12.6\%) & 276.3 & 58.912 (13.9\...

? 
! Misplaced alignment tab character &.
l.1832 100 & 1800 & 68.421 & 300.8 &
                                     59.834 (12.6\%) & 276.3 & 58.912 (13.9\...

? 
! Misplaced alignment tab character &.
l.1832 ...800 & 68.421 & 300.8 & 59.834 (12.6\%) &
                                                   276.3 & 58.912 (13.9\%) &...

? 
! Misplaced alignment tab character &.
l.1832 ....421 & 300.8 & 59.834 (12.6\%) & 276.3 &
                                                   58.912 (13.9\%) & 304.5 \\
? 
! Misplaced alignment tab character &.
l.1832 ...834 (12.6\%) & 276.3 & 58.912 (13.9\%) &
                                                   304.5 \\
? 
! Misplaced \noalign.
\bottomrule ->\noalign 
                       {\ifnum 0=`}\fi \@aboverulesep =\aboverulesep \global...
l.1833 \bottomrule
                  
? 

Underfull \hbox (badness 10000) in paragraph at lines 1829--1834

 []

! Misplaced \crcr.
\tbl_crcr:n ...l_count_missing_cells:n {#1}}\crcr 
                                                  
l.1834 \end{tabular}
                    
? 
! Too many }'s.
\endarray ->\tbl_crcr:n {endarray}\egroup 
                                          \UseTaggingSocket {tbl/finalize}\t...
l.1834 \end{tabular}
                    
? 
! Too many }'s.
\endarray ...tbl_restore_outer_cell_data: \egroup 
                                                  \@arrayright \gdef \@pream...
l.1834 \end{tabular}
                    
? 
! Extra }, or forgotten $.
<recently read> \egroup 
                        
l.1834 \end{tabular}
                    
? 

! LaTeX Error: \begin{document} ended by \end{tabular}.

See the LaTeX manual or LaTeX Companion for explanation.
Type  H <return>  for immediate help.
 ...                                              
                                                  
l.1834 \end{tabular}
                    
? 
! Missing $ inserted.
<inserted text> 
                $
l.1834 \end{tabular}
                    
? 
! Extra \endgroup.
<recently read> \endgroup 
                          
l.1834 \end{tabular}
                    
? 
! Too many }'s.
\@endfloatbox ...pagefalse \outer@nobreak \egroup 
                                                  \color@endbox 
l.1835 \end{table}
                  
? 
! Extra \endgroup.
\color@endgroup ->\endgraf \@endpefalse \endgroup 
                                                  
l.1835 \end{table}
                  
? 
! Too many }'s.
\color@endbox ->\color@endgroup \egroup 
                                        
l.1835 \end{table}
                  
? 

! LaTeX Error: \begin{document} ended by \end{table}.

See the LaTeX manual or LaTeX Companion for explanation.
Type  H <return>  for immediate help.
 ...                                              
                                                  
l.1835 \end{table}
                  
? 
! Extra \endgroup.
\end  ...end#1\endcsname \@checkend {#1}\endgroup 
                                                  \UseHook {env/#1/after}\if...
l.1835 \end{table}
                  
? 


[40]

LaTeX Warning: Reference `fig:time_comparison' on page 41 undefined on input li
ne 1841.

<../../Phase3Report/Plots/plot_time_comparison.png, id=612, 715.473pt x 353.641
2pt>
File: ../../Phase3Report/Plots/plot_time_comparison.png Graphic file (type png)

<use ../../Phase3Report/Plots/plot_time_comparison.png>
Package pdftex.def Info: ../../Phase3Report/Plots/plot_time_comparison.png  use
d on input line 1845.
(pdftex.def)             Requested size: 432.48051pt x 213.76201pt.

LaTeX Warning: Reference `tab:qpu_breakdown' on page 41 undefined on input line
 1850.



[41 <../../Phase3Report/Plots/plot_time_comparison.png>]

LaTeX Warning: Reference `fig:scaling_analysis' on page 42 undefined on input l
ine 1879.

<../../Phase3Report/Plots/plot_scaling_loglog.png, id=620, 715.473pt x 425.6703
pt>
File: ../../Phase3Report/Plots/plot_scaling_loglog.png Graphic file (type png)
<use ../../Phase3Report/Plots/plot_scaling_loglog.png>
Package pdftex.def Info: ../../Phase3Report/Plots/plot_scaling_loglog.png  used
 on input line 1883.
(pdftex.def)             Requested size: 432.48051pt x 257.30074pt.


[42 <../../Phase3Report/Plots/plot_scaling_loglog.png>]

LaTeX Warning: Reference `fig:gap_speedup' on page 43 undefined on input line 1
894.

<../../Phase3Report/Plots/plot_gap_speedup.png, id=629, 860.2539pt x 353.6412pt
>
File: ../../Phase3Report/Plots/plot_gap_speedup.png Graphic file (type png)
<use ../../Phase3Report/Plots/plot_gap_speedup.png>
Package pdftex.def Info: ../../Phase3Report/Plots/plot_gap_speedup.png  used on
 input line 1898.
(pdftex.def)             Requested size: 432.48051pt x 177.78606pt.

LaTeX Warning: Reference `tab:extrapolation' on page 43 undefined on input line
 1909.



[43 <../../Phase3Report/Plots/plot_gap_speedup.png>]

LaTeX Warning: Reference `fig:solution_composition' on page 44 undefined on inp
ut line 1932.

<../../professional_plots/qpu_solution_composition_pies.png, id=640, 2011.7559p
t x 995.1579pt>
File: ../../professional_plots/qpu_solution_composition_pies.png Graphic file (
type png)
<use ../../professional_plots/qpu_solution_composition_pies.png>
Package pdftex.def Info: ../../professional_plots/qpu_solution_composition_pies
.png  used on input line 1936.
(pdftex.def)             Requested size: 432.48051pt x 213.92441pt.


[44 <../../professional_plots/qpu_solution_composition_pies.png>]

[45]

[46]

[47]

[48]
<../../Phase3Report/Plots/quantum_advantage_comprehensive.png, id=672, 1146.684
pt x 852.3042pt>
File: ../../Phase3Report/Plots/quantum_advantage_comprehensive.png Graphic file
 (type png)
<use ../../Phase3Report/Plots/quantum_advantage_comprehensive.png>
Package pdftex.def Info: ../../Phase3Report/Plots/quantum_advantage_comprehensi
ve.png  used on input line 2061.
(pdftex.def)             Requested size: 432.48051pt x 321.447pt.


[49]
No file Phase3_Report_NEW.bbl.

Underfull \hbox (badness 10000) in paragraph at lines 2112--2113

 []


LaTeX Warning: Citation `greenwade93' on page 50 undefined on input line 2114.



[50 <../../Phase3Report/Plots/quantum_advantage_comprehensive.png>]
(./Phase3_Report_NEW.aux)
 ***********
LaTeX2e <2024-11-01> patch level 2
L3 programming layer <2025-01-18>
 ***********


LaTeX Warning: There were undefined references.


LaTeX Warning: Label(s) may have changed. Rerun to get cross-references right.


Package rerunfilecheck Warning: File `Phase3_Report_NEW.out' has changed.
(rerunfilecheck)                Rerun to get outlines right
(rerunfilecheck)                or use package `bookmark'.

Package rerunfilecheck Info: Checksums for `Phase3_Report_NEW.out':
(rerunfilecheck)             Before: 1A13B5DDD56CA222A06284B94F3CFDC4;12288
(rerunfilecheck)             After:  38F5FB7CAC4126EE86828139AA4260AD;23511.
 ) 
Here is how much of TeX's memory you used:
 23292 strings out of 473190
 431822 string characters out of 5715799
 823056 words of memory out of 5000000
 45843 multiletter control sequences out of 15000+600000
 577740 words of font info for 77 fonts, out of 8000000 for 9000
 1141 hyphenation exceptions out of 8191
 99i,12n,101p,966b,538s stack positions out of 10000i,1000n,20000p,200000b,200000s
</usr/local/texlive/2025/texmf-dist/fonts/type1/public/amsfonts/cm/cmbx10.pfb
></usr/local/texlive/2025/texmf-dist/fonts/type1/public/amsfonts/cm/cmex10.pfb>
</usr/local/texlive/2025/texmf-dist/fonts/type1/public/amsfonts/cm/cmmi10.pfb><
/usr/local/texlive/2025/texmf-dist/fonts/type1/public/amsfonts/cm/cmmi6.pfb></u
sr/local/texlive/2025/texmf-dist/fonts/type1/public/amsfonts/cm/cmmi8.pfb></usr
/local/texlive/2025/texmf-dist/fonts/type1/public/amsfonts/cm/cmr10.pfb></usr/l
ocal/texlive/2025/texmf-dist/fonts/type1/public/amsfonts/cm/cmr6.pfb></usr/loca
l/texlive/2025/texmf-dist/fonts/type1/public/amsfonts/cm/cmr8.pfb></usr/local/t
exlive/2025/texmf-dist/fonts/type1/public/amsfonts/cm/cmsy10.pfb></usr/local/te
xlive/2025/texmf-dist/fonts/type1/public/amsfonts/cm/cmsy6.pfb></usr/local/texl
ive/2025/texmf-dist/fonts/type1/public/amsfonts/cm/cmsy8.pfb></usr/local/texliv
e/2025/texmf-dist/fonts/type1/public/cm-super/sfbx0800.pfb></usr/local/texlive/
2025/texmf-dist/fonts/type1/public/cm-super/sfbx1000.pfb></usr/local/texlive/20
25/texmf-dist/fonts/type1/public/cm-super/sfbx1095.pfb></usr/local/texlive/2025
/texmf-dist/fonts/type1/public/cm-super/sfbx1200.pfb></usr/local/texlive/2025/t
exmf-dist/fonts/type1/public/cm-super/sfbx1440.pfb></usr/local/texlive/2025/tex
mf-dist/fonts/type1/public/cm-super/sfrm0800.pfb></usr/local/texlive/2025/texmf
-dist/fonts/type1/public/cm-super/sfrm0900.pfb></usr/local/texlive/2025/texmf-d
ist/fonts/type1/public/cm-super/sfrm1000.pfb></usr/local/texlive/2025/texmf-dis
t/fonts/type1/public/cm-super/sfrm1095.pfb></usr/local/texlive/2025/texmf-dist/
fonts/type1/public/cm-super/sfrm1200.pfb></usr/local/texlive/2025/texmf-dist/fo
nts/type1/public/cm-super/sfrm1728.pfb></usr/local/texlive/2025/texmf-dist/font
s/type1/public/cm-super/sfti1000.pfb></usr/local/texlive/2025/texmf-dist/fonts/
type1/public/cm-super/sfti1095.pfb></usr/local/texlive/2025/texmf-dist/fonts/ty
pe1/public/cm-super/sftt1095.pfb>
Output written on Phase3_Report_NEW.pdf (50 pages, 7651131 bytes).
PDF statistics:
 867 PDF objects out of 1000 (max. 8388607)
 736 compressed objects within 8 object streams
 311 named destinations out of 1000 (max. 500000)
 487 words of extra memory for PDF output out of 10000 (max. 10000000)

