================================================================================
COMPREHENSIVE SCALING TEST: 25-1500 Variables
================================================================================

Testing three formulations across full variable range:
  • 6 families (native) - Small problems
  • 27→6 aggregated - Large problems (existing)
  • 27 foods (hybrid) - All sizes

================================================================================
RUNNING COMPREHENSIVE SCALING TEST
================================================================================


================================================================================
Test Point: test_360
================================================================================

  Variant: Native 6-Family
  -----------------------------------------------------------------------
  Loading: 20 farms × 6 foods from rotation_medium_100
    → Built 6×6 frustration matrix
  → Final problem: 20 farms × 6 foods = 360 variables
    Running Gurobi...
Set parameter Username
Set parameter LicenseID to value 2728803
Academic license - for non-commercial use only - expires 2026-10-28
