\BOOKMARK [1][-]{section.1}{\376\377\000E\000x\000e\000c\000u\000t\000i\000v\000e\000\040\000S\000u\000m\000m\000a\000r\000y}{}% 1
\BOOKMARK [2][-]{subsection.1.1}{\376\377\000R\000e\000s\000e\000a\000r\000c\000h\000\040\000O\000b\000j\000e\000c\000t\000i\000v\000e\000s}{section.1}% 2
\BOOKMARK [2][-]{subsection.1.2}{\376\377\000K\000e\000y\000\040\000F\000i\000n\000d\000i\000n\000g\000s}{section.1}% 3
\BOOKMARK [3][-]{subsubsection.1.2.1}{\376\377\000R\000o\000t\000a\000t\000i\000o\000n\000\040\000O\000p\000t\000i\000m\000i\000z\000a\000t\000i\000o\000n\000\040\000\050\000O\000r\000i\000g\000i\000n\000a\000l\000\040\000F\000o\000r\000m\000u\000l\000a\000t\000i\000o\000n\000\051}{subsection.1.2}% 4
\BOOKMARK [3][-]{subsubsection.1.2.2}{\376\377\000A\000l\000t\000e\000r\000n\000a\000t\000i\000v\000e\000\040\000F\000o\000r\000m\000u\000l\000a\000t\000i\000o\000n\000s\000\040\000\050\000Q\000u\000a\000n\000t\000u\000m\000-\000F\000r\000i\000e\000n\000d\000l\000y\000\051}{subsection.1.2}% 5
\BOOKMARK [2][-]{subsection.1.3}{\376\377\000Q\000u\000a\000n\000t\000u\000m\000\040\000A\000d\000v\000a\000n\000t\000a\000g\000e\000\040\000M\000e\000c\000h\000a\000n\000i\000s\000m\000s}{section.1}% 6
\BOOKMARK [1][-]{section.2}{\376\377\000D\000e\000t\000a\000i\000l\000e\000d\000\040\000R\000e\000s\000u\000l\000t\000s\000\040\000a\000n\000d\000\040\000A\000n\000a\000l\000y\000s\000i\000s}{}% 7
\BOOKMARK [2][-]{subsection.2.1}{\376\377\000P\000h\000a\000s\000e\000\040\0001\000:\000\040\000D\000i\000r\000e\000c\000t\000\040\000Q\000P\000U\000\040\000v\000s\000.\000\040\000G\000u\000r\000o\000b\000i\000\040\000B\000a\000s\000e\000l\000i\000n\000e}{section.2}% 8
\BOOKMARK [3][-]{subsubsection.2.1.1}{\376\377\000M\000e\000t\000h\000o\000d\000o\000l\000o\000g\000y}{subsection.2.1}% 9
\BOOKMARK [3][-]{subsubsection.2.1.2}{\376\377\000R\000e\000s\000u\000l\000t\000s}{subsection.2.1}% 10
\BOOKMARK [2][-]{subsection.2.2}{\376\377\000P\000h\000a\000s\000e\000\040\0002\000:\000\040\000S\000p\000a\000t\000i\000a\000l\000-\000T\000e\000m\000p\000o\000r\000a\000l\000\040\000D\000e\000c\000o\000m\000p\000o\000s\000i\000t\000i\000o\000n}{section.2}% 11
\BOOKMARK [3][-]{subsubsection.2.2.1}{\376\377\000M\000e\000t\000h\000o\000d\000o\000l\000o\000g\000y}{subsection.2.2}% 12
\BOOKMARK [3][-]{subsubsection.2.2.2}{\376\377\000R\000e\000s\000u\000l\000t\000s\000\040\000A\000c\000r\000o\000s\000s\000\040\000S\000c\000a\000l\000e\000s}{subsection.2.2}% 13
\BOOKMARK [3][-]{subsubsection.2.2.3}{\376\377\000D\000e\000t\000a\000i\000l\000e\000d\000\040\000T\000i\000m\000i\000n\000g\000\040\000B\000r\000e\000a\000k\000d\000o\000w\000n\000\040\000\050\0001\0000\000\040\000f\000a\000r\000m\000s\000\051}{subsection.2.2}% 14
\BOOKMARK [2][-]{subsection.2.3}{\376\377\000P\000h\000a\000s\000e\000\040\0003\000:\000\040\000C\000l\000i\000q\000u\000e\000\040\000D\000e\000c\000o\000m\000p\000o\000s\000i\000t\000i\000o\000n\000\040\000\050\000F\000a\000r\000m\000-\000b\000y\000-\000F\000a\000r\000m\000\051}{section.2}% 15
\BOOKMARK [3][-]{subsubsection.2.3.1}{\376\377\000M\000e\000t\000h\000o\000d\000o\000l\000o\000g\000y}{subsection.2.3}% 16
\BOOKMARK [3][-]{subsubsection.2.3.2}{\376\377\000R\000e\000s\000u\000l\000t\000s\000\040\000\050\0001\0000\000\040\000f\000a\000r\000m\000s\000,\000\040\0003\000\040\000i\000t\000e\000r\000a\000t\000i\000o\000n\000s\000\051}{subsection.2.3}% 17
\BOOKMARK [2][-]{subsection.2.4}{\376\377\000A\000l\000t\000e\000r\000n\000a\000t\000i\000v\000e\000\040\000F\000o\000r\000m\000u\000l\000a\000t\000i\000o\000n\000s\000\040\000A\000n\000a\000l\000y\000s\000i\000s}{section.2}% 18
\BOOKMARK [3][-]{subsubsection.2.4.1}{\376\377\000P\000o\000r\000t\000f\000o\000l\000i\000o\000\040\000S\000e\000l\000e\000c\000t\000i\000o\000n\000\040\000\050\0002\0007\000\040\000v\000a\000r\000i\000a\000b\000l\000e\000s\000\051}{subsection.2.4}% 19
\BOOKMARK [3][-]{subsubsection.2.4.2}{\376\377\000G\000r\000a\000p\000h\000\040\000M\000a\000x\000i\000m\000u\000m\000\040\000W\000e\000i\000g\000h\000t\000e\000d\000\040\000I\000n\000d\000e\000p\000e\000n\000d\000e\000n\000t\000\040\000S\000e\000t\000\040\000\050\0003\0000\000\040\000v\000a\000r\000i\000a\000b\000l\000e\000s\000\051}{subsection.2.4}% 20
\BOOKMARK [3][-]{subsubsection.2.4.3}{\376\377\000S\000i\000n\000g\000l\000e\000\040\000P\000e\000r\000i\000o\000d\000\040\000A\000s\000s\000i\000g\000n\000m\000e\000n\000t\000\040\000\050\0003\0000\000\040\000v\000a\000r\000i\000a\000b\000l\000e\000s\000\051}{subsection.2.4}% 21
\BOOKMARK [3][-]{subsubsection.2.4.4}{\376\377\000P\000e\000n\000a\000l\000t\000y\000-\000B\000a\000s\000e\000d\000\040\000R\000o\000t\000a\000t\000i\000o\000n\000\040\000\050\0009\0000\000\040\000v\000a\000r\000i\000a\000b\000l\000e\000s\000\051}{subsection.2.4}% 22
\BOOKMARK [2][-]{subsection.2.5}{\376\377\000F\000o\000r\000m\000u\000l\000a\000t\000i\000o\000n\000\040\000I\000m\000p\000a\000c\000t\000\040\000o\000n\000\040\000C\000l\000a\000s\000s\000i\000c\000a\000l\000\040\000P\000e\000r\000f\000o\000r\000m\000a\000n\000c\000e}{section.2}% 23
\BOOKMARK [1][-]{section.3}{\376\377\000Q\000u\000a\000n\000t\000u\000m\000\040\000A\000d\000v\000a\000n\000t\000a\000g\000e\000\040\000V\000a\000l\000i\000d\000a\000t\000i\000o\000n}{}% 24
\BOOKMARK [2][-]{subsection.3.1}{\376\377\000I\000s\000\040\000t\000h\000e\000\040\000S\000p\000e\000e\000d\000u\000p\000\040\000R\000e\000a\000l\000?}{section.3}% 25
\BOOKMARK [2][-]{subsection.3.2}{\376\377\000C\000o\000m\000p\000a\000r\000i\000s\000o\000n\000\040\000t\000o\000\040\000M\000o\000h\000s\000e\000n\000i\000\040\000e\000t\000\040\000a\000l\000.\000\040\000\050\0002\0000\0002\0004\000\051}{section.3}% 26
\BOOKMARK [2][-]{subsection.3.3}{\376\377\000W\000h\000e\000n\000\040\000D\000o\000e\000s\000\040\000Q\000u\000a\000n\000t\000u\000m\000\040\000A\000d\000v\000a\000n\000t\000a\000g\000e\000\040\000O\000c\000c\000u\000r\000?}{section.3}% 27
\BOOKMARK [1][-]{section.4}{\376\377\000C\000o\000n\000c\000l\000u\000s\000i\000o\000n\000s\000\040\000a\000n\000d\000\040\000R\000e\000c\000o\000m\000m\000e\000n\000d\000a\000t\000i\000o\000n\000s}{}% 28
\BOOKMARK [2][-]{subsection.4.1}{\376\377\000S\000u\000m\000m\000a\000r\000y\000\040\000o\000f\000\040\000F\000i\000n\000d\000i\000n\000g\000s}{section.4}% 29
\BOOKMARK [2][-]{subsection.4.2}{\376\377\000R\000e\000c\000o\000m\000m\000e\000n\000d\000a\000t\000i\000o\000n\000s\000\040\000f\000o\000r\000\040\000F\000u\000t\000u\000r\000e\000\040\000W\000o\000r\000k}{section.4}% 30
\BOOKMARK [3][-]{subsubsection.4.2.1}{\376\377\000F\000o\000r\000\040\000Q\000u\000a\000n\000t\000u\000m\000\040\000A\000d\000v\000a\000n\000t\000a\000g\000e\000\040\000R\000e\000s\000e\000a\000r\000c\000h}{subsection.4.2}% 31
\BOOKMARK [3][-]{subsubsection.4.2.2}{\376\377\000F\000o\000r\000\040\000P\000r\000o\000b\000l\000e\000m\000\040\000F\000o\000r\000m\000u\000l\000a\000t\000i\000o\000n}{subsection.4.2}% 32
\BOOKMARK [3][-]{subsubsection.4.2.3}{\376\377\000F\000o\000r\000\040\000A\000l\000t\000e\000r\000n\000a\000t\000i\000v\000e\000\040\000F\000o\000r\000m\000u\000l\000a\000t\000i\000o\000n\000s}{subsection.4.2}% 33
\BOOKMARK [2][-]{subsection.4.3}{\376\377\000F\000i\000n\000a\000l\000\040\000V\000e\000r\000d\000i\000c\000t}{section.4}% 34
