09:25:54 [INFO] Loading scenario 'rotation_micro_25'...
09:25:54 [INFO] Loaded scenario 'rotation_micro_25': 5 plots × 6 foods = 36 variables
09:25:54 [INFO]   Food groups: ['Plant_Foods', 'Proteins']
09:25:54 [INFO]   Total area: 100.00 ha
09:25:54 [INFO] Building CQM...
09:25:54 [INFO]   Detected rotation scenario - using 3-period formulation
09:25:54 [INFO] Building rotation CQM with 5 farms × 6 families × 3 periods
09:25:54 [INFO]   Rotation gamma: 0.2, Frustration: 70%, One-hot penalty: 3.0
09:25:54 [INFO]   Rotation matrix: 86.1% negative synergies
09:25:54 [INFO]   Spatial graph: 10 neighbor pairs (k=4)
09:25:54 [INFO]   CQM built: 90 variables, 15 constraints
09:25:54 [INFO] Attempting direct QPU (n_vars=36, num_reads=100)...
09:25:54 [INFO]   [DirectQPU] Converting CQM to BQM (lagrange=None)...
09:25:54 [INFO]   [DirectQPU] BQM: 120 vars, 1860 interactions
09:25:54 [INFO]   [DirectQPU] Finding embedding (timeout: 200s)...
09:26:55 [INFO]   [DirectQPU] Found embedding: 651 physical qubits, max chain 9, in 60.0s
09:26:55 [INFO]   [DirectQPU] Sampling on QPU (100 reads)...
09:26:57 [INFO]   [DirectQPU] Success! obj=0.0000, QPU_access=0.034s, embed=59.98s
09:26:57 [INFO] Loading scenario 'rotation_small_50'...
09:26:57 [INFO] Loaded scenario 'rotation_small_50': 10 plots × 6 foods = 66 variables
09:26:57 [INFO]   Food groups: ['Plant_Foods', 'Proteins']
09:26:57 [INFO]   Total area: 99.99 ha
09:26:57 [INFO] Building CQM...
09:26:57 [INFO]   Detected rotation scenario - using 3-period formulation
09:26:57 [INFO] Building rotation CQM with 10 farms × 6 families × 3 periods
09:26:57 [INFO]   Rotation gamma: 0.25, Frustration: 75%, One-hot penalty: 2.5
09:26:57 [INFO]   Rotation matrix: 88.9% negative synergies
09:26:57 [INFO]   Spatial graph: 25 neighbor pairs (k=4)
09:26:58 [INFO]   CQM built: 180 variables, 30 constraints
09:26:58 [INFO] Attempting direct QPU (n_vars=66, num_reads=100)...
09:26:58 [INFO]   [DirectQPU] Converting CQM to BQM (lagrange=None)...
09:26:58 [INFO]   [DirectQPU] BQM: 240 vars, 4260 interactions
09:26:58 [INFO]   [DirectQPU] Finding embedding (timeout: 200s)...
09:28:47 [INFO]   [DirectQPU] Found embedding: 2062 physical qubits, max chain 20, in 109.8s
09:28:47 [INFO]   [DirectQPU] Sampling on QPU (100 reads)...
09:28:50 [INFO]   [DirectQPU] Success! obj=0.0000, QPU_access=0.042s, embed=109.81s
09:28:50 [INFO] Loading scenario 'rotation_medium_100'...
09:28:50 [INFO] Loaded scenario 'rotation_medium_100': 20 plots × 6 foods = 126 variables
09:28:50 [INFO]   Food groups: ['Plant_Foods', 'Proteins']
09:28:50 [INFO]   Total area: 100.00 ha
09:28:50 [INFO] Building CQM...
09:28:50 [INFO]   Detected rotation scenario - using 3-period formulation
09:28:50 [INFO] Building rotation CQM with 20 farms × 6 families × 3 periods
09:28:50 [INFO]   Rotation gamma: 0.3, Frustration: 82%, One-hot penalty: 2.0
09:28:50 [INFO]   Rotation matrix: 88.9% negative synergies
09:28:50 [INFO]   Spatial graph: 48 neighbor pairs (k=4)
09:28:51 [INFO]   CQM built: 360 variables, 60 constraints
09:28:51 [INFO] Attempting direct QPU (n_vars=126, num_reads=100)...
09:28:51 [INFO]   [DirectQPU] Converting CQM to BQM (lagrange=None)...
09:28:51 [INFO]   [DirectQPU] BQM: 480 vars, 8304 interactions
09:28:51 [INFO]   [DirectQPU] Finding embedding (timeout: 200s)...
09:32:44 [WARNING]   [DirectQPU] No embedding found in 232.4s
09:32:44 [INFO] Loading scenario 'rotation_large_200'...
09:32:44 [INFO] Loaded scenario 'rotation_large_200': 50 plots × 6 foods = 306 variables
09:32:44 [INFO]   Food groups: ['Plant_Foods', 'Proteins']
09:32:44 [INFO]   Total area: 99.98 ha
09:32:44 [INFO] Building CQM...
09:32:44 [INFO]   Detected rotation scenario - using 3-period formulation
09:32:44 [INFO] Building rotation CQM with 50 farms × 6 families × 3 periods
09:32:44 [INFO]   Rotation gamma: 0.35, Frustration: 88%, One-hot penalty: 1.5
09:32:44 [INFO]   Rotation matrix: 91.7% negative synergies
09:32:44 [INFO]   Spatial graph: 115 neighbor pairs (k=4)
09:32:45 [INFO]   CQM built: 900 variables, 150 constraints
09:32:45 [INFO] Attempting direct QPU (n_vars=306, num_reads=100)...
09:32:45 [INFO]   [DirectQPU] Converting CQM to BQM (lagrange=None)...
09:32:45 [INFO]   [DirectQPU] BQM: 1200 vars, 20220 interactions
09:32:45 [INFO]   [DirectQPU] Finding embedding (timeout: 200s)...
