\BOOKMARK [1][-]{section.1}{\376\377\000E\000x\000e\000c\000u\000t\000i\000v\000e\000\040\000S\000u\000m\000m\000a\000r\000y}{}% 1
\BOOKMARK [1][-]{section.2}{\376\377\000P\000r\000o\000b\000l\000e\000m\000\040\000F\000o\000r\000m\000u\000l\000a\000t\000i\000o\000n}{}% 2
\BOOKMARK [2][-]{subsection.2.1}{\376\377\000M\000u\000l\000t\000i\000-\000P\000e\000r\000i\000o\000d\000\040\000C\000r\000o\000p\000\040\000R\000o\000t\000a\000t\000i\000o\000n\000\040\000P\000r\000o\000b\000l\000e\000m}{section.2}% 3
\BOOKMARK [3][-]{subsubsection.2.1.1}{\376\377\000P\000r\000o\000b\000l\000e\000m\000\040\000D\000i\000m\000e\000n\000s\000i\000o\000n\000s}{subsection.2.1}% 4
\BOOKMARK [3][-]{subsubsection.2.1.2}{\376\377\000D\000e\000c\000i\000s\000i\000o\000n\000\040\000V\000a\000r\000i\000a\000b\000l\000e\000s}{subsection.2.1}% 5
\BOOKMARK [3][-]{subsubsection.2.1.3}{\376\377\000P\000r\000o\000b\000l\000e\000m\000\040\000D\000a\000t\000a}{subsection.2.1}% 6
\BOOKMARK [2][-]{subsection.2.2}{\376\377\000O\000b\000j\000e\000c\000t\000i\000v\000e\000\040\000F\000u\000n\000c\000t\000i\000o\000n}{section.2}% 7
\BOOKMARK [3][-]{subsubsection.2.2.1}{\376\377\000C\000o\000m\000p\000o\000n\000e\000n\000t\000\040\0001\000:\000\040\000B\000a\000s\000e\000\040\000A\000g\000r\000i\000c\000u\000l\000t\000u\000r\000a\000l\000\040\000B\000e\000n\000e\000f\000i\000t}{subsection.2.2}% 8
\BOOKMARK [3][-]{subsubsection.2.2.2}{\376\377\000C\000o\000m\000p\000o\000n\000e\000n\000t\000\040\0002\000:\000\040\000T\000e\000m\000p\000o\000r\000a\000l\000\040\000R\000o\000t\000a\000t\000i\000o\000n\000\040\000S\000y\000n\000e\000r\000g\000i\000e\000s}{subsection.2.2}% 9
\BOOKMARK [3][-]{subsubsection.2.2.3}{\376\377\000C\000o\000m\000p\000o\000n\000e\000n\000t\000\040\0003\000:\000\040\000S\000p\000a\000t\000i\000a\000l\000\040\000N\000e\000i\000g\000h\000b\000o\000r\000\040\000I\000n\000t\000e\000r\000a\000c\000t\000i\000o\000n\000s}{subsection.2.2}% 10
\BOOKMARK [3][-]{subsubsection.2.2.4}{\376\377\000C\000o\000m\000p\000o\000n\000e\000n\000t\000\040\0004\000:\000\040\000D\000i\000v\000e\000r\000s\000i\000t\000y\000\040\000B\000o\000n\000u\000s}{subsection.2.2}% 11
\BOOKMARK [3][-]{subsubsection.2.2.5}{\376\377\000C\000o\000m\000p\000o\000n\000e\000n\000t\000\040\0005\000:\000\040\000O\000n\000e\000-\000H\000o\000t\000\040\000P\000e\000n\000a\000l\000t\000y\000\040\000\050\000S\000o\000f\000t\000\040\000C\000o\000n\000s\000t\000r\000a\000i\000n\000t\000\051}{subsection.2.2}% 12
\BOOKMARK [2][-]{subsection.2.3}{\376\377\000C\000o\000n\000s\000t\000r\000a\000i\000n\000t\000s}{section.2}% 13
\BOOKMARK [2][-]{subsection.2.4}{\376\377\000C\000o\000m\000p\000l\000e\000t\000e\000\040\000M\000a\000t\000h\000e\000m\000a\000t\000i\000c\000a\000l\000\040\000M\000o\000d\000e\000l}{section.2}% 14
\BOOKMARK [1][-]{section.3}{\376\377\000W\000h\000y\000\040\000T\000h\000i\000s\000\040\000P\000r\000o\000b\000l\000e\000m\000\040\000i\000s\000\040\000C\000o\000m\000p\000u\000t\000a\000t\000i\000o\000n\000a\000l\000l\000y\000\040\000H\000a\000r\000d}{}% 15
\BOOKMARK [2][-]{subsection.3.1}{\376\377\000C\000o\000m\000p\000l\000e\000x\000i\000t\000y\000\040\000C\000l\000a\000s\000s\000i\000f\000i\000c\000a\000t\000i\000o\000n}{section.3}% 16
\BOOKMARK [3][-]{subsubsection.3.1.1}{\376\377\0001\000.\000\040\000Q\000u\000a\000d\000r\000a\000t\000i\000c\000\040\000B\000i\000n\000a\000r\000y\000\040\000O\000p\000t\000i\000m\000i\000z\000a\000t\000i\000o\000n\000\040\000\050\000Q\000U\000B\000O\000\051}{subsection.3.1}% 17
\BOOKMARK [3][-]{subsubsection.3.1.2}{\376\377\0002\000.\000\040\000F\000r\000u\000s\000t\000r\000a\000t\000e\000d\000\040\000I\000n\000t\000e\000r\000a\000c\000t\000i\000o\000n\000s}{subsection.3.1}% 18
\BOOKMARK [3][-]{subsubsection.3.1.3}{\376\377\0003\000.\000\040\000L\000o\000n\000g\000-\000R\000a\000n\000g\000e\000\040\000C\000o\000r\000r\000e\000l\000a\000t\000i\000o\000n\000s}{subsection.3.1}% 19
\BOOKMARK [3][-]{subsubsection.3.1.4}{\376\377\0004\000.\000\040\000C\000o\000m\000b\000i\000n\000a\000t\000o\000r\000i\000a\000l\000\040\000E\000x\000p\000l\000o\000s\000i\000o\000n}{subsection.3.1}% 20
\BOOKMARK [3][-]{subsubsection.3.1.5}{\376\377\0005\000.\000\040\000R\000e\000d\000u\000c\000t\000i\000o\000n\000\040\000f\000r\000o\000m\000\040\0003\000-\000S\000A\000T}{subsection.3.1}% 21
\BOOKMARK [2][-]{subsection.3.2}{\376\377\000P\000r\000a\000c\000t\000i\000c\000a\000l\000\040\000H\000a\000r\000d\000n\000e\000s\000s\000\040\000F\000a\000c\000t\000o\000r\000s}{section.3}% 22
\BOOKMARK [3][-]{subsubsection.3.2.1}{\376\377\0001\000.\000\040\000H\000i\000g\000h\000\040\000C\000o\000n\000s\000t\000r\000a\000i\000n\000t\000\040\000D\000e\000n\000s\000i\000t\000y}{subsection.3.2}% 23
\BOOKMARK [3][-]{subsubsection.3.2.2}{\376\377\0002\000.\000\040\000S\000y\000m\000m\000e\000t\000r\000y\000\040\000B\000r\000e\000a\000k\000i\000n\000g\000\040\000D\000i\000f\000f\000i\000c\000u\000l\000t\000y}{subsection.3.2}% 24
\BOOKMARK [3][-]{subsubsection.3.2.3}{\376\377\0003\000.\000\040\000N\000o\000n\000-\000C\000o\000n\000v\000e\000x\000i\000t\000y}{subsection.3.2}% 25
\BOOKMARK [1][-]{section.4}{\376\377\000S\000o\000l\000u\000t\000i\000o\000n\000\040\000M\000e\000t\000h\000o\000d\000s}{}% 26
\BOOKMARK [2][-]{subsection.4.1}{\376\377\000M\000e\000t\000h\000o\000d\000\040\0001\000:\000\040\000G\000r\000o\000u\000n\000d\000\040\000T\000r\000u\000t\000h\000\040\000\050\000G\000u\000r\000o\000b\000i\000\051}{section.4}% 27
\BOOKMARK [3][-]{subsubsection.4.1.1}{\376\377\000A\000l\000g\000o\000r\000i\000t\000h\000m\000\040\000O\000v\000e\000r\000v\000i\000e\000w}{subsection.4.1}% 28
\BOOKMARK [3][-]{subsubsection.4.1.2}{\376\377\000I\000m\000p\000l\000e\000m\000e\000n\000t\000a\000t\000i\000o\000n\000\040\000D\000e\000t\000a\000i\000l\000s}{subsection.4.1}% 29
\BOOKMARK [3][-]{subsubsection.4.1.3}{\376\377\000W\000h\000y\000\040\000G\000u\000r\000o\000b\000i\000\040\000i\000s\000\040\000t\000h\000e\000\040\000G\000o\000l\000d\000\040\000S\000t\000a\000n\000d\000a\000r\000d}{subsection.4.1}% 30
\BOOKMARK [3][-]{subsubsection.4.1.4}{\376\377\000E\000x\000p\000e\000c\000t\000e\000d\000\040\000P\000e\000r\000f\000o\000r\000m\000a\000n\000c\000e}{subsection.4.1}% 31
\BOOKMARK [2][-]{subsection.4.2}{\376\377\000M\000e\000t\000h\000o\000d\000\040\0002\000:\000\040\000C\000l\000i\000q\000u\000e\000\040\000D\000e\000c\000o\000m\000p\000o\000s\000i\000t\000i\000o\000n\000\040\000\050\000Q\000u\000a\000n\000t\000u\000m\000\051}{section.4}% 32
\BOOKMARK [3][-]{subsubsection.4.2.1}{\376\377\000A\000l\000g\000o\000r\000i\000t\000h\000m\000\040\000O\000v\000e\000r\000v\000i\000e\000w}{subsection.4.2}% 33
\BOOKMARK [3][-]{subsubsection.4.2.2}{\376\377\000W\000h\000y\000\040\000"\000C\000l\000i\000q\000u\000e\000\040\000D\000e\000c\000o\000m\000p\000o\000s\000i\000t\000i\000o\000n\000"\000?}{subsection.4.2}% 34
\BOOKMARK [3][-]{subsubsection.4.2.3}{\376\377\000S\000u\000b\000p\000r\000o\000b\000l\000e\000m\000\040\000F\000o\000r\000m\000u\000l\000a\000t\000i\000o\000n\000\040\000\050\000P\000l\000o\000t\000\040\000f\000\051}{subsection.4.2}% 35
\BOOKMARK [3][-]{subsubsection.4.2.4}{\376\377\000I\000t\000e\000r\000a\000t\000i\000v\000e\000\040\000R\000e\000f\000i\000n\000e\000m\000e\000n\000t\000\040\000P\000r\000o\000c\000e\000s\000s}{subsection.4.2}% 36
\BOOKMARK [3][-]{subsubsection.4.2.5}{\376\377\000A\000d\000v\000a\000n\000t\000a\000g\000e\000s}{subsection.4.2}% 37
\BOOKMARK [3][-]{subsubsection.4.2.6}{\376\377\000A\000p\000p\000r\000o\000x\000i\000m\000a\000t\000i\000o\000n\000\040\000E\000r\000r\000o\000r}{subsection.4.2}% 38
\BOOKMARK [2][-]{subsection.4.3}{\376\377\000M\000e\000t\000h\000o\000d\000\040\0003\000:\000\040\000S\000p\000a\000t\000i\000a\000l\000-\000T\000e\000m\000p\000o\000r\000a\000l\000\040\000D\000e\000c\000o\000m\000p\000o\000s\000i\000t\000i\000o\000n\000\040\000\050\000Q\000u\000a\000n\000t\000u\000m\000\051}{section.4}% 39
\BOOKMARK [3][-]{subsubsection.4.3.1}{\376\377\000A\000l\000g\000o\000r\000i\000t\000h\000m\000\040\000O\000v\000e\000r\000v\000i\000e\000w}{subsection.4.3}% 40
\BOOKMARK [3][-]{subsubsection.4.3.2}{\376\377\000W\000h\000y\000\040\000S\000p\000a\000t\000i\000a\000l\000-\000T\000e\000m\000p\000o\000r\000a\000l\000?}{subsection.4.3}% 41
\BOOKMARK [3][-]{subsubsection.4.3.3}{\376\377\000S\000u\000b\000p\000r\000o\000b\000l\000e\000m\000\040\000F\000o\000r\000m\000u\000l\000a\000t\000i\000o\000n\000\040\000\050\000C\000l\000u\000s\000t\000e\000r\000\040\000k\000,\000\040\000P\000e\000r\000i\000o\000d\000\040\000t\000\051}{subsection.4.3}% 42
\BOOKMARK [3][-]{subsubsection.4.3.4}{\376\377\000I\000t\000e\000r\000a\000t\000i\000v\000e\000\040\000R\000e\000f\000i\000n\000e\000m\000e\000n\000t\000\040\000P\000r\000o\000c\000e\000s\000s}{subsection.4.3}% 43
\BOOKMARK [3][-]{subsubsection.4.3.5}{\376\377\000A\000d\000v\000a\000n\000t\000a\000g\000e\000s}{subsection.4.3}% 44
\BOOKMARK [3][-]{subsubsection.4.3.6}{\376\377\000A\000p\000p\000r\000o\000x\000i\000m\000a\000t\000i\000o\000n\000\040\000E\000r\000r\000o\000r}{subsection.4.3}% 45
\BOOKMARK [1][-]{section.5}{\376\377\000F\000a\000i\000r\000n\000e\000s\000s\000\040\000a\000n\000d\000\040\000C\000o\000m\000p\000a\000r\000a\000b\000i\000l\000i\000t\000y}{}% 46
\BOOKMARK [2][-]{subsection.5.1}{\376\377\000I\000d\000e\000n\000t\000i\000c\000a\000l\000\040\000P\000r\000o\000b\000l\000e\000m\000\040\000I\000n\000s\000t\000a\000n\000c\000e\000s}{section.5}% 47
\BOOKMARK [2][-]{subsection.5.2}{\376\377\000O\000b\000j\000e\000c\000t\000i\000v\000e\000\040\000E\000v\000a\000l\000u\000a\000t\000i\000o\000n}{section.5}% 48
\BOOKMARK [2][-]{subsection.5.3}{\376\377\000P\000e\000r\000f\000o\000r\000m\000a\000n\000c\000e\000\040\000M\000e\000t\000r\000i\000c\000s}{section.5}% 49
\BOOKMARK [1][-]{section.6}{\376\377\000E\000x\000p\000e\000c\000t\000e\000d\000\040\000O\000u\000t\000c\000o\000m\000e\000s}{}% 50
\BOOKMARK [2][-]{subsection.6.1}{\376\377\000S\000o\000l\000u\000t\000i\000o\000n\000\040\000Q\000u\000a\000l\000i\000t\000y}{section.6}% 51
\BOOKMARK [2][-]{subsection.6.2}{\376\377\000C\000o\000m\000p\000u\000t\000a\000t\000i\000o\000n\000\040\000T\000i\000m\000e}{section.6}% 52
\BOOKMARK [2][-]{subsection.6.3}{\376\377\000S\000c\000a\000l\000i\000n\000g\000\040\000B\000e\000h\000a\000v\000i\000o\000r}{section.6}% 53
\BOOKMARK [2][-]{subsection.6.4}{\376\377\000O\000p\000t\000i\000m\000a\000l\000i\000t\000y\000\040\000G\000a\000p\000\040\000T\000r\000e\000n\000d\000s}{section.6}% 54
\BOOKMARK [1][-]{section.7}{\376\377\000S\000t\000a\000t\000i\000s\000t\000i\000c\000a\000l\000\040\000R\000i\000g\000o\000r}{}% 55
\BOOKMARK [2][-]{subsection.7.1}{\376\377\000M\000u\000l\000t\000i\000p\000l\000e\000\040\000R\000u\000n\000s}{section.7}% 56
\BOOKMARK [2][-]{subsection.7.2}{\376\377\000W\000h\000y\000\040\000V\000a\000r\000i\000a\000b\000i\000l\000i\000t\000y\000\040\000E\000x\000i\000s\000t\000s}{section.7}% 57
\BOOKMARK [2][-]{subsection.7.3}{\376\377\000R\000e\000s\000u\000l\000t\000\040\000P\000r\000e\000s\000e\000n\000t\000a\000t\000i\000o\000n}{section.7}% 58
\BOOKMARK [1][-]{section.8}{\376\377\000V\000a\000l\000i\000d\000a\000t\000i\000o\000n\000\040\000C\000h\000e\000c\000k\000s}{}% 59
\BOOKMARK [2][-]{subsection.8.1}{\376\377\000C\000o\000n\000s\000t\000r\000a\000i\000n\000t\000\040\000S\000a\000t\000i\000s\000f\000a\000c\000t\000i\000o\000n}{section.8}% 60
\BOOKMARK [2][-]{subsection.8.2}{\376\377\000O\000b\000j\000e\000c\000t\000i\000v\000e\000\040\000C\000o\000n\000s\000i\000s\000t\000e\000n\000c\000y}{section.8}% 61
\BOOKMARK [2][-]{subsection.8.3}{\376\377\000S\000o\000l\000u\000t\000i\000o\000n\000\040\000S\000a\000n\000i\000t\000y}{section.8}% 62
\BOOKMARK [1][-]{section.9}{\376\377\000T\000w\000o\000-\000L\000e\000v\000e\000l\000\040\000O\000p\000t\000i\000m\000i\000z\000a\000t\000i\000o\000n\000:\000\040\000S\000t\000r\000a\000t\000e\000g\000i\000c\000\040\000a\000n\000d\000\040\000T\000a\000c\000t\000i\000c\000a\000l\000\040\000P\000l\000a\000n\000n\000i\000n\000g}{}% 63
\BOOKMARK [2][-]{subsection.9.1}{\376\377\000M\000o\000t\000i\000v\000a\000t\000i\000o\000n}{section.9}% 64
\BOOKMARK [2][-]{subsection.9.2}{\376\377\000T\000w\000o\000-\000L\000e\000v\000e\000l\000\040\000A\000p\000p\000r\000o\000a\000c\000h}{section.9}% 65
\BOOKMARK [2][-]{subsection.9.3}{\376\377\000P\000o\000s\000t\000-\000P\000r\000o\000c\000e\000s\000s\000i\000n\000g\000\040\000A\000l\000g\000o\000r\000i\000t\000h\000m}{section.9}% 66
\BOOKMARK [2][-]{subsection.9.4}{\376\377\000B\000e\000n\000e\000f\000i\000t\000s}{section.9}% 67
\BOOKMARK [2][-]{subsection.9.5}{\376\377\000M\000e\000t\000r\000i\000c\000s}{section.9}% 68
\BOOKMARK [2][-]{subsection.9.6}{\376\377\000R\000e\000p\000o\000r\000t\000i\000n\000g\000\040\000D\000i\000v\000e\000r\000s\000i\000t\000y\000\040\000i\000n\000\040\000R\000e\000s\000u\000l\000t\000s}{section.9}% 69
\BOOKMARK [1][-]{section.10}{\376\377\000C\000o\000n\000c\000l\000u\000s\000i\000o\000n}{}% 70
\BOOKMARK [1][-]{appendix.A}{\376\377\000P\000a\000r\000a\000m\000e\000t\000e\000r\000\040\000S\000u\000m\000m\000a\000r\000y\000\040\000T\000a\000b\000l\000e}{}% 71
\BOOKMARK [1][-]{appendix.B}{\376\377\000E\000x\000a\000m\000p\000l\000e\000\040\000C\000a\000l\000c\000u\000l\000a\000t\000i\000o\000n}{}% 72
\BOOKMARK [2][-]{subsection.B.1}{\376\377\0005\000-\000P\000l\000o\000t\000,\000\040\0002\000-\000P\000e\000r\000i\000o\000d\000\040\000E\000x\000a\000m\000p\000l\000e}{appendix.B}% 73
